#
# There is insufficient memory for the Java Runtime Environment to continue.
# Native memory allocation (malloc) failed to allocate 32744 bytes for ChunkPool::allocate
# Possible reasons:
#   The system is out of physical RAM or swap space
#   The process is running with CompressedOops enabled, and the Java Heap may be blocking the growth of the native heap
# Possible solutions:
#   Reduce memory load on the system
#   Increase physical memory or swap space
#   Check if swap backing store is full
#   Decrease Java heap size (-Xmx/-Xms)
#   Decrease number of Java threads
#   Decrease Java thread stack sizes (-Xss)
#   Set larger code cache with -XX:ReservedCodeCacheSize=
#   JVM is running with Zero Based Compressed Oops mode in which the Java heap is
#     placed in the first 32GB address space. The Java Heap base address is the
#     maximum limit for the native heap growth. Please use -XX:HeapBaseMinAddress
#     to set the Java Heap base and to place the Java Heap above 32GB virtual address.
# This output file may be truncated or incomplete.
#
#  Out of Memory Error (./src/hotspot/share/memory/arena.cpp:81), pid=3648, tid=11736
#
# JRE version: OpenJDK Runtime Environment Corretto-11.0.17.8.1 (11.0.17+8) (build 11.0.17+8-LTS)
# Java VM: OpenJDK 64-Bit Server VM Corretto-11.0.17.8.1 (11.0.17+8-LTS, mixed mode, tiered, compressed oops, g1 gc, windows-amd64)
# No core dump will be written. Minidumps are not enabled by default on client versions of Windows
#

---------------  S U M M A R Y ------------

Command Line: -XX:TieredStopAtLevel=1 -Xverify:none -Dspring.output.ansi.enabled=always -Dcom.sun.management.jmxremote -Dspring.jmx.enabled=true -Dspring.liveBeansView.mbeanDomain -Dspring.application.admin.enabled=true -javaagent:D:\Learn\IntelliJ IDEA 2022.1.1\lib\idea_rt.jar=57560:D:\Learn\IntelliJ IDEA 2022.1.1/bin -Dfile.encoding=UTF-8 com.example.doctorcare.DoctorCareApplication

Host: AMD Ryzen 7 3750H with Radeon Vega Mobile Gfx  , 8 cores, 15G,  Windows 11 , 64 bit Build 22621 (10.0.22621.608)
Time: Mon Oct 31 17:48:12 2022 SE Asia Standard Time elapsed time: 11.294356 seconds (0d 0h 0m 11s)

---------------  T H R E A D  ---------------

Current thread (0x000002b1e8d9d800):  JavaThread "restartedMain" [_thread_in_vm, id=11736, stack(0x000000bced900000,0x000000bceda00000)]

Stack: [0x000000bced900000,0x000000bceda00000]
Native frames: (J=compiled Java code, j=interpreted, Vv=VM code, C=native code)
V  [jvm.dll+0x61f66a]
V  [jvm.dll+0x7ac889]
V  [jvm.dll+0x7adf78]
V  [jvm.dll+0x7ae653]
V  [jvm.dll+0x24fbe8]
V  [jvm.dll+0xc288b]
V  [jvm.dll+0xc2bec]
V  [jvm.dll+0x25764a]
V  [jvm.dll+0x256e4a]
V  [jvm.dll+0x256516]
V  [jvm.dll+0x1c72b9]
V  [jvm.dll+0x1c679e]
V  [jvm.dll+0x4f38c2]
V  [jvm.dll+0x745189]
V  [jvm.dll+0x3f4978]
V  [jvm.dll+0x3fac6b]
C  [java.dll+0x19c8]

Java frames: (J=compiled Java code, j=interpreted, Vv=VM code)
J 1543  java.lang.ClassLoader.defineClass1(Ljava/lang/ClassLoader;Ljava/lang/String;[BIILjava/security/ProtectionDomain;Ljava/lang/String;)Ljava/lang/Class; java.base@11.0.17 (0 bytes) @ 0x000002b1cc34cf8b [0x000002b1cc34cec0+0x00000000000000cb]
J 1542 c1 java.lang.ClassLoader.defineClass(Ljava/lang/String;[BIILjava/security/ProtectionDomain;)Ljava/lang/Class; java.base@11.0.17 (43 bytes) @ 0x000002b1cc34ff8c [0x000002b1cc34fe80+0x000000000000010c]
J 1315 c1 jdk.internal.loader.BuiltinClassLoader.defineClass(Ljava/lang/String;Ljdk/internal/loader/Resource;)Ljava/lang/Class; java.base@11.0.17 (121 bytes) @ 0x000002b1cc2f247c [0x000002b1cc2f1ec0+0x00000000000005bc]
J 1306 c1 jdk.internal.loader.BuiltinClassLoader.findClassOnClassPathOrNull(Ljava/lang/String;)Ljava/lang/Class; java.base@11.0.17 (64 bytes) @ 0x000002b1cc2ed76c [0x000002b1cc2ed6a0+0x00000000000000cc]
J 1150 c1 jdk.internal.loader.BuiltinClassLoader.loadClassOrNull(Ljava/lang/String;Z)Ljava/lang/Class; java.base@11.0.17 (143 bytes) @ 0x000002b1cc2a6934 [0x000002b1cc2a6420+0x0000000000000514]
J 1240 c1 jdk.internal.loader.ClassLoaders$AppClassLoader.loadClass(Ljava/lang/String;Z)Ljava/lang/Class; java.base@11.0.17 (40 bytes) @ 0x000002b1cc2cfdcc [0x000002b1cc2cfc80+0x000000000000014c]
J 1237 c1 java.lang.ClassLoader.loadClass(Ljava/lang/String;)Ljava/lang/Class; java.base@11.0.17 (7 bytes) @ 0x000002b1cc2cf284 [0x000002b1cc2cf240+0x0000000000000044]
v  ~StubRoutines::call_stub
J 2831  java.lang.Class.getDeclaredMethods0(Z)[Ljava/lang/reflect/Method; java.base@11.0.17 (0 bytes) @ 0x000002b1cc54dc0b [0x000002b1cc54dbc0+0x000000000000004b]
J 1764 c1 java.lang.Class.privateGetDeclaredMethods(Z)[Ljava/lang/reflect/Method; java.base@11.0.17 (64 bytes) @ 0x000002b1cc3a0524 [0x000002b1cc3a0480+0x00000000000000a4]
J 3553 c1 org.springframework.util.ReflectionUtils.getDeclaredMethods(Ljava/lang/Class;Z)[Ljava/lang/reflect/Method; (209 bytes) @ 0x000002b1cc690afc [0x000002b1cc690a00+0x00000000000000fc]
J 3848 c1 org.springframework.util.ReflectionUtils.doWithLocalMethods(Ljava/lang/Class;Lorg/springframework/util/ReflectionUtils$MethodCallback;)V (89 bytes) @ 0x000002b1cc70c484 [0x000002b1cc70c460+0x0000000000000024]
J 7267 c1 org.springframework.orm.jpa.support.PersistenceAnnotationBeanPostProcessor.buildPersistenceMetadata(Ljava/lang/Class;)Lorg/springframework/beans/factory/annotation/InjectionMetadata; (103 bytes) @ 0x000002b1cccb1b14 [0x000002b1cccb1500+0x0000000000000614]
J 6404 c1 org.springframework.orm.jpa.support.PersistenceAnnotationBeanPostProcessor.findPersistenceMetadata(Ljava/lang/String;Ljava/lang/Class;Lorg/springframework/beans/PropertyValues;)Lorg/springframework/beans/factory/annotation/InjectionMetadata; (124 bytes) @ 0x000002b1ccafff4c [0x000002b1ccaffbc0+0x000000000000038c]
J 7271 c1 org.springframework.orm.jpa.support.PersistenceAnnotationBeanPostProcessor.postProcessMergedBeanDefinition(Lorg/springframework/beans/factory/support/RootBeanDefinition;Ljava/lang/Class;Ljava/lang/String;)V (16 bytes) @ 0x000002b1cccb5224 [0x000002b1cccb51e0+0x0000000000000044]
J 7199 c1 org.springframework.beans.factory.support.AbstractAutowireCapableBeanFactory.applyMergedBeanDefinitionPostProcessors(Lorg/springframework/beans/factory/support/RootBeanDefinition;Ljava/lang/Class;Ljava/lang/String;)V (50 bytes) @ 0x000002b1ccc84774 [0x000002b1ccc84680+0x00000000000000f4]
J 7176 c1 org.springframework.beans.factory.support.AbstractAutowireCapableBeanFactory.doCreateBean(Ljava/lang/String;Lorg/springframework/beans/factory/support/RootBeanDefinition;[Ljava/lang/Object;)Ljava/lang/Object; (507 bytes) @ 0x000002b1ccc745b4 [0x000002b1ccc74260+0x0000000000000354]
J 7175 c1 org.springframework.beans.factory.support.AbstractAutowireCapableBeanFactory.createBean(Ljava/lang/String;Lorg/springframework/beans/factory/support/RootBeanDefinition;[Ljava/lang/Object;)Ljava/lang/Object; (247 bytes) @ 0x000002b1ccc7277c [0x000002b1ccc72120+0x000000000000065c]
J 7360 c1 org.springframework.beans.factory.support.AbstractBeanFactory$$Lambda$326.getObject()Ljava/lang/Object; (20 bytes) @ 0x000002b1cccd514c [0x000002b1cccd50e0+0x000000000000006c]
J 7359 c1 org.springframework.beans.factory.support.DefaultSingletonBeanRegistry.getSingleton(Ljava/lang/String;Lorg/springframework/beans/factory/ObjectFactory;)Ljava/lang/Object; (297 bytes) @ 0x000002b1cccd39f4 [0x000002b1cccd3480+0x0000000000000574]
J 3296 c1 org.springframework.beans.factory.support.AbstractBeanFactory.doGetBean(Ljava/lang/String;Ljava/lang/Class;[Ljava/lang/Object;Z)Ljava/lang/Object; (832 bytes) @ 0x000002b1cc610d6c [0x000002b1cc6106e0+0x000000000000068c]
J 6769 c1 org.springframework.beans.factory.support.AbstractBeanFactory.getBean(Ljava/lang/String;)Ljava/lang/Object; (9 bytes) @ 0x000002b1ccb9a20c [0x000002b1ccb9a1c0+0x000000000000004c]
j  org.springframework.beans.factory.support.DefaultListableBeanFactory.preInstantiateSingletons()V+248
j  org.springframework.context.support.AbstractApplicationContext.finishBeanFactoryInitialization(Lorg/springframework/beans/factory/config/ConfigurableListableBeanFactory;)V+124
j  org.springframework.context.support.AbstractApplicationContext.refresh()V+86
j  org.springframework.boot.web.servlet.context.ServletWebServerApplicationContext.refresh()V+1
j  org.springframework.boot.SpringApplication.refresh(Lorg/springframework/context/ConfigurableApplicationContext;)V+1
j  org.springframework.boot.SpringApplication.refreshContext(Lorg/springframework/context/ConfigurableApplicationContext;)V+16
j  org.springframework.boot.SpringApplication.run([Ljava/lang/String;)Lorg/springframework/context/ConfigurableApplicationContext;+107
j  org.springframework.boot.SpringApplication.run([Ljava/lang/Class;[Ljava/lang/String;)Lorg/springframework/context/ConfigurableApplicationContext;+9
j  org.springframework.boot.SpringApplication.run(Ljava/lang/Class;[Ljava/lang/String;)Lorg/springframework/context/ConfigurableApplicationContext;+9
j  com.example.doctorcare.DoctorCareApplication.main([Ljava/lang/String;)V+3
v  ~StubRoutines::call_stub
j  jdk.internal.reflect.NativeMethodAccessorImpl.invoke0(Ljava/lang/reflect/Method;Ljava/lang/Object;[Ljava/lang/Object;)Ljava/lang/Object;+0 java.base@11.0.17
j  jdk.internal.reflect.NativeMethodAccessorImpl.invoke(Ljava/lang/Object;[Ljava/lang/Object;)Ljava/lang/Object;+100 java.base@11.0.17
j  jdk.internal.reflect.DelegatingMethodAccessorImpl.invoke(Ljava/lang/Object;[Ljava/lang/Object;)Ljava/lang/Object;+6 java.base@11.0.17
j  java.lang.reflect.Method.invoke(Ljava/lang/Object;[Ljava/lang/Object;)Ljava/lang/Object;+59 java.base@11.0.17
j  org.springframework.boot.devtools.restart.RestartLauncher.run()V+42
v  ~StubRoutines::call_stub

---------------  P R O C E S S  ---------------

Threads class SMR info:
_java_thread_list=0x000002b1edf84240, length=23, elements={
0x000002b1c3271000, 0x000002b1e6db6800, 0x000002b1e766c800, 0x000002b1e76b5800,
0x000002b1e76b6800, 0x000002b1e76b8800, 0x000002b1e76bc000, 0x000002b1e76c2000,
0x000002b1e77fe000, 0x000002b1e7f15000, 0x000002b1e807c000, 0x000002b1e8d9c800,
0x000002b1e8d9d800, 0x000002b1e8dd8000, 0x000002b1e8de3800, 0x000002b1eb6c1000,
0x000002b1e7806000, 0x000002b1ebac7000, 0x000002b1ebac6800, 0x000002b1edb55800,
0x000002b1edb59000, 0x000002b1edb58000, 0x000002b1edb53800
}

Java Threads: ( => current thread )
  0x000002b1c3271000 JavaThread "main" [_thread_blocked, id=17392, stack(0x000000bcec000000,0x000000bcec100000)]
  0x000002b1e6db6800 JavaThread "Reference Handler" daemon [_thread_blocked, id=14068, stack(0x000000bcec700000,0x000000bcec800000)]
  0x000002b1e766c800 JavaThread "Finalizer" daemon [_thread_blocked, id=19320, stack(0x000000bcec800000,0x000000bcec900000)]
  0x000002b1e76b5800 JavaThread "Signal Dispatcher" daemon [_thread_blocked, id=13164, stack(0x000000bcec900000,0x000000bceca00000)]
  0x000002b1e76b6800 JavaThread "Attach Listener" daemon [_thread_blocked, id=3008, stack(0x000000bceca00000,0x000000bcecb00000)]
  0x000002b1e76b8800 JavaThread "Service Thread" daemon [_thread_blocked, id=12480, stack(0x000000bcecb00000,0x000000bcecc00000)]
  0x000002b1e76bc000 JavaThread "C1 CompilerThread0" daemon [_thread_blocked, id=5064, stack(0x000000bcecc00000,0x000000bcecd00000)]
  0x000002b1e76c2000 JavaThread "Sweeper thread" daemon [_thread_blocked, id=15140, stack(0x000000bcecd00000,0x000000bcece00000)]
  0x000002b1e77fe000 JavaThread "Common-Cleaner" daemon [_thread_blocked, id=16912, stack(0x000000bcece00000,0x000000bcecf00000)]
  0x000002b1e7f15000 JavaThread "Monitor Ctrl-Break" daemon [_thread_in_native, id=1164, stack(0x000000bcecf00000,0x000000bced000000)]
  0x000002b1e807c000 JavaThread "RMI TCP Accept-0" daemon [_thread_in_native, id=17716, stack(0x000000bced000000,0x000000bced100000)]
  0x000002b1e8d9c800 JavaThread "Thread-0" [_thread_blocked, id=18920, stack(0x000000bced800000,0x000000bced900000)]
=>0x000002b1e8d9d800 JavaThread "restartedMain" [_thread_in_vm, id=11736, stack(0x000000bced900000,0x000000bceda00000)]
  0x000002b1e8dd8000 JavaThread "RMI TCP Connection(2)-192.168.0.5" daemon [_thread_in_native, id=5672, stack(0x000000bceda00000,0x000000bcedb00000)]
  0x000002b1e8de3800 JavaThread "RMI Scheduler(0)" daemon [_thread_blocked, id=10292, stack(0x000000bcedb00000,0x000000bcedc00000)]
  0x000002b1eb6c1000 JavaThread "mysql-cj-abandoned-connection-cleanup" daemon [_thread_blocked, id=13952, stack(0x000000bcedc00000,0x000000bcedd00000)]
  0x000002b1e7806000 JavaThread "HikariPool-1 housekeeper" daemon [_thread_blocked, id=16612, stack(0x000000bcee100000,0x000000bcee200000)]
  0x000002b1ebac7000 JavaThread "HikariPool-1 connection adder" daemon [_thread_in_native, id=8104, stack(0x000000bcee200000,0x000000bcee300000)]
  0x000002b1ebac6800 JavaThread "RMI TCP Connection(3)-192.168.0.5" daemon [_thread_in_native, id=9872, stack(0x000000bcee300000,0x000000bcee400000)]
  0x000002b1edb55800 JavaThread "Catalina-utility-1" [_thread_blocked, id=13664, stack(0x000000bcee400000,0x000000bcee500000)]
  0x000002b1edb59000 JavaThread "Catalina-utility-2" [_thread_blocked, id=12872, stack(0x000000bcee500000,0x000000bcee600000)]
  0x000002b1edb58000 JavaThread "container-0" [_thread_blocked, id=3644, stack(0x000000bcee600000,0x000000bcee700000)]
  0x000002b1edb53800 JavaThread "lettuce-timer-3-1" daemon [_thread_blocked, id=12736, stack(0x000000bcee800000,0x000000bcee900000)]

Other Threads:
  0x000002b1e6db3800 VMThread "VM Thread" [stack: 0x000000bcec600000,0x000000bcec700000] [id=19028]
  0x000002b1e806e800 WatcherThread [stack: 0x000000bced100000,0x000000bced200000] [id=8748]
  0x000002b1c328a800 GCTaskThread "GC Thread#0" [stack: 0x000000bcec100000,0x000000bcec200000] [id=15192]
  0x000002b1e8c40000 GCTaskThread "GC Thread#1" [stack: 0x000000bced200000,0x000000bced300000] [id=2912]
  0x000002b1e8cb3000 GCTaskThread "GC Thread#2" [stack: 0x000000bced300000,0x000000bced400000] [id=6296]
  0x000002b1e8cb4000 GCTaskThread "GC Thread#3" [stack: 0x000000bced400000,0x000000bced500000] [id=3176]
  0x000002b1e8cb5000 GCTaskThread "GC Thread#4" [stack: 0x000000bced500000,0x000000bced600000] [id=17532]
  0x000002b1e8cb6000 GCTaskThread "GC Thread#5" [stack: 0x000000bced600000,0x000000bced700000] [id=8428]
  0x000002b1e8fe9800 GCTaskThread "GC Thread#6" [stack: 0x000000bcedd00000,0x000000bcede00000] [id=10396]
  0x000002b1e8fe1000 GCTaskThread "GC Thread#7" [stack: 0x000000bcede00000,0x000000bcedf00000] [id=17744]
  0x000002b1c32e4800 ConcurrentGCThread "G1 Main Marker" [stack: 0x000000bcec200000,0x000000bcec300000] [id=13272]
  0x000002b1c32e6800 ConcurrentGCThread "G1 Conc#0" [stack: 0x000000bcec300000,0x000000bcec400000] [id=12128]
  0x000002b1e8f0f800 ConcurrentGCThread "G1 Conc#1" [stack: 0x000000bcedf00000,0x000000bcee000000] [id=1580]
  0x000002b1e6c9a000 ConcurrentGCThread "G1 Refine#0" [stack: 0x000000bcec400000,0x000000bcec500000] [id=15376]
  0x000002b1e79b3000 ConcurrentGCThread "G1 Refine#1" [stack: 0x000000bced700000,0x000000bced800000] [id=6260]
  0x000002b1eddac800 ConcurrentGCThread "G1 Refine#2" [stack: 0x000000bcee700000,0x000000bcee800000] [id=16900]
  0x000002b1e6c9e000 ConcurrentGCThread "G1 Young RemSet Sampling" [stack: 0x000000bcec500000,0x000000bcec600000] [id=15044]

Threads with active compile tasks:

VM state:not at safepoint (normal execution)

VM Mutex/Monitor currently owned by a thread: None

Heap address: 0x0000000705000000, size: 4016 MB, Compressed Oops mode: Zero based, Oop shift amount: 3
Narrow klass base: 0x0000000800000000, Narrow klass shift: 0
Compressed class space size: 1073741824 Address: 0x0000000800000000

Heap:
 garbage-first heap   total 310272K, used 133622K [0x0000000705000000, 0x0000000800000000)
  region size 1024K, 101 young (103424K), 11 survivors (11264K)
 Metaspace       used 76772K, capacity 79366K, committed 79696K, reserved 1118208K
  class space    used 10045K, capacity 11041K, committed 11168K, reserved 1048576K
Heap Regions: E=young(eden), S=young(survivor), O=old, HS=humongous(starts), HC=humongous(continues), CS=collection set, F=free, A=archive, TAMS=top-at-mark-start (previous, next)
|   0|0x0000000705000000, 0x0000000705100000, 0x0000000705100000|100%|HS|  |TAMS 0x0000000705100000, 0x0000000705000000| Complete 
|   1|0x0000000705100000, 0x0000000705200000, 0x0000000705200000|100%| O|  |TAMS 0x0000000705200000, 0x0000000705100000| Untracked 
|   2|0x0000000705200000, 0x0000000705300000, 0x0000000705300000|100%| O|  |TAMS 0x0000000705300000, 0x0000000705200000| Untracked 
|   3|0x0000000705300000, 0x0000000705400000, 0x0000000705400000|100%| O|  |TAMS 0x0000000705400000, 0x0000000705300000| Untracked 
|   4|0x0000000705400000, 0x0000000705500000, 0x0000000705500000|100%| O|  |TAMS 0x0000000705500000, 0x0000000705400000| Untracked 
|   5|0x0000000705500000, 0x0000000705600000, 0x0000000705600000|100%| O|  |TAMS 0x0000000705600000, 0x0000000705500000| Untracked 
|   6|0x0000000705600000, 0x0000000705700000, 0x0000000705700000|100%| O|  |TAMS 0x0000000705700000, 0x0000000705600000| Untracked 
|   7|0x0000000705700000, 0x0000000705800000, 0x0000000705800000|100%| O|  |TAMS 0x0000000705800000, 0x0000000705700000| Untracked 
|   8|0x0000000705800000, 0x0000000705900000, 0x0000000705900000|100%| O|  |TAMS 0x0000000705900000, 0x0000000705800000| Untracked 
|   9|0x0000000705900000, 0x0000000705a00000, 0x0000000705a00000|100%| O|  |TAMS 0x0000000705a00000, 0x0000000705900000| Untracked 
|  10|0x0000000705a00000, 0x0000000705b00000, 0x0000000705b00000|100%| O|  |TAMS 0x0000000705b00000, 0x0000000705a00000| Untracked 
|  11|0x0000000705b00000, 0x0000000705c00000, 0x0000000705c00000|100%| O|  |TAMS 0x0000000705c00000, 0x0000000705b00000| Untracked 
|  12|0x0000000705c00000, 0x0000000705d00000, 0x0000000705d00000|100%| O|  |TAMS 0x0000000705d00000, 0x0000000705c00000| Untracked 
|  13|0x0000000705d00000, 0x0000000705e00000, 0x0000000705e00000|100%| O|  |TAMS 0x0000000705e00000, 0x0000000705d00000| Untracked 
|  14|0x0000000705e00000, 0x0000000705f00000, 0x0000000705f00000|100%| O|  |TAMS 0x0000000705f00000, 0x0000000705e00000| Untracked 
|  15|0x0000000705f00000, 0x0000000706000000, 0x0000000706000000|100%| O|  |TAMS 0x0000000706000000, 0x0000000705f00000| Untracked 
|  16|0x0000000706000000, 0x0000000706100000, 0x0000000706100000|100%| O|  |TAMS 0x0000000706100000, 0x0000000706000000| Untracked 
|  17|0x0000000706100000, 0x0000000706200000, 0x0000000706200000|100%| O|  |TAMS 0x0000000706200000, 0x0000000706100000| Untracked 
|  18|0x0000000706200000, 0x0000000706300000, 0x0000000706300000|100%| O|  |TAMS 0x0000000706300000, 0x0000000706200000| Untracked 
|  19|0x0000000706300000, 0x0000000706400000, 0x0000000706400000|100%| O|  |TAMS 0x0000000706400000, 0x0000000706300000| Untracked 
|  20|0x0000000706400000, 0x0000000706500000, 0x0000000706500000|100%| O|  |TAMS 0x0000000706500000, 0x0000000706400000| Untracked 
|  21|0x0000000706500000, 0x0000000706600000, 0x0000000706600000|100%| O|  |TAMS 0x0000000706600000, 0x0000000706500000| Untracked 
|  22|0x0000000706600000, 0x0000000706700000, 0x0000000706700000|100%| O|  |TAMS 0x0000000706700000, 0x0000000706600000| Untracked 
|  23|0x0000000706700000, 0x0000000706800000, 0x0000000706800000|100%| O|  |TAMS 0x0000000706800000, 0x0000000706700000| Untracked 
|  24|0x0000000706800000, 0x0000000706800000, 0x0000000706900000|  0%| F|  |TAMS 0x0000000706800000, 0x0000000706800000| Untracked 
|  25|0x0000000706900000, 0x0000000706a00000, 0x0000000706a00000|100%| O|  |TAMS 0x0000000706a00000, 0x0000000706900000| Untracked 
|  26|0x0000000706a00000, 0x0000000706b00000, 0x0000000706b00000|100%| O|  |TAMS 0x0000000706b00000, 0x0000000706a00000| Untracked 
|  27|0x0000000706b00000, 0x0000000706c00000, 0x0000000706c00000|100%| O|  |TAMS 0x0000000706c00000, 0x0000000706b00000| Untracked 
|  28|0x0000000706c00000, 0x0000000706d00000, 0x0000000706d00000|100%| O|  |TAMS 0x0000000706d00000, 0x0000000706c00000| Untracked 
|  29|0x0000000706d00000, 0x0000000706e00000, 0x0000000706e00000|100%| O|  |TAMS 0x0000000706e00000, 0x0000000706d00000| Untracked 
|  30|0x0000000706e00000, 0x0000000706f00000, 0x0000000706f00000|100%| O|  |TAMS 0x0000000706f00000, 0x0000000706e00000| Untracked 
|  31|0x0000000706f00000, 0x0000000707000000, 0x0000000707000000|100%| O|  |TAMS 0x0000000707000000, 0x0000000706f00000| Untracked 
|  32|0x0000000707000000, 0x0000000707028200, 0x0000000707100000| 15%| O|  |TAMS 0x0000000707028200, 0x0000000707000000| Untracked 
|  33|0x0000000707100000, 0x0000000707100000, 0x0000000707200000|  0%| F|  |TAMS 0x0000000707100000, 0x0000000707100000| Untracked 
|  34|0x0000000707200000, 0x0000000707200000, 0x0000000707300000|  0%| F|  |TAMS 0x0000000707200000, 0x0000000707200000| Untracked 
|  35|0x0000000707300000, 0x0000000707300000, 0x0000000707400000|  0%| F|  |TAMS 0x0000000707300000, 0x0000000707300000| Untracked 
|  36|0x0000000707400000, 0x0000000707400000, 0x0000000707500000|  0%| F|  |TAMS 0x0000000707400000, 0x0000000707400000| Untracked 
|  37|0x0000000707500000, 0x0000000707500000, 0x0000000707600000|  0%| F|  |TAMS 0x0000000707500000, 0x0000000707500000| Untracked 
|  38|0x0000000707600000, 0x0000000707600000, 0x0000000707700000|  0%| F|  |TAMS 0x0000000707600000, 0x0000000707600000| Untracked 
|  39|0x0000000707700000, 0x0000000707700000, 0x0000000707800000|  0%| F|  |TAMS 0x0000000707700000, 0x0000000707700000| Untracked 
|  40|0x0000000707800000, 0x0000000707800000, 0x0000000707900000|  0%| F|  |TAMS 0x0000000707800000, 0x0000000707800000| Untracked 
|  41|0x0000000707900000, 0x0000000707900000, 0x0000000707a00000|  0%| F|  |TAMS 0x0000000707900000, 0x0000000707900000| Untracked 
|  42|0x0000000707a00000, 0x0000000707a00000, 0x0000000707b00000|  0%| F|  |TAMS 0x0000000707a00000, 0x0000000707a00000| Untracked 
|  43|0x0000000707b00000, 0x0000000707b00000, 0x0000000707c00000|  0%| F|  |TAMS 0x0000000707b00000, 0x0000000707b00000| Untracked 
|  44|0x0000000707c00000, 0x0000000707c00000, 0x0000000707d00000|  0%| F|  |TAMS 0x0000000707c00000, 0x0000000707c00000| Untracked 
|  45|0x0000000707d00000, 0x0000000707d00000, 0x0000000707e00000|  0%| F|  |TAMS 0x0000000707d00000, 0x0000000707d00000| Untracked 
|  46|0x0000000707e00000, 0x0000000707e00000, 0x0000000707f00000|  0%| F|  |TAMS 0x0000000707e00000, 0x0000000707e00000| Untracked 
|  47|0x0000000707f00000, 0x0000000707f00000, 0x0000000708000000|  0%| F|  |TAMS 0x0000000707f00000, 0x0000000707f00000| Untracked 
|  48|0x0000000708000000, 0x0000000708000000, 0x0000000708100000|  0%| F|  |TAMS 0x0000000708000000, 0x0000000708000000| Untracked 
|  49|0x0000000708100000, 0x0000000708100000, 0x0000000708200000|  0%| F|  |TAMS 0x0000000708100000, 0x0000000708100000| Untracked 
|  50|0x0000000708200000, 0x0000000708200000, 0x0000000708300000|  0%| F|  |TAMS 0x0000000708200000, 0x0000000708200000| Untracked 
|  51|0x0000000708300000, 0x0000000708300000, 0x0000000708400000|  0%| F|  |TAMS 0x0000000708300000, 0x0000000708300000| Untracked 
|  52|0x0000000708400000, 0x0000000708400000, 0x0000000708500000|  0%| F|  |TAMS 0x0000000708400000, 0x0000000708400000| Untracked 
|  53|0x0000000708500000, 0x0000000708500000, 0x0000000708600000|  0%| F|  |TAMS 0x0000000708500000, 0x0000000708500000| Untracked 
|  54|0x0000000708600000, 0x0000000708600000, 0x0000000708700000|  0%| F|  |TAMS 0x0000000708600000, 0x0000000708600000| Untracked 
|  55|0x0000000708700000, 0x0000000708700000, 0x0000000708800000|  0%| F|  |TAMS 0x0000000708700000, 0x0000000708700000| Untracked 
|  56|0x0000000708800000, 0x0000000708800000, 0x0000000708900000|  0%| F|  |TAMS 0x0000000708800000, 0x0000000708800000| Untracked 
|  57|0x0000000708900000, 0x0000000708900000, 0x0000000708a00000|  0%| F|  |TAMS 0x0000000708900000, 0x0000000708900000| Untracked 
|  58|0x0000000708a00000, 0x0000000708a00000, 0x0000000708b00000|  0%| F|  |TAMS 0x0000000708a00000, 0x0000000708a00000| Untracked 
|  59|0x0000000708b00000, 0x0000000708b00000, 0x0000000708c00000|  0%| F|  |TAMS 0x0000000708b00000, 0x0000000708b00000| Untracked 
|  60|0x0000000708c00000, 0x0000000708c00000, 0x0000000708d00000|  0%| F|  |TAMS 0x0000000708c00000, 0x0000000708c00000| Untracked 
|  61|0x0000000708d00000, 0x0000000708d00000, 0x0000000708e00000|  0%| F|  |TAMS 0x0000000708d00000, 0x0000000708d00000| Untracked 
|  62|0x0000000708e00000, 0x0000000708e00000, 0x0000000708f00000|  0%| F|  |TAMS 0x0000000708e00000, 0x0000000708e00000| Untracked 
|  63|0x0000000708f00000, 0x0000000708f00000, 0x0000000709000000|  0%| F|  |TAMS 0x0000000708f00000, 0x0000000708f00000| Untracked 
|  64|0x0000000709000000, 0x0000000709000000, 0x0000000709100000|  0%| F|  |TAMS 0x0000000709000000, 0x0000000709000000| Untracked 
|  65|0x0000000709100000, 0x0000000709100000, 0x0000000709200000|  0%| F|  |TAMS 0x0000000709100000, 0x0000000709100000| Untracked 
|  66|0x0000000709200000, 0x0000000709200000, 0x0000000709300000|  0%| F|  |TAMS 0x0000000709200000, 0x0000000709200000| Untracked 
|  67|0x0000000709300000, 0x0000000709300000, 0x0000000709400000|  0%| F|  |TAMS 0x0000000709300000, 0x0000000709300000| Untracked 
|  68|0x0000000709400000, 0x0000000709400000, 0x0000000709500000|  0%| F|  |TAMS 0x0000000709400000, 0x0000000709400000| Untracked 
|  69|0x0000000709500000, 0x0000000709500000, 0x0000000709600000|  0%| F|  |TAMS 0x0000000709500000, 0x0000000709500000| Untracked 
|  70|0x0000000709600000, 0x0000000709600000, 0x0000000709700000|  0%| F|  |TAMS 0x0000000709600000, 0x0000000709600000| Untracked 
|  71|0x0000000709700000, 0x0000000709700000, 0x0000000709800000|  0%| F|  |TAMS 0x0000000709700000, 0x0000000709700000| Untracked 
|  72|0x0000000709800000, 0x0000000709800000, 0x0000000709900000|  0%| F|  |TAMS 0x0000000709800000, 0x0000000709800000| Untracked 
|  73|0x0000000709900000, 0x0000000709900000, 0x0000000709a00000|  0%| F|  |TAMS 0x0000000709900000, 0x0000000709900000| Untracked 
|  74|0x0000000709a00000, 0x0000000709a00000, 0x0000000709b00000|  0%| F|  |TAMS 0x0000000709a00000, 0x0000000709a00000| Untracked 
|  75|0x0000000709b00000, 0x0000000709b00000, 0x0000000709c00000|  0%| F|  |TAMS 0x0000000709b00000, 0x0000000709b00000| Untracked 
|  76|0x0000000709c00000, 0x0000000709c00000, 0x0000000709d00000|  0%| F|  |TAMS 0x0000000709c00000, 0x0000000709c00000| Untracked 
|  77|0x0000000709d00000, 0x0000000709d00000, 0x0000000709e00000|  0%| F|  |TAMS 0x0000000709d00000, 0x0000000709d00000| Untracked 
|  78|0x0000000709e00000, 0x0000000709e00000, 0x0000000709f00000|  0%| F|  |TAMS 0x0000000709e00000, 0x0000000709e00000| Untracked 
|  79|0x0000000709f00000, 0x0000000709f00000, 0x000000070a000000|  0%| F|  |TAMS 0x0000000709f00000, 0x0000000709f00000| Untracked 
|  80|0x000000070a000000, 0x000000070a000000, 0x000000070a100000|  0%| F|  |TAMS 0x000000070a000000, 0x000000070a000000| Untracked 
|  81|0x000000070a100000, 0x000000070a100000, 0x000000070a200000|  0%| F|  |TAMS 0x000000070a100000, 0x000000070a100000| Untracked 
|  82|0x000000070a200000, 0x000000070a200000, 0x000000070a300000|  0%| F|  |TAMS 0x000000070a200000, 0x000000070a200000| Untracked 
|  83|0x000000070a300000, 0x000000070a300000, 0x000000070a400000|  0%| F|  |TAMS 0x000000070a300000, 0x000000070a300000| Untracked 
|  84|0x000000070a400000, 0x000000070a400000, 0x000000070a500000|  0%| F|  |TAMS 0x000000070a400000, 0x000000070a400000| Untracked 
|  85|0x000000070a500000, 0x000000070a500000, 0x000000070a600000|  0%| F|  |TAMS 0x000000070a500000, 0x000000070a500000| Untracked 
|  86|0x000000070a600000, 0x000000070a600000, 0x000000070a700000|  0%| F|  |TAMS 0x000000070a600000, 0x000000070a600000| Untracked 
|  87|0x000000070a700000, 0x000000070a700000, 0x000000070a800000|  0%| F|  |TAMS 0x000000070a700000, 0x000000070a700000| Untracked 
|  88|0x000000070a800000, 0x000000070a800000, 0x000000070a900000|  0%| F|  |TAMS 0x000000070a800000, 0x000000070a800000| Untracked 
|  89|0x000000070a900000, 0x000000070a900000, 0x000000070aa00000|  0%| F|  |TAMS 0x000000070a900000, 0x000000070a900000| Untracked 
|  90|0x000000070aa00000, 0x000000070aa00000, 0x000000070ab00000|  0%| F|  |TAMS 0x000000070aa00000, 0x000000070aa00000| Untracked 
|  91|0x000000070ab00000, 0x000000070ab00000, 0x000000070ac00000|  0%| F|  |TAMS 0x000000070ab00000, 0x000000070ab00000| Untracked 
|  92|0x000000070ac00000, 0x000000070ac00000, 0x000000070ad00000|  0%| F|  |TAMS 0x000000070ac00000, 0x000000070ac00000| Untracked 
|  93|0x000000070ad00000, 0x000000070ad00000, 0x000000070ae00000|  0%| F|  |TAMS 0x000000070ad00000, 0x000000070ad00000| Untracked 
|  94|0x000000070ae00000, 0x000000070ae00000, 0x000000070af00000|  0%| F|  |TAMS 0x000000070ae00000, 0x000000070ae00000| Untracked 
|  95|0x000000070af00000, 0x000000070af00000, 0x000000070b000000|  0%| F|  |TAMS 0x000000070af00000, 0x000000070af00000| Untracked 
|  96|0x000000070b000000, 0x000000070b000000, 0x000000070b100000|  0%| F|  |TAMS 0x000000070b000000, 0x000000070b000000| Untracked 
|  97|0x000000070b100000, 0x000000070b100000, 0x000000070b200000|  0%| F|  |TAMS 0x000000070b100000, 0x000000070b100000| Untracked 
|  98|0x000000070b200000, 0x000000070b200000, 0x000000070b300000|  0%| F|  |TAMS 0x000000070b200000, 0x000000070b200000| Untracked 
|  99|0x000000070b300000, 0x000000070b300000, 0x000000070b400000|  0%| F|  |TAMS 0x000000070b300000, 0x000000070b300000| Untracked 
| 100|0x000000070b400000, 0x000000070b400000, 0x000000070b500000|  0%| F|  |TAMS 0x000000070b400000, 0x000000070b400000| Untracked 
| 101|0x000000070b500000, 0x000000070b500000, 0x000000070b600000|  0%| F|  |TAMS 0x000000070b500000, 0x000000070b500000| Untracked 
| 102|0x000000070b600000, 0x000000070b600000, 0x000000070b700000|  0%| F|  |TAMS 0x000000070b600000, 0x000000070b600000| Untracked 
| 103|0x000000070b700000, 0x000000070b700000, 0x000000070b800000|  0%| F|  |TAMS 0x000000070b700000, 0x000000070b700000| Untracked 
| 104|0x000000070b800000, 0x000000070b800000, 0x000000070b900000|  0%| F|  |TAMS 0x000000070b800000, 0x000000070b800000| Untracked 
| 105|0x000000070b900000, 0x000000070b900000, 0x000000070ba00000|  0%| F|  |TAMS 0x000000070b900000, 0x000000070b900000| Untracked 
| 106|0x000000070ba00000, 0x000000070ba00000, 0x000000070bb00000|  0%| F|  |TAMS 0x000000070ba00000, 0x000000070ba00000| Untracked 
| 107|0x000000070bb00000, 0x000000070bb00000, 0x000000070bc00000|  0%| F|  |TAMS 0x000000070bb00000, 0x000000070bb00000| Untracked 
| 108|0x000000070bc00000, 0x000000070bc00000, 0x000000070bd00000|  0%| F|  |TAMS 0x000000070bc00000, 0x000000070bc00000| Untracked 
| 109|0x000000070bd00000, 0x000000070bd00000, 0x000000070be00000|  0%| F|  |TAMS 0x000000070bd00000, 0x000000070bd00000| Untracked 
| 110|0x000000070be00000, 0x000000070be00000, 0x000000070bf00000|  0%| F|  |TAMS 0x000000070be00000, 0x000000070be00000| Untracked 
| 111|0x000000070bf00000, 0x000000070bf00000, 0x000000070c000000|  0%| F|  |TAMS 0x000000070bf00000, 0x000000070bf00000| Untracked 
| 112|0x000000070c000000, 0x000000070c000000, 0x000000070c100000|  0%| F|  |TAMS 0x000000070c000000, 0x000000070c000000| Untracked 
| 113|0x000000070c100000, 0x000000070c100000, 0x000000070c200000|  0%| F|  |TAMS 0x000000070c100000, 0x000000070c100000| Untracked 
| 114|0x000000070c200000, 0x000000070c200000, 0x000000070c300000|  0%| F|  |TAMS 0x000000070c200000, 0x000000070c200000| Untracked 
| 115|0x000000070c300000, 0x000000070c300000, 0x000000070c400000|  0%| F|  |TAMS 0x000000070c300000, 0x000000070c300000| Untracked 
| 116|0x000000070c400000, 0x000000070c400000, 0x000000070c500000|  0%| F|  |TAMS 0x000000070c400000, 0x000000070c400000| Untracked 
| 117|0x000000070c500000, 0x000000070c500000, 0x000000070c600000|  0%| F|  |TAMS 0x000000070c500000, 0x000000070c500000| Untracked 
| 118|0x000000070c600000, 0x000000070c600000, 0x000000070c700000|  0%| F|  |TAMS 0x000000070c600000, 0x000000070c600000| Untracked 
| 119|0x000000070c700000, 0x000000070c700000, 0x000000070c800000|  0%| F|  |TAMS 0x000000070c700000, 0x000000070c700000| Untracked 
| 120|0x000000070c800000, 0x000000070c800000, 0x000000070c900000|  0%| F|  |TAMS 0x000000070c800000, 0x000000070c800000| Untracked 
| 121|0x000000070c900000, 0x000000070c900000, 0x000000070ca00000|  0%| F|  |TAMS 0x000000070c900000, 0x000000070c900000| Untracked 
| 122|0x000000070ca00000, 0x000000070ca00000, 0x000000070cb00000|  0%| F|  |TAMS 0x000000070ca00000, 0x000000070ca00000| Untracked 
| 123|0x000000070cb00000, 0x000000070cb00000, 0x000000070cc00000|  0%| F|  |TAMS 0x000000070cb00000, 0x000000070cb00000| Untracked 
| 124|0x000000070cc00000, 0x000000070cc00000, 0x000000070cd00000|  0%| F|  |TAMS 0x000000070cc00000, 0x000000070cc00000| Untracked 
| 125|0x000000070cd00000, 0x000000070cd00000, 0x000000070ce00000|  0%| F|  |TAMS 0x000000070cd00000, 0x000000070cd00000| Untracked 
| 126|0x000000070ce00000, 0x000000070ce00000, 0x000000070cf00000|  0%| F|  |TAMS 0x000000070ce00000, 0x000000070ce00000| Untracked 
| 127|0x000000070cf00000, 0x000000070cf00000, 0x000000070d000000|  0%| F|  |TAMS 0x000000070cf00000, 0x000000070cf00000| Untracked 
| 128|0x000000070d000000, 0x000000070d000000, 0x000000070d100000|  0%| F|  |TAMS 0x000000070d000000, 0x000000070d000000| Untracked 
| 129|0x000000070d100000, 0x000000070d100000, 0x000000070d200000|  0%| F|  |TAMS 0x000000070d100000, 0x000000070d100000| Untracked 
| 130|0x000000070d200000, 0x000000070d200000, 0x000000070d300000|  0%| F|  |TAMS 0x000000070d200000, 0x000000070d200000| Untracked 
| 131|0x000000070d300000, 0x000000070d300000, 0x000000070d400000|  0%| F|  |TAMS 0x000000070d300000, 0x000000070d300000| Untracked 
| 132|0x000000070d400000, 0x000000070d400000, 0x000000070d500000|  0%| F|  |TAMS 0x000000070d400000, 0x000000070d400000| Untracked 
| 133|0x000000070d500000, 0x000000070d500000, 0x000000070d600000|  0%| F|  |TAMS 0x000000070d500000, 0x000000070d500000| Untracked 
| 134|0x000000070d600000, 0x000000070d600000, 0x000000070d700000|  0%| F|  |TAMS 0x000000070d600000, 0x000000070d600000| Untracked 
| 135|0x000000070d700000, 0x000000070d700000, 0x000000070d800000|  0%| F|  |TAMS 0x000000070d700000, 0x000000070d700000| Untracked 
| 136|0x000000070d800000, 0x000000070d800000, 0x000000070d900000|  0%| F|  |TAMS 0x000000070d800000, 0x000000070d800000| Untracked 
| 137|0x000000070d900000, 0x000000070d900000, 0x000000070da00000|  0%| F|  |TAMS 0x000000070d900000, 0x000000070d900000| Untracked 
| 138|0x000000070da00000, 0x000000070da00000, 0x000000070db00000|  0%| F|  |TAMS 0x000000070da00000, 0x000000070da00000| Untracked 
| 139|0x000000070db00000, 0x000000070db00000, 0x000000070dc00000|  0%| F|  |TAMS 0x000000070db00000, 0x000000070db00000| Untracked 
| 140|0x000000070dc00000, 0x000000070dc00000, 0x000000070dd00000|  0%| F|  |TAMS 0x000000070dc00000, 0x000000070dc00000| Untracked 
| 141|0x000000070dd00000, 0x000000070dd00000, 0x000000070de00000|  0%| F|  |TAMS 0x000000070dd00000, 0x000000070dd00000| Untracked 
| 142|0x000000070de00000, 0x000000070de00000, 0x000000070df00000|  0%| F|  |TAMS 0x000000070de00000, 0x000000070de00000| Untracked 
| 143|0x000000070df00000, 0x000000070df00000, 0x000000070e000000|  0%| F|  |TAMS 0x000000070df00000, 0x000000070df00000| Untracked 
| 144|0x000000070e000000, 0x000000070e000000, 0x000000070e100000|  0%| F|  |TAMS 0x000000070e000000, 0x000000070e000000| Untracked 
| 145|0x000000070e100000, 0x000000070e100000, 0x000000070e200000|  0%| F|  |TAMS 0x000000070e100000, 0x000000070e100000| Untracked 
| 146|0x000000070e200000, 0x000000070e200000, 0x000000070e300000|  0%| F|  |TAMS 0x000000070e200000, 0x000000070e200000| Untracked 
| 147|0x000000070e300000, 0x000000070e300000, 0x000000070e400000|  0%| F|  |TAMS 0x000000070e300000, 0x000000070e300000| Untracked 
| 148|0x000000070e400000, 0x000000070e400000, 0x000000070e500000|  0%| F|  |TAMS 0x000000070e400000, 0x000000070e400000| Untracked 
| 149|0x000000070e500000, 0x000000070e500000, 0x000000070e600000|  0%| F|  |TAMS 0x000000070e500000, 0x000000070e500000| Untracked 
| 150|0x000000070e600000, 0x000000070e600000, 0x000000070e700000|  0%| F|  |TAMS 0x000000070e600000, 0x000000070e600000| Untracked 
| 151|0x000000070e700000, 0x000000070e700000, 0x000000070e800000|  0%| F|  |TAMS 0x000000070e700000, 0x000000070e700000| Untracked 
| 152|0x000000070e800000, 0x000000070e800000, 0x000000070e900000|  0%| F|  |TAMS 0x000000070e800000, 0x000000070e800000| Untracked 
| 153|0x000000070e900000, 0x000000070e900000, 0x000000070ea00000|  0%| F|  |TAMS 0x000000070e900000, 0x000000070e900000| Untracked 
| 154|0x000000070ea00000, 0x000000070ea00000, 0x000000070eb00000|  0%| F|  |TAMS 0x000000070ea00000, 0x000000070ea00000| Untracked 
| 155|0x000000070eb00000, 0x000000070eb00000, 0x000000070ec00000|  0%| F|  |TAMS 0x000000070eb00000, 0x000000070eb00000| Untracked 
| 156|0x000000070ec00000, 0x000000070ec00000, 0x000000070ed00000|  0%| F|  |TAMS 0x000000070ec00000, 0x000000070ec00000| Untracked 
| 157|0x000000070ed00000, 0x000000070ed00000, 0x000000070ee00000|  0%| F|  |TAMS 0x000000070ed00000, 0x000000070ed00000| Untracked 
| 158|0x000000070ee00000, 0x000000070ee00000, 0x000000070ef00000|  0%| F|  |TAMS 0x000000070ee00000, 0x000000070ee00000| Untracked 
| 159|0x000000070ef00000, 0x000000070ef00000, 0x000000070f000000|  0%| F|  |TAMS 0x000000070ef00000, 0x000000070ef00000| Untracked 
| 160|0x000000070f000000, 0x000000070f000000, 0x000000070f100000|  0%| F|  |TAMS 0x000000070f000000, 0x000000070f000000| Untracked 
| 161|0x000000070f100000, 0x000000070f100000, 0x000000070f200000|  0%| F|  |TAMS 0x000000070f100000, 0x000000070f100000| Untracked 
| 162|0x000000070f200000, 0x000000070f200000, 0x000000070f300000|  0%| F|  |TAMS 0x000000070f200000, 0x000000070f200000| Untracked 
| 163|0x000000070f300000, 0x000000070f300000, 0x000000070f400000|  0%| F|  |TAMS 0x000000070f300000, 0x000000070f300000| Untracked 
| 164|0x000000070f400000, 0x000000070f400000, 0x000000070f500000|  0%| F|  |TAMS 0x000000070f400000, 0x000000070f400000| Untracked 
| 165|0x000000070f500000, 0x000000070f500000, 0x000000070f600000|  0%| F|  |TAMS 0x000000070f500000, 0x000000070f500000| Untracked 
| 166|0x000000070f600000, 0x000000070f600000, 0x000000070f700000|  0%| F|  |TAMS 0x000000070f600000, 0x000000070f600000| Untracked 
| 167|0x000000070f700000, 0x000000070f700000, 0x000000070f800000|  0%| F|  |TAMS 0x000000070f700000, 0x000000070f700000| Untracked 
| 168|0x000000070f800000, 0x000000070f800000, 0x000000070f900000|  0%| F|  |TAMS 0x000000070f800000, 0x000000070f800000| Untracked 
| 169|0x000000070f900000, 0x000000070f900000, 0x000000070fa00000|  0%| F|  |TAMS 0x000000070f900000, 0x000000070f900000| Untracked 
| 170|0x000000070fa00000, 0x000000070fa00000, 0x000000070fb00000|  0%| F|  |TAMS 0x000000070fa00000, 0x000000070fa00000| Untracked 
| 171|0x000000070fb00000, 0x000000070fb00000, 0x000000070fc00000|  0%| F|  |TAMS 0x000000070fb00000, 0x000000070fb00000| Untracked 
| 172|0x000000070fc00000, 0x000000070fc00000, 0x000000070fd00000|  0%| F|  |TAMS 0x000000070fc00000, 0x000000070fc00000| Untracked 
| 173|0x000000070fd00000, 0x000000070fd00000, 0x000000070fe00000|  0%| F|  |TAMS 0x000000070fd00000, 0x000000070fd00000| Untracked 
| 174|0x000000070fe00000, 0x000000070fe00000, 0x000000070ff00000|  0%| F|  |TAMS 0x000000070fe00000, 0x000000070fe00000| Untracked 
| 175|0x000000070ff00000, 0x000000070ff00000, 0x0000000710000000|  0%| F|  |TAMS 0x000000070ff00000, 0x000000070ff00000| Untracked 
| 176|0x0000000710000000, 0x0000000710000000, 0x0000000710100000|  0%| F|  |TAMS 0x0000000710000000, 0x0000000710000000| Untracked 
| 177|0x0000000710100000, 0x0000000710100000, 0x0000000710200000|  0%| F|  |TAMS 0x0000000710100000, 0x0000000710100000| Untracked 
| 178|0x0000000710200000, 0x0000000710200000, 0x0000000710300000|  0%| F|  |TAMS 0x0000000710200000, 0x0000000710200000| Untracked 
| 179|0x0000000710300000, 0x0000000710300000, 0x0000000710400000|  0%| F|  |TAMS 0x0000000710300000, 0x0000000710300000| Untracked 
| 180|0x0000000710400000, 0x0000000710400000, 0x0000000710500000|  0%| F|  |TAMS 0x0000000710400000, 0x0000000710400000| Untracked 
| 181|0x0000000710500000, 0x0000000710500000, 0x0000000710600000|  0%| F|  |TAMS 0x0000000710500000, 0x0000000710500000| Untracked 
| 182|0x0000000710600000, 0x0000000710600000, 0x0000000710700000|  0%| F|  |TAMS 0x0000000710600000, 0x0000000710600000| Untracked 
| 183|0x0000000710700000, 0x0000000710700000, 0x0000000710800000|  0%| F|  |TAMS 0x0000000710700000, 0x0000000710700000| Untracked 
| 184|0x0000000710800000, 0x0000000710800000, 0x0000000710900000|  0%| F|  |TAMS 0x0000000710800000, 0x0000000710800000| Untracked 
| 185|0x0000000710900000, 0x0000000710900000, 0x0000000710a00000|  0%| F|  |TAMS 0x0000000710900000, 0x0000000710900000| Untracked 
| 186|0x0000000710a00000, 0x0000000710a00000, 0x0000000710b00000|  0%| F|  |TAMS 0x0000000710a00000, 0x0000000710a00000| Untracked 
| 187|0x0000000710b00000, 0x0000000710b00000, 0x0000000710c00000|  0%| F|  |TAMS 0x0000000710b00000, 0x0000000710b00000| Untracked 
| 188|0x0000000710c00000, 0x0000000710c00000, 0x0000000710d00000|  0%| F|  |TAMS 0x0000000710c00000, 0x0000000710c00000| Untracked 
| 189|0x0000000710d00000, 0x0000000710d00000, 0x0000000710e00000|  0%| F|  |TAMS 0x0000000710d00000, 0x0000000710d00000| Untracked 
| 190|0x0000000710e00000, 0x0000000710e00000, 0x0000000710f00000|  0%| F|  |TAMS 0x0000000710e00000, 0x0000000710e00000| Untracked 
| 191|0x0000000710f00000, 0x0000000710f00000, 0x0000000711000000|  0%| F|  |TAMS 0x0000000710f00000, 0x0000000710f00000| Untracked 
| 192|0x0000000711000000, 0x0000000711000000, 0x0000000711100000|  0%| F|  |TAMS 0x0000000711000000, 0x0000000711000000| Untracked 
| 193|0x0000000711100000, 0x0000000711100000, 0x0000000711200000|  0%| F|  |TAMS 0x0000000711100000, 0x0000000711100000| Untracked 
| 194|0x0000000711200000, 0x0000000711200000, 0x0000000711300000|  0%| F|  |TAMS 0x0000000711200000, 0x0000000711200000| Untracked 
| 195|0x0000000711300000, 0x0000000711300000, 0x0000000711400000|  0%| F|  |TAMS 0x0000000711300000, 0x0000000711300000| Untracked 
| 196|0x0000000711400000, 0x0000000711400000, 0x0000000711500000|  0%| F|  |TAMS 0x0000000711400000, 0x0000000711400000| Untracked 
| 197|0x0000000711500000, 0x0000000711500000, 0x0000000711600000|  0%| F|  |TAMS 0x0000000711500000, 0x0000000711500000| Untracked 
| 198|0x0000000711600000, 0x0000000711600000, 0x0000000711700000|  0%| F|  |TAMS 0x0000000711600000, 0x0000000711600000| Untracked 
| 199|0x0000000711700000, 0x0000000711755888, 0x0000000711800000| 33%| S|CS|TAMS 0x0000000711700000, 0x0000000711700000| Complete 
| 200|0x0000000711800000, 0x0000000711900000, 0x0000000711900000|100%| S|CS|TAMS 0x0000000711800000, 0x0000000711800000| Complete 
| 201|0x0000000711900000, 0x0000000711a00000, 0x0000000711a00000|100%| S|CS|TAMS 0x0000000711900000, 0x0000000711900000| Complete 
| 202|0x0000000711a00000, 0x0000000711b00000, 0x0000000711b00000|100%| S|CS|TAMS 0x0000000711a00000, 0x0000000711a00000| Complete 
| 203|0x0000000711b00000, 0x0000000711c00000, 0x0000000711c00000|100%| S|CS|TAMS 0x0000000711b00000, 0x0000000711b00000| Complete 
| 204|0x0000000711c00000, 0x0000000711d00000, 0x0000000711d00000|100%| S|CS|TAMS 0x0000000711c00000, 0x0000000711c00000| Complete 
| 205|0x0000000711d00000, 0x0000000711e00000, 0x0000000711e00000|100%| S|CS|TAMS 0x0000000711d00000, 0x0000000711d00000| Complete 
| 206|0x0000000711e00000, 0x0000000711f00000, 0x0000000711f00000|100%| S|CS|TAMS 0x0000000711e00000, 0x0000000711e00000| Complete 
| 207|0x0000000711f00000, 0x0000000712000000, 0x0000000712000000|100%| S|CS|TAMS 0x0000000711f00000, 0x0000000711f00000| Complete 
| 208|0x0000000712000000, 0x0000000712100000, 0x0000000712100000|100%| S|CS|TAMS 0x0000000712000000, 0x0000000712000000| Complete 
| 209|0x0000000712100000, 0x0000000712200000, 0x0000000712200000|100%| S|CS|TAMS 0x0000000712100000, 0x0000000712100000| Complete 
| 210|0x0000000712200000, 0x0000000712200000, 0x0000000712300000|  0%| F|  |TAMS 0x0000000712200000, 0x0000000712200000| Untracked 
| 211|0x0000000712300000, 0x0000000712300000, 0x0000000712400000|  0%| F|  |TAMS 0x0000000712300000, 0x0000000712300000| Untracked 
| 212|0x0000000712400000, 0x0000000712400000, 0x0000000712500000|  0%| F|  |TAMS 0x0000000712400000, 0x0000000712400000| Untracked 
| 213|0x0000000712500000, 0x0000000712580918, 0x0000000712600000| 50%| E|  |TAMS 0x0000000712500000, 0x0000000712500000| Complete 
| 214|0x0000000712600000, 0x0000000712700000, 0x0000000712700000|100%| E|CS|TAMS 0x0000000712600000, 0x0000000712600000| Complete 
| 215|0x0000000712700000, 0x0000000712800000, 0x0000000712800000|100%| E|CS|TAMS 0x0000000712700000, 0x0000000712700000| Complete 
| 216|0x0000000712800000, 0x0000000712900000, 0x0000000712900000|100%| E|CS|TAMS 0x0000000712800000, 0x0000000712800000| Complete 
| 217|0x0000000712900000, 0x0000000712a00000, 0x0000000712a00000|100%| E|CS|TAMS 0x0000000712900000, 0x0000000712900000| Complete 
| 218|0x0000000712a00000, 0x0000000712b00000, 0x0000000712b00000|100%| E|CS|TAMS 0x0000000712a00000, 0x0000000712a00000| Complete 
| 219|0x0000000712b00000, 0x0000000712c00000, 0x0000000712c00000|100%| E|CS|TAMS 0x0000000712b00000, 0x0000000712b00000| Complete 
| 220|0x0000000712c00000, 0x0000000712d00000, 0x0000000712d00000|100%| E|CS|TAMS 0x0000000712c00000, 0x0000000712c00000| Complete 
| 221|0x0000000712d00000, 0x0000000712e00000, 0x0000000712e00000|100%| E|CS|TAMS 0x0000000712d00000, 0x0000000712d00000| Complete 
| 222|0x0000000712e00000, 0x0000000712f00000, 0x0000000712f00000|100%| E|CS|TAMS 0x0000000712e00000, 0x0000000712e00000| Complete 
| 223|0x0000000712f00000, 0x0000000713000000, 0x0000000713000000|100%| E|CS|TAMS 0x0000000712f00000, 0x0000000712f00000| Complete 
| 224|0x0000000713000000, 0x0000000713100000, 0x0000000713100000|100%| E|CS|TAMS 0x0000000713000000, 0x0000000713000000| Complete 
| 225|0x0000000713100000, 0x0000000713200000, 0x0000000713200000|100%| E|CS|TAMS 0x0000000713100000, 0x0000000713100000| Complete 
| 226|0x0000000713200000, 0x0000000713300000, 0x0000000713300000|100%| E|CS|TAMS 0x0000000713200000, 0x0000000713200000| Complete 
| 227|0x0000000713300000, 0x0000000713400000, 0x0000000713400000|100%| E|CS|TAMS 0x0000000713300000, 0x0000000713300000| Complete 
| 228|0x0000000713400000, 0x0000000713500000, 0x0000000713500000|100%| E|CS|TAMS 0x0000000713400000, 0x0000000713400000| Complete 
| 229|0x0000000713500000, 0x0000000713600000, 0x0000000713600000|100%| E|CS|TAMS 0x0000000713500000, 0x0000000713500000| Complete 
| 230|0x0000000713600000, 0x0000000713700000, 0x0000000713700000|100%| E|CS|TAMS 0x0000000713600000, 0x0000000713600000| Complete 
| 231|0x0000000713700000, 0x0000000713800000, 0x0000000713800000|100%| E|CS|TAMS 0x0000000713700000, 0x0000000713700000| Complete 
| 232|0x0000000713800000, 0x0000000713900000, 0x0000000713900000|100%| E|CS|TAMS 0x0000000713800000, 0x0000000713800000| Complete 
| 233|0x0000000713900000, 0x0000000713a00000, 0x0000000713a00000|100%| E|CS|TAMS 0x0000000713900000, 0x0000000713900000| Complete 
| 234|0x0000000713a00000, 0x0000000713b00000, 0x0000000713b00000|100%| E|CS|TAMS 0x0000000713a00000, 0x0000000713a00000| Complete 
| 235|0x0000000713b00000, 0x0000000713c00000, 0x0000000713c00000|100%| E|CS|TAMS 0x0000000713b00000, 0x0000000713b00000| Complete 
| 236|0x0000000713c00000, 0x0000000713d00000, 0x0000000713d00000|100%| E|CS|TAMS 0x0000000713c00000, 0x0000000713c00000| Complete 
| 237|0x0000000713d00000, 0x0000000713e00000, 0x0000000713e00000|100%| E|CS|TAMS 0x0000000713d00000, 0x0000000713d00000| Complete 
| 238|0x0000000713e00000, 0x0000000713f00000, 0x0000000713f00000|100%| E|CS|TAMS 0x0000000713e00000, 0x0000000713e00000| Complete 
| 239|0x0000000713f00000, 0x0000000714000000, 0x0000000714000000|100%| E|CS|TAMS 0x0000000713f00000, 0x0000000713f00000| Complete 
| 240|0x0000000714000000, 0x0000000714100000, 0x0000000714100000|100%| E|CS|TAMS 0x0000000714000000, 0x0000000714000000| Complete 
| 241|0x0000000714100000, 0x0000000714200000, 0x0000000714200000|100%| E|CS|TAMS 0x0000000714100000, 0x0000000714100000| Complete 
| 242|0x0000000714200000, 0x0000000714300000, 0x0000000714300000|100%| E|CS|TAMS 0x0000000714200000, 0x0000000714200000| Complete 
| 243|0x0000000714300000, 0x0000000714400000, 0x0000000714400000|100%| E|CS|TAMS 0x0000000714300000, 0x0000000714300000| Complete 
| 244|0x0000000714400000, 0x0000000714500000, 0x0000000714500000|100%| E|CS|TAMS 0x0000000714400000, 0x0000000714400000| Complete 
| 245|0x0000000714500000, 0x0000000714600000, 0x0000000714600000|100%| E|CS|TAMS 0x0000000714500000, 0x0000000714500000| Complete 
| 246|0x0000000714600000, 0x0000000714700000, 0x0000000714700000|100%| E|CS|TAMS 0x0000000714600000, 0x0000000714600000| Complete 
| 247|0x0000000714700000, 0x0000000714800000, 0x0000000714800000|100%| E|CS|TAMS 0x0000000714700000, 0x0000000714700000| Complete 
| 248|0x0000000714800000, 0x0000000714900000, 0x0000000714900000|100%| E|CS|TAMS 0x0000000714800000, 0x0000000714800000| Complete 
| 249|0x0000000714900000, 0x0000000714a00000, 0x0000000714a00000|100%| E|CS|TAMS 0x0000000714900000, 0x0000000714900000| Complete 
| 250|0x0000000714a00000, 0x0000000714b00000, 0x0000000714b00000|100%| E|CS|TAMS 0x0000000714a00000, 0x0000000714a00000| Complete 
| 251|0x0000000714b00000, 0x0000000714c00000, 0x0000000714c00000|100%| E|CS|TAMS 0x0000000714b00000, 0x0000000714b00000| Complete 
| 252|0x0000000714c00000, 0x0000000714d00000, 0x0000000714d00000|100%| E|CS|TAMS 0x0000000714c00000, 0x0000000714c00000| Complete 
| 253|0x0000000714d00000, 0x0000000714e00000, 0x0000000714e00000|100%| E|CS|TAMS 0x0000000714d00000, 0x0000000714d00000| Complete 
| 254|0x0000000714e00000, 0x0000000714f00000, 0x0000000714f00000|100%| E|CS|TAMS 0x0000000714e00000, 0x0000000714e00000| Complete 
| 255|0x0000000714f00000, 0x0000000715000000, 0x0000000715000000|100%| E|CS|TAMS 0x0000000714f00000, 0x0000000714f00000| Complete 
| 256|0x0000000715000000, 0x0000000715100000, 0x0000000715100000|100%| E|CS|TAMS 0x0000000715000000, 0x0000000715000000| Complete 
| 257|0x0000000715100000, 0x0000000715200000, 0x0000000715200000|100%| E|CS|TAMS 0x0000000715100000, 0x0000000715100000| Complete 
| 258|0x0000000715200000, 0x0000000715300000, 0x0000000715300000|100%| E|CS|TAMS 0x0000000715200000, 0x0000000715200000| Complete 
| 259|0x0000000715300000, 0x0000000715400000, 0x0000000715400000|100%| E|CS|TAMS 0x0000000715300000, 0x0000000715300000| Complete 
| 260|0x0000000715400000, 0x0000000715500000, 0x0000000715500000|100%| E|CS|TAMS 0x0000000715400000, 0x0000000715400000| Complete 
| 261|0x0000000715500000, 0x0000000715600000, 0x0000000715600000|100%| E|CS|TAMS 0x0000000715500000, 0x0000000715500000| Complete 
| 262|0x0000000715600000, 0x0000000715700000, 0x0000000715700000|100%| E|CS|TAMS 0x0000000715600000, 0x0000000715600000| Complete 
| 263|0x0000000715700000, 0x0000000715800000, 0x0000000715800000|100%| E|CS|TAMS 0x0000000715700000, 0x0000000715700000| Complete 
| 264|0x0000000715800000, 0x0000000715900000, 0x0000000715900000|100%| E|CS|TAMS 0x0000000715800000, 0x0000000715800000| Complete 
| 265|0x0000000715900000, 0x0000000715a00000, 0x0000000715a00000|100%| E|CS|TAMS 0x0000000715900000, 0x0000000715900000| Complete 
| 266|0x0000000715a00000, 0x0000000715b00000, 0x0000000715b00000|100%| E|CS|TAMS 0x0000000715a00000, 0x0000000715a00000| Complete 
| 267|0x0000000715b00000, 0x0000000715c00000, 0x0000000715c00000|100%| E|CS|TAMS 0x0000000715b00000, 0x0000000715b00000| Complete 
| 268|0x0000000715c00000, 0x0000000715d00000, 0x0000000715d00000|100%| E|CS|TAMS 0x0000000715c00000, 0x0000000715c00000| Complete 
| 269|0x0000000715d00000, 0x0000000715e00000, 0x0000000715e00000|100%| E|CS|TAMS 0x0000000715d00000, 0x0000000715d00000| Complete 
| 270|0x0000000715e00000, 0x0000000715f00000, 0x0000000715f00000|100%| E|CS|TAMS 0x0000000715e00000, 0x0000000715e00000| Complete 
| 271|0x0000000715f00000, 0x0000000716000000, 0x0000000716000000|100%| E|CS|TAMS 0x0000000715f00000, 0x0000000715f00000| Complete 
| 272|0x0000000716000000, 0x0000000716100000, 0x0000000716100000|100%| E|CS|TAMS 0x0000000716000000, 0x0000000716000000| Complete 
| 273|0x0000000716100000, 0x0000000716200000, 0x0000000716200000|100%| E|CS|TAMS 0x0000000716100000, 0x0000000716100000| Complete 
| 274|0x0000000716200000, 0x0000000716300000, 0x0000000716300000|100%| E|CS|TAMS 0x0000000716200000, 0x0000000716200000| Complete 
| 275|0x0000000716300000, 0x0000000716400000, 0x0000000716400000|100%| E|CS|TAMS 0x0000000716300000, 0x0000000716300000| Complete 
| 276|0x0000000716400000, 0x0000000716500000, 0x0000000716500000|100%| E|CS|TAMS 0x0000000716400000, 0x0000000716400000| Complete 
| 277|0x0000000716500000, 0x0000000716600000, 0x0000000716600000|100%| E|CS|TAMS 0x0000000716500000, 0x0000000716500000| Complete 
| 278|0x0000000716600000, 0x0000000716700000, 0x0000000716700000|100%| E|CS|TAMS 0x0000000716600000, 0x0000000716600000| Complete 
| 279|0x0000000716700000, 0x0000000716800000, 0x0000000716800000|100%| E|CS|TAMS 0x0000000716700000, 0x0000000716700000| Complete 
| 280|0x0000000716800000, 0x0000000716900000, 0x0000000716900000|100%| E|CS|TAMS 0x0000000716800000, 0x0000000716800000| Complete 
| 281|0x0000000716900000, 0x0000000716a00000, 0x0000000716a00000|100%| E|CS|TAMS 0x0000000716900000, 0x0000000716900000| Complete 
| 282|0x0000000716a00000, 0x0000000716b00000, 0x0000000716b00000|100%| E|CS|TAMS 0x0000000716a00000, 0x0000000716a00000| Complete 
| 283|0x0000000716b00000, 0x0000000716c00000, 0x0000000716c00000|100%| E|CS|TAMS 0x0000000716b00000, 0x0000000716b00000| Complete 
| 284|0x0000000716c00000, 0x0000000716d00000, 0x0000000716d00000|100%| E|CS|TAMS 0x0000000716c00000, 0x0000000716c00000| Complete 
| 285|0x0000000716d00000, 0x0000000716e00000, 0x0000000716e00000|100%| E|CS|TAMS 0x0000000716d00000, 0x0000000716d00000| Complete 
| 286|0x0000000716e00000, 0x0000000716f00000, 0x0000000716f00000|100%| E|CS|TAMS 0x0000000716e00000, 0x0000000716e00000| Complete 
| 287|0x0000000716f00000, 0x0000000717000000, 0x0000000717000000|100%| E|CS|TAMS 0x0000000716f00000, 0x0000000716f00000| Complete 
| 288|0x0000000717000000, 0x0000000717100000, 0x0000000717100000|100%| E|CS|TAMS 0x0000000717000000, 0x0000000717000000| Complete 
| 289|0x0000000717100000, 0x0000000717200000, 0x0000000717200000|100%| E|CS|TAMS 0x0000000717100000, 0x0000000717100000| Complete 
| 290|0x0000000717200000, 0x0000000717300000, 0x0000000717300000|100%| E|CS|TAMS 0x0000000717200000, 0x0000000717200000| Complete 
| 291|0x0000000717300000, 0x0000000717400000, 0x0000000717400000|100%| E|CS|TAMS 0x0000000717300000, 0x0000000717300000| Complete 
| 292|0x0000000717400000, 0x0000000717500000, 0x0000000717500000|100%| E|CS|TAMS 0x0000000717400000, 0x0000000717400000| Complete 
| 293|0x0000000717500000, 0x0000000717600000, 0x0000000717600000|100%| E|CS|TAMS 0x0000000717500000, 0x0000000717500000| Complete 
| 294|0x0000000717600000, 0x0000000717700000, 0x0000000717700000|100%| E|CS|TAMS 0x0000000717600000, 0x0000000717600000| Complete 
| 295|0x0000000717700000, 0x0000000717800000, 0x0000000717800000|100%| E|CS|TAMS 0x0000000717700000, 0x0000000717700000| Complete 
| 296|0x0000000717800000, 0x0000000717900000, 0x0000000717900000|100%| E|CS|TAMS 0x0000000717800000, 0x0000000717800000| Complete 
| 297|0x0000000717900000, 0x0000000717a00000, 0x0000000717a00000|100%| E|CS|TAMS 0x0000000717900000, 0x0000000717900000| Complete 
| 298|0x0000000717a00000, 0x0000000717b00000, 0x0000000717b00000|100%| E|CS|TAMS 0x0000000717a00000, 0x0000000717a00000| Complete 
| 299|0x0000000717b00000, 0x0000000717c00000, 0x0000000717c00000|100%| E|CS|TAMS 0x0000000717b00000, 0x0000000717b00000| Complete 
| 300|0x0000000717c00000, 0x0000000717d00000, 0x0000000717d00000|100%| E|CS|TAMS 0x0000000717c00000, 0x0000000717c00000| Complete 
| 301|0x0000000717d00000, 0x0000000717e00000, 0x0000000717e00000|100%| E|CS|TAMS 0x0000000717d00000, 0x0000000717d00000| Complete 
| 302|0x0000000717e00000, 0x0000000717f00000, 0x0000000717f00000|100%| E|CS|TAMS 0x0000000717e00000, 0x0000000717e00000| Complete 

Card table byte_map: [0x000002b1db4e0000,0x000002b1dbcc0000] _byte_map_base: 0x000002b1d7cb8000

Marking Bits (Prev, Next): (CMBitMap*) 0x000002b1c32d4188, (CMBitMap*) 0x000002b1c32d41c0
 Prev Bits: [0x000002b1dc4a0000, 0x000002b1e0360000)
 Next Bits: [0x000002b1e0360000, 0x000002b1e4220000)

Polling page: 0x000002b1c1190000

Metaspace:

Usage:
  Non-class:     66.72 MB capacity,    65.16 MB ( 98%) used,     1.28 MB (  2%) free+waste,   292.69 KB ( <1%) overhead. 
      Class:     10.78 MB capacity,     9.81 MB ( 91%) used,   851.20 KB (  8%) free+waste,   143.81 KB (  1%) overhead. 
       Both:     77.51 MB capacity,    74.97 MB ( 97%) used,     2.11 MB (  3%) free+waste,   436.50 KB ( <1%) overhead. 

Virtual space:
  Non-class space:       68.00 MB reserved,      66.92 MB ( 98%) committed 
      Class space:        1.00 GB reserved,      10.91 MB (  1%) committed 
             Both:        1.07 GB reserved,      77.83 MB (  7%) committed 

Chunk freelists:
   Non-Class:  11.00 KB
       Class:  31.00 KB
        Both:  42.00 KB

MaxMetaspaceSize: 17179869184.00 GB
CompressedClassSpaceSize: 1.00 GB
Initial GC threshold: 20.80 MB
Current GC threshold: 124.30 MB
CDS: off

CodeHeap 'non-profiled nmethods': size=238336Kb used=12209Kb max_used=12209Kb free=226127Kb
 bounds [0x000002b1cc110000, 0x000002b1ccd00000, 0x000002b1da9d0000]
CodeHeap 'non-nmethods': size=7424Kb used=1344Kb max_used=1344Kb free=6079Kb
 bounds [0x000002b1cb9d0000, 0x000002b1cbc40000, 0x000002b1cc110000]
 total_blobs=8099 nmethods=7438 adapters=587
 compilation: enabled
              stopped_count=0, restarted_count=0
 full_count=0

Compilation events (20 events):
Event: 11.142 Thread 0x000002b1e76bc000 7429       1       java.util.concurrent.ConcurrentHashMap::keySet (5 bytes)
Event: 11.142 Thread 0x000002b1e76bc000 nmethod 7429 0x000002b1cccfa090 code [0x000002b1cccfa240, 0x000002b1cccfa438]
Event: 11.156 Thread 0x000002b1e76bc000 7430       1       org.apache.catalina.core.StandardContext::getTldValidation (5 bytes)
Event: 11.156 Thread 0x000002b1e76bc000 nmethod 7430 0x000002b1cccfa510 code [0x000002b1cccfa6c0, 0x000002b1cccfa778]
Event: 11.156 Thread 0x000002b1e76bc000 7431       1       org.apache.catalina.core.StandardContext::getXmlBlockExternal (5 bytes)
Event: 11.157 Thread 0x000002b1e76bc000 nmethod 7431 0x000002b1cccfa810 code [0x000002b1cccfa9c0, 0x000002b1cccfaa78]
Event: 11.206 Thread 0x000002b1e76bc000 7432       1       sun.security.ssl.NamedGroup::isPermitted (43 bytes)
Event: 11.206 Thread 0x000002b1e76bc000 nmethod 7432 0x000002b1cccfab10 code [0x000002b1cccface0, 0x000002b1cccfae58]
Event: 11.208 Thread 0x000002b1e76bc000 7433       1       java.lang.Integer::toString (55 bytes)
Event: 11.208 Thread 0x000002b1e76bc000 nmethod 7433 0x000002b1cccfaf10 code [0x000002b1cccfb0e0, 0x000002b1cccfb318]
Event: 11.208 Thread 0x000002b1e76bc000 7434       1       sun.security.ssl.SSLContextImpl::getX509KeyManager (5 bytes)
Event: 11.209 Thread 0x000002b1e76bc000 nmethod 7434 0x000002b1cccfb410 code [0x000002b1cccfb5c0, 0x000002b1cccfb678]
Event: 11.209 Thread 0x000002b1e76bc000 7435       1       sun.security.ssl.DummyX509KeyManager::chooseClientAlias (2 bytes)
Event: 11.209 Thread 0x000002b1e76bc000 nmethod 7435 0x000002b1cccfb710 code [0x000002b1cccfb8c0, 0x000002b1cccfb978]
Event: 11.212 Thread 0x000002b1e76bc000 7436       1       java.util.regex.Matcher::appendTail (19 bytes)
Event: 11.212 Thread 0x000002b1e76bc000 nmethod 7436 0x000002b1cccfba10 code [0x000002b1cccfbbe0, 0x000002b1cccfbd18]
Event: 11.219 Thread 0x000002b1e76bc000 7437       1       io.netty.util.HashedWheelTimer$HashedWheelBucket::<init> (5 bytes)
Event: 11.220 Thread 0x000002b1e76bc000 nmethod 7437 0x000002b1cccfbe10 code [0x000002b1cccfbfc0, 0x000002b1cccfc078]
Event: 11.220 Thread 0x000002b1e76bc000 7438       1       io.netty.util.HashedWheelTimer$HashedWheelBucket::<init> (5 bytes)
Event: 11.220 Thread 0x000002b1e76bc000 nmethod 7438 0x000002b1cccfc110 code [0x000002b1cccfc2c0, 0x000002b1cccfc378]

GC Heap History (18 events):
Event: 1.044 GC heap before
{Heap before GC invocations=0 (full 0):
 garbage-first heap   total 258048K, used 24576K [0x0000000705000000, 0x0000000800000000)
  region size 1024K, 24 young (24576K), 0 survivors (0K)
 Metaspace       used 13781K, capacity 14061K, committed 14080K, reserved 1062912K
  class space    used 1420K, capacity 1519K, committed 1536K, reserved 1048576K
}
Event: 1.049 GC heap after
{Heap after GC invocations=1 (full 0):
 garbage-first heap   total 258048K, used 8999K [0x0000000705000000, 0x0000000800000000)
  region size 1024K, 3 young (3072K), 3 survivors (3072K)
 Metaspace       used 13781K, capacity 14061K, committed 14080K, reserved 1062912K
  class space    used 1420K, capacity 1519K, committed 1536K, reserved 1048576K
}
Event: 1.295 GC heap before
{Heap before GC invocations=1 (full 0):
 garbage-first heap   total 258048K, used 27431K [0x0000000705000000, 0x0000000800000000)
  region size 1024K, 21 young (21504K), 3 survivors (3072K)
 Metaspace       used 15478K, capacity 15935K, committed 16256K, reserved 1062912K
  class space    used 1647K, capacity 1829K, committed 1920K, reserved 1048576K
}
Event: 1.299 GC heap after
{Heap after GC invocations=2 (full 0):
 garbage-first heap   total 258048K, used 9745K [0x0000000705000000, 0x0000000800000000)
  region size 1024K, 1 young (1024K), 1 survivors (1024K)
 Metaspace       used 15478K, capacity 15935K, committed 16256K, reserved 1062912K
  class space    used 1647K, capacity 1829K, committed 1920K, reserved 1048576K
}
Event: 1.733 GC heap before
{Heap before GC invocations=2 (full 0):
 garbage-first heap   total 258048K, used 45585K [0x0000000705000000, 0x0000000800000000)
  region size 1024K, 37 young (37888K), 1 survivors (1024K)
 Metaspace       used 20460K, capacity 21180K, committed 21296K, reserved 1069056K
  class space    used 2374K, capacity 2641K, committed 2688K, reserved 1048576K
}
Event: 1.736 GC heap after
{Heap after GC invocations=3 (full 0):
 garbage-first heap   total 258048K, used 11268K [0x0000000705000000, 0x0000000800000000)
  region size 1024K, 3 young (3072K), 3 survivors (3072K)
 Metaspace       used 20460K, capacity 21180K, committed 21296K, reserved 1069056K
  class space    used 2374K, capacity 2641K, committed 2688K, reserved 1048576K
}
Event: 2.001 GC heap before
{Heap before GC invocations=4 (full 0):
 garbage-first heap   total 258048K, used 67588K [0x0000000705000000, 0x0000000800000000)
  region size 1024K, 59 young (60416K), 3 survivors (3072K)
 Metaspace       used 26304K, capacity 27228K, committed 27312K, reserved 1073152K
  class space    used 3230K, capacity 3570K, committed 3584K, reserved 1048576K
}
Event: 2.008 GC heap after
{Heap after GC invocations=5 (full 0):
 garbage-first heap   total 258048K, used 13096K [0x0000000705000000, 0x0000000800000000)
  region size 1024K, 5 young (5120K), 5 survivors (5120K)
 Metaspace       used 26304K, capacity 27228K, committed 27312K, reserved 1073152K
  class space    used 3230K, capacity 3570K, committed 3584K, reserved 1048576K
}
Event: 3.021 GC heap before
{Heap before GC invocations=6 (full 0):
 garbage-first heap   total 258048K, used 148264K [0x0000000705000000, 0x0000000800000000)
  region size 1024K, 137 young (140288K), 5 survivors (5120K)
 Metaspace       used 34804K, capacity 36044K, committed 36272K, reserved 1081344K
  class space    used 4316K, capacity 4786K, committed 4864K, reserved 1048576K
}
Event: 3.028 GC heap after
{Heap after GC invocations=7 (full 0):
 garbage-first heap   total 258048K, used 17243K [0x0000000705000000, 0x0000000800000000)
  region size 1024K, 9 young (9216K), 9 survivors (9216K)
 Metaspace       used 34804K, capacity 36044K, committed 36272K, reserved 1081344K
  class space    used 4316K, capacity 4786K, committed 4864K, reserved 1048576K
}
Event: 4.223 GC heap before
{Heap before GC invocations=7 (full 0):
 garbage-first heap   total 258048K, used 155483K [0x0000000705000000, 0x0000000800000000)
  region size 1024K, 145 young (148480K), 9 survivors (9216K)
 Metaspace       used 43913K, capacity 45408K, committed 45488K, reserved 1089536K
  class space    used 5472K, capacity 6065K, committed 6144K, reserved 1048576K
}
Event: 4.246 GC heap after
{Heap after GC invocations=8 (full 0):
 garbage-first heap   total 258048K, used 24192K [0x0000000705000000, 0x0000000800000000)
  region size 1024K, 15 young (15360K), 15 survivors (15360K)
 Metaspace       used 43913K, capacity 45408K, committed 45488K, reserved 1089536K
  class space    used 5472K, capacity 6065K, committed 6144K, reserved 1048576K
}
Event: 8.955 GC heap before
{Heap before GC invocations=9 (full 0):
 garbage-first heap   total 258048K, used 163456K [0x0000000705000000, 0x0000000800000000)
  region size 1024K, 151 young (154624K), 15 survivors (15360K)
 Metaspace       used 63495K, capacity 65403K, committed 65584K, reserved 1105920K
  class space    used 8230K, capacity 8969K, committed 9088K, reserved 1048576K
}
Event: 8.971 GC heap after
{Heap after GC invocations=10 (full 0):
 garbage-first heap   total 258048K, used 31559K [0x0000000705000000, 0x0000000800000000)
  region size 1024K, 15 young (15360K), 15 survivors (15360K)
 Metaspace       used 63495K, capacity 65403K, committed 65584K, reserved 1105920K
  class space    used 8230K, capacity 8969K, committed 9088K, reserved 1048576K
}
Event: 10.092 GC heap before
{Heap before GC invocations=10 (full 0):
 garbage-first heap   total 258048K, used 170823K [0x0000000705000000, 0x0000000800000000)
  region size 1024K, 151 young (154624K), 15 survivors (15360K)
 Metaspace       used 71987K, capacity 74303K, committed 74416K, reserved 1114112K
  class space    used 9318K, capacity 10204K, committed 10240K, reserved 1048576K
}
Event: 10.107 GC heap after
{Heap after GC invocations=11 (full 0):
 garbage-first heap   total 310272K, used 39177K [0x0000000705000000, 0x0000000800000000)
  region size 1024K, 15 young (15360K), 15 survivors (15360K)
 Metaspace       used 71987K, capacity 74303K, committed 74416K, reserved 1114112K
  class space    used 9318K, capacity 10204K, committed 10240K, reserved 1048576K
}
Event: 10.591 GC heap before
{Heap before GC invocations=11 (full 0):
 garbage-first heap   total 310272K, used 133385K [0x0000000705000000, 0x0000000800000000)
  region size 1024K, 108 young (110592K), 15 survivors (15360K)
 Metaspace       used 73712K, capacity 76148K, committed 76240K, reserved 1116160K
  class space    used 9586K, capacity 10501K, committed 10528K, reserved 1048576K
}
Event: 10.604 GC heap after
{Heap after GC invocations=12 (full 0):
 garbage-first heap   total 310272K, used 42486K [0x0000000705000000, 0x0000000800000000)
  region size 1024K, 11 young (11264K), 11 survivors (11264K)
 Metaspace       used 73712K, capacity 76148K, committed 76240K, reserved 1116160K
  class space    used 9586K, capacity 10501K, committed 10528K, reserved 1048576K
}

Deoptimization events (4 events):
Event: 2.800 Thread 0x000002b1e8d9d800 DEOPT PACKING pc=0x000002b1cc48412c sp=0x000000bced9fcf70
Event: 2.800 Thread 0x000002b1e8d9d800 DEOPT UNPACKING pc=0x000002b1cba1a95e sp=0x000000bced9fc4d8 mode 0
Event: 9.552 Thread 0x000002b1e8d9d800 DEOPT PACKING pc=0x000002b1cc42c67b sp=0x000000bced9fd480
Event: 9.552 Thread 0x000002b1e8d9d800 DEOPT UNPACKING pc=0x000002b1cba1a95e sp=0x000000bced9fc988 mode 3

Classes redefined (0 events):
No events

Internal exceptions (20 events):
Event: 11.146 Thread 0x000002b1e8d9d800 Exception <a 'java/lang/ClassNotFoundException'{0x00000007133c0528}: org/springframework/transaction/support/AbstractPlatformTransactionManagerCustomizer> (0x00000007133c0528) thrown at [./src/hotspot/share/classfile/systemDictionary.cpp, line 230]
Event: 11.147 Thread 0x000002b1e8d9d800 Exception <a 'java/lang/ClassNotFoundException'{0x00000007133e8908}: org/springframework/orm/jpa/JpaTransactionManagerCustomizer> (0x00000007133e8908) thrown at [./src/hotspot/share/classfile/systemDictionary.cpp, line 230]
Event: 11.147 Thread 0x000002b1e8d9d800 Exception <a 'java/lang/ClassNotFoundException'{0x0000000713220250}: org/springframework/transaction/support/ResourceTransactionManagerCustomizer> (0x0000000713220250) thrown at [./src/hotspot/share/classfile/systemDictionary.cpp, line 230]
Event: 11.148 Thread 0x000002b1e8d9d800 Exception <a 'java/lang/ClassNotFoundException'{0x000000071323d518}: org/springframework/transaction/PlatformTransactionManagerCustomizer> (0x000000071323d518) thrown at [./src/hotspot/share/classfile/systemDictionary.cpp, line 230]
Event: 11.148 Thread 0x000002b1e8d9d800 Exception <a 'java/lang/ClassNotFoundException'{0x0000000713259628}: org/springframework/transaction/TransactionManagerCustomizer> (0x0000000713259628) thrown at [./src/hotspot/share/classfile/systemDictionary.cpp, line 230]
Event: 11.148 Thread 0x000002b1e8d9d800 Exception <a 'java/lang/ClassNotFoundException'{0x0000000713273b10}: org/springframework/beans/factory/BeanFactoryAwareCustomizer> (0x0000000713273b10) thrown at [./src/hotspot/share/classfile/systemDictionary.cpp, line 230]
Event: 11.148 Thread 0x000002b1e8d9d800 Exception <a 'java/lang/ClassNotFoundException'{0x000000071328cc08}: org/springframework/beans/factory/AwareCustomizer> (0x000000071328cc08) thrown at [./src/hotspot/share/classfile/systemDictionary.cpp, line 230]
Event: 11.149 Thread 0x000002b1e8d9d800 Exception <a 'java/lang/ClassNotFoundException'{0x00000007132a7048}: org/springframework/beans/factory/InitializingBeanCustomizer> (0x00000007132a7048) thrown at [./src/hotspot/share/classfile/systemDictionary.cpp, line 230]
Event: 11.149 Thread 0x000002b1e8d9d800 Exception <a 'java/lang/ClassNotFoundException'{0x00000007132c36a0}: org/springframework/transaction/PlatformTransactionManagerCustomizer> (0x00000007132c36a0) thrown at [./src/hotspot/share/classfile/systemDictionary.cpp, line 230]
Event: 11.149 Thread 0x000002b1e8d9d800 Exception <a 'java/lang/ClassNotFoundException'{0x00000007132df3e8}: org/springframework/transaction/TransactionManagerCustomizer> (0x00000007132df3e8) thrown at [./src/hotspot/share/classfile/systemDictionary.cpp, line 230]
Event: 11.152 Thread 0x000002b1e8d9d800 Exception <a 'java/lang/ClassNotFoundException'{0x0000000713121f78}: java/lang/ObjectCustomizer> (0x0000000713121f78) thrown at [./src/hotspot/share/classfile/systemDictionary.cpp, line 230]
Event: 11.153 Thread 0x000002b1e8d9d800 Exception <a 'java/lang/ClassNotFoundException'{0x0000000713144c38}: org/springframework/boot/autoconfigure/orm/jpa/HibernateJpaAutoConfigurationCustomizer> (0x0000000713144c38) thrown at [./src/hotspot/share/classfile/systemDictionary.cpp, line 230]
Event: 11.155 Thread 0x000002b1e8d9d800 Exception <a 'java/lang/ClassNotFoundException'{0x000000071316d830}: java/lang/ObjectCustomizer> (0x000000071316d830) thrown at [./src/hotspot/share/classfile/systemDictionary.cpp, line 230]
Event: 11.155 Thread 0x000002b1e8d9d800 Exception <a 'java/lang/ClassNotFoundException'{0x000000071318e640}: org/springframework/boot/autoconfigure/data/redis/RedisPropertiesCustomizer> (0x000000071318e640) thrown at [./src/hotspot/share/classfile/systemDictionary.cpp, line 230]
Event: 11.159 Thread 0x000002b1e8d9d800 Exception <a 'java/lang/ClassNotFoundException'{0x000000071301d270}: java/lang/ObjectCustomizer> (0x000000071301d270) thrown at [./src/hotspot/share/classfile/systemDictionary.cpp, line 230]
Event: 11.159 Thread 0x000002b1e8d9d800 Exception <a 'java/lang/ClassNotFoundException'{0x0000000713040240}: org/springframework/boot/autoconfigure/data/redis/RedisConnectionConfigurationCustomizer> (0x0000000713040240) thrown at [./src/hotspot/share/classfile/systemDictionary.cpp, line 230]
Event: 11.160 Thread 0x000002b1e8d9d800 Exception <a 'java/lang/ClassNotFoundException'{0x0000000713061998}: org/springframework/boot/autoconfigure/data/redis/LettuceConnectionConfigurationCustomizer> (0x0000000713061998) thrown at [./src/hotspot/share/classfile/systemDictionary.cpp, line 230]
Event: 11.253 Thread 0x000002b1e8d9d800 Exception <a 'java/lang/ClassNotFoundException'{0x0000000712825a88}: java/lang/ObjectCustomizer> (0x0000000712825a88) thrown at [./src/hotspot/share/classfile/systemDictionary.cpp, line 230]
Event: 11.254 Thread 0x000002b1e8d9d800 Exception <a 'java/lang/ClassNotFoundException'{0x0000000712841fe0}: io/lettuce/core/resource/DefaultClientResourcesCustomizer> (0x0000000712841fe0) thrown at [./src/hotspot/share/classfile/systemDictionary.cpp, line 230]
Event: 11.254 Thread 0x000002b1e8d9d800 Exception <a 'java/lang/ClassNotFoundException'{0x0000000712864ff8}: io/lettuce/core/resource/ClientResourcesCustomizer> (0x0000000712864ff8) thrown at [./src/hotspot/share/classfile/systemDictionary.cpp, line 230]

Events (20 events):
Event: 11.284 loading class io/lettuce/core/RedisURI
Event: 11.284 loading class io/lettuce/core/RedisURI done
Event: 11.285 loading class io/lettuce/core/ConnectionPoint
Event: 11.285 loading class io/lettuce/core/ConnectionPoint done
Event: 11.286 loading class org/springframework/data/redis/connection/lettuce/LettuceReactiveRedisClusterConnection
Event: 11.286 loading class org/springframework/data/redis/connection/lettuce/LettuceReactiveRedisClusterConnection done
Event: 11.288 loading class org/springframework/data/redis/connection/ReactiveRedisClusterConnection
Event: 11.288 loading class org/springframework/data/redis/connection/ReactiveRedisClusterConnection done
Event: 11.288 loading class org/springframework/data/redis/connection/ReactiveRedisConnection
Event: 11.288 loading class org/springframework/data/redis/connection/ReactiveRedisConnection done
Event: 11.288 loading class org/springframework/data/redis/connection/ReactiveClusterCommands
Event: 11.288 loading class org/springframework/data/redis/connection/ReactiveClusterCommands done
Event: 11.289 loading class org/springframework/data/redis/connection/lettuce/LettuceReactiveRedisConnection
Event: 11.289 loading class org/springframework/data/redis/connection/lettuce/LettuceReactiveRedisConnection done
Event: 11.290 loading class org/springframework/data/redis/connection/RedisClusterConnection
Event: 11.290 loading class org/springframework/data/redis/connection/RedisClusterConnection done
Event: 11.290 loading class org/springframework/data/redis/connection/RedisClusterCommands
Event: 11.290 loading class org/springframework/data/redis/connection/RedisClusterCommands done
Event: 11.290 loading class org/springframework/data/redis/connection/RedisClusterServerCommands
Event: 11.290 loading class org/springframework/data/redis/connection/RedisClusterServerCommands done


Dynamic libraries:
0x00007ff71df50000 - 0x00007ff71df5d000 	C:\Users\bbb26\.jdks\corretto-11.0.17\bin\java.exe
0x00007ff8a3b30000 - 0x00007ff8a3d44000 	C:\WINDOWS\SYSTEM32\ntdll.dll
0x00007ff8a30f0000 - 0x00007ff8a31b2000 	C:\WINDOWS\System32\KERNEL32.DLL
0x00007ff8a0fe0000 - 0x00007ff8a137c000 	C:\WINDOWS\System32\KERNELBASE.dll
0x00007ff8a16b0000 - 0x00007ff8a17c1000 	C:\WINDOWS\System32\ucrtbase.dll
0x00007ff8911f0000 - 0x00007ff891207000 	C:\Users\bbb26\.jdks\corretto-11.0.17\bin\jli.dll
0x00007ff890fb0000 - 0x00007ff890fc9000 	C:\Users\bbb26\.jdks\corretto-11.0.17\bin\VCRUNTIME140.dll
0x00007ff8a3580000 - 0x00007ff8a372a000 	C:\WINDOWS\System32\USER32.dll
0x00007ff8a14a0000 - 0x00007ff8a14c6000 	C:\WINDOWS\System32\win32u.dll
0x00007ff8a02a0000 - 0x00007ff8a052e000 	C:\WINDOWS\WinSxS\amd64_microsoft.windows.common-controls_6595b64144ccf1df_6.0.22621.608_none_a9444ca7c10bb01d\COMCTL32.dll
0x00007ff8a37c0000 - 0x00007ff8a37e9000 	C:\WINDOWS\System32\GDI32.dll
0x00007ff8a1380000 - 0x00007ff8a1492000 	C:\WINDOWS\System32\gdi32full.dll
0x00007ff8a1d60000 - 0x00007ff8a1e07000 	C:\WINDOWS\System32\msvcrt.dll
0x00007ff8a17d0000 - 0x00007ff8a186a000 	C:\WINDOWS\System32\msvcp_win.dll
0x00007ff8a2cb0000 - 0x00007ff8a2ce1000 	C:\WINDOWS\System32\IMM32.DLL
0x00007ff867390000 - 0x00007ff86742b000 	C:\Users\bbb26\.jdks\corretto-11.0.17\bin\msvcp140.dll
0x00007ff833ed0000 - 0x00007ff834a55000 	C:\Users\bbb26\.jdks\corretto-11.0.17\bin\server\jvm.dll
0x00007ff8a19e0000 - 0x00007ff8a1a8e000 	C:\WINDOWS\System32\ADVAPI32.dll
0x00007ff8a1930000 - 0x00007ff8a19d4000 	C:\WINDOWS\System32\sechost.dll
0x00007ff8a3460000 - 0x00007ff8a3575000 	C:\WINDOWS\System32\RPCRT4.dll
0x00007ff8a1a90000 - 0x00007ff8a1a98000 	C:\WINDOWS\System32\PSAPI.DLL
0x00007ff898960000 - 0x00007ff89896a000 	C:\WINDOWS\SYSTEM32\VERSION.dll
0x00007ff887df0000 - 0x00007ff887df9000 	C:\WINDOWS\SYSTEM32\WSOCK32.dll
0x00007ff89a150000 - 0x00007ff89a184000 	C:\WINDOWS\SYSTEM32\WINMM.dll
0x00007ff8a2430000 - 0x00007ff8a24a1000 	C:\WINDOWS\System32\WS2_32.dll
0x00007ff89f740000 - 0x00007ff89f758000 	C:\WINDOWS\SYSTEM32\kernel.appcore.dll
0x00007ff8974f0000 - 0x00007ff897500000 	C:\Users\bbb26\.jdks\corretto-11.0.17\bin\verify.dll
0x00007ff8a0890000 - 0x00007ff8a0abe000 	C:\WINDOWS\SYSTEM32\DBGHELP.DLL
0x00007ff8a2d60000 - 0x00007ff8a30e9000 	C:\WINDOWS\System32\combase.dll
0x00007ff8a3860000 - 0x00007ff8a3937000 	C:\WINDOWS\System32\OLEAUT32.dll
0x00007ff8a0730000 - 0x00007ff8a0762000 	C:\WINDOWS\SYSTEM32\dbgcore.DLL
0x00007ff8a0f60000 - 0x00007ff8a0fdb000 	C:\WINDOWS\System32\bcryptPrimitives.dll
0x00007ff88f380000 - 0x00007ff88f3a8000 	C:\Users\bbb26\.jdks\corretto-11.0.17\bin\java.dll
0x00007ff896030000 - 0x00007ff89603a000 	C:\Users\bbb26\.jdks\corretto-11.0.17\bin\jimage.dll
0x00007ff8985e0000 - 0x00007ff8985ee000 	C:\Users\bbb26\.jdks\corretto-11.0.17\bin\instrument.dll
0x00007ff88f960000 - 0x00007ff88f978000 	C:\Users\bbb26\.jdks\corretto-11.0.17\bin\zip.dll
0x00007ff8a24d0000 - 0x00007ff8a2cad000 	C:\WINDOWS\System32\SHELL32.dll
0x00007ff89e5d0000 - 0x00007ff89ee87000 	C:\WINDOWS\SYSTEM32\windows.storage.dll
0x00007ff89e470000 - 0x00007ff89e5ad000 	C:\WINDOWS\SYSTEM32\wintypes.dll
0x00007ff8a3220000 - 0x00007ff8a3311000 	C:\WINDOWS\System32\SHCORE.dll
0x00007ff8a31c0000 - 0x00007ff8a321e000 	C:\WINDOWS\System32\shlwapi.dll
0x00007ff8a0e90000 - 0x00007ff8a0eb1000 	C:\WINDOWS\SYSTEM32\profapi.dll
0x00007ff88f130000 - 0x00007ff88f149000 	C:\Users\bbb26\.jdks\corretto-11.0.17\bin\net.dll
0x00007ff899e60000 - 0x00007ff899f8f000 	C:\WINDOWS\SYSTEM32\WINHTTP.dll
0x00007ff89fbc0000 - 0x00007ff89fc29000 	C:\WINDOWS\system32\mswsock.dll
0x00007ff88ee50000 - 0x00007ff88ee63000 	C:\Users\bbb26\.jdks\corretto-11.0.17\bin\nio.dll
0x00007ff89f330000 - 0x00007ff89f422000 	C:\WINDOWS\SYSTEM32\DNSAPI.dll
0x00007ff89f2b0000 - 0x00007ff89f2dd000 	C:\WINDOWS\SYSTEM32\IPHLPAPI.DLL
0x00007ff8a2cf0000 - 0x00007ff8a2cf9000 	C:\WINDOWS\System32\NSI.dll
0x00007ff898730000 - 0x00007ff89873a000 	C:\Windows\System32\rasadhlp.dll
0x00007ff898800000 - 0x00007ff898883000 	C:\WINDOWS\System32\fwpuclnt.dll
0x00007ff898420000 - 0x00007ff898429000 	C:\Users\bbb26\.jdks\corretto-11.0.17\bin\management.dll
0x00007ff898410000 - 0x00007ff89841b000 	C:\Users\bbb26\.jdks\corretto-11.0.17\bin\management_ext.dll
0x00007ff8a0bb0000 - 0x00007ff8a0bcb000 	C:\WINDOWS\SYSTEM32\CRYPTSP.dll
0x00007ff89f840000 - 0x00007ff89f875000 	C:\WINDOWS\system32\rsaenh.dll
0x00007ff89fcd0000 - 0x00007ff89fcf8000 	C:\WINDOWS\SYSTEM32\USERENV.dll
0x00007ff8a0860000 - 0x00007ff8a0888000 	C:\WINDOWS\SYSTEM32\bcrypt.dll
0x00007ff89ff80000 - 0x00007ff89ff8c000 	C:\WINDOWS\SYSTEM32\CRYPTBASE.dll
0x00007ff899aa0000 - 0x00007ff899ab9000 	C:\WINDOWS\SYSTEM32\dhcpcsvc6.DLL
0x00007ff899c80000 - 0x00007ff899c9f000 	C:\WINDOWS\SYSTEM32\dhcpcsvc.DLL
0x00007ff87eea0000 - 0x00007ff87eeb7000 	C:\WINDOWS\system32\napinsp.dll
0x00007ff87ee10000 - 0x00007ff87ee2b000 	C:\WINDOWS\system32\pnrpnsp.dll
0x00007ff87edc0000 - 0x00007ff87edd1000 	C:\WINDOWS\System32\winrnr.dll
0x00007ff87ea20000 - 0x00007ff87ea35000 	C:\WINDOWS\system32\wshbth.dll
0x00007ff87e9f0000 - 0x00007ff87ea11000 	C:\WINDOWS\system32\nlansp_c.dll
0x00007ff894d40000 - 0x00007ff894d4e000 	C:\Users\bbb26\.jdks\corretto-11.0.17\bin\sunmscapi.dll
0x00007ff8a1540000 - 0x00007ff8a16a6000 	C:\WINDOWS\System32\CRYPT32.dll
0x00007ff8a0180000 - 0x00007ff8a01ad000 	C:\WINDOWS\SYSTEM32\ncrypt.dll
0x00007ff8a0140000 - 0x00007ff8a0177000 	C:\WINDOWS\SYSTEM32\NTASN1.dll
0x00007ff8914b0000 - 0x00007ff8914d5000 	C:\Users\bbb26\.jdks\corretto-11.0.17\bin\sunec.dll

dbghelp: loaded successfully - version: 4.0.5 - missing functions: none
symbol engine: initialized successfully - sym options: 0x614 - pdb path: .;C:\Users\bbb26\.jdks\corretto-11.0.17\bin;C:\WINDOWS\SYSTEM32;C:\WINDOWS\WinSxS\amd64_microsoft.windows.common-controls_6595b64144ccf1df_6.0.22621.608_none_a9444ca7c10bb01d;C:\Users\bbb26\.jdks\corretto-11.0.17\bin\server

VM Arguments:
jvm_args: -XX:TieredStopAtLevel=1 -Xverify:none -Dspring.output.ansi.enabled=always -Dcom.sun.management.jmxremote -Dspring.jmx.enabled=true -Dspring.liveBeansView.mbeanDomain -Dspring.application.admin.enabled=true -javaagent:D:\Learn\IntelliJ IDEA 2022.1.1\lib\idea_rt.jar=57560:D:\Learn\IntelliJ IDEA 2022.1.1/bin -Dfile.encoding=UTF-8 
java_command: com.example.doctorcare.DoctorCareApplication
java_class_path (initial): D:\Learn\Do An Tot Nghiep\Git\BookingCare\target\classes;C:\Users\bbb26\.m2\repository\org\springframework\boot\spring-boot-starter-data-jpa\2.7.6-SNAPSHOT\spring-boot-starter-data-jpa-2.7.6-20221026.055107-9.jar;C:\Users\bbb26\.m2\repository\org\springframework\boot\spring-boot-starter-jdbc\2.7.6-SNAPSHOT\spring-boot-starter-jdbc-2.7.6-20221026.055107-9.jar;C:\Users\bbb26\.m2\repository\com\zaxxer\HikariCP\4.0.3\HikariCP-4.0.3.jar;C:\Users\bbb26\.m2\repository\org\springframework\spring-jdbc\5.3.23\spring-jdbc-5.3.23.jar;C:\Users\bbb26\.m2\repository\jakarta\transaction\jakarta.transaction-api\1.3.3\jakarta.transaction-api-1.3.3.jar;C:\Users\bbb26\.m2\repository\jakarta\persistence\jakarta.persistence-api\2.2.3\jakarta.persistence-api-2.2.3.jar;C:\Users\bbb26\.m2\repository\org\hibernate\hibernate-core\5.6.12.Final\hibernate-core-5.6.12.Final.jar;C:\Users\bbb26\.m2\repository\org\jboss\logging\jboss-logging\3.4.3.Final\jboss-logging-3.4.3.Final.jar;C:\Users\bbb26\.m2\repository\net\bytebuddy\byte-buddy\1.12.18\byte-buddy-1.12.18.jar;C:\Users\bbb26\.m2\repository\antlr\antlr\2.7.7\antlr-2.7.7.jar;C:\Users\bbb26\.m2\repository\org\jboss\jandex\2.4.2.Final\jandex-2.4.2.Final.jar;C:\Users\bbb26\.m2\repository\com\fasterxml\classmate\1.5.1\classmate-1.5.1.jar;C:\Users\bbb26\.m2\repository\org\hibernate\common\hibernate-commons-annotations\5.1.2.Final\hibernate-commons-annotations-5.1.2.Final.jar;C:\Users\bbb26\.m2\repository\org\glassfish\jaxb\jaxb-runtime\2.3.7\jaxb-runtime-2.3.7.jar;C:\Users\bbb26\.m2\repository\org\glassfish\jaxb\txw2\2.3.7\txw2-2.3.7.jar;C:\Users\bbb26\.m2\repository\com\sun\istack\istack-commons-runtime\3.0.12\istack-commons-runtime-3.0.12.jar;C:\Users\bbb26\.m2\repository\org\springframework\data\spring-data-jpa\2.7.5\spring-data-jpa-2.7.5.jar;C:\Users\bbb26\.m2\repository\org\springframework\data\spring-data-commons\2.7.5\spring-data-commons-2.7.5.jar;C:\Users\bbb26\.m2\repository\org\springframework\spring-orm\5.3.23
Launcher Type: SUN_STANDARD

[Global flags]
     bool BytecodeVerificationLocal                = false                                     {product} {command line}
     bool BytecodeVerificationRemote               = false                                     {product} {command line}
     intx CICompilerCount                          = 4                                         {product} {ergonomic}
     uint ConcGCThreads                            = 2                                         {product} {ergonomic}
     uint G1ConcRefinementThreads                  = 8                                         {product} {ergonomic}
   size_t G1HeapRegionSize                         = 1048576                                   {product} {ergonomic}
    uintx GCDrainStackTargetSize                   = 64                                        {product} {ergonomic}
   size_t InitialHeapSize                          = 264241152                                 {product} {ergonomic}
     bool ManagementServer                         = true                                      {product} {command line}
   size_t MarkStackSize                            = 4194304                                   {product} {ergonomic}
   size_t MaxHeapSize                              = 4211081216                                {product} {ergonomic}
   size_t MaxNewSize                               = 2526019584                                {product} {ergonomic}
   size_t MinHeapDeltaBytes                        = 1048576                                   {product} {ergonomic}
    uintx NonNMethodCodeHeapSize                   = 7549744                                {pd product} {ergonomic}
    uintx NonProfiledCodeHeapSize                  = 244108496                              {pd product} {ergonomic}
    uintx ProfiledCodeHeapSize                     = 0                                      {pd product} {ergonomic}
    uintx ReservedCodeCacheSize                    = 251658240                              {pd product} {ergonomic}
     bool SegmentedCodeCache                       = true                                      {product} {ergonomic}
     intx TieredStopAtLevel                        = 1                                         {product} {command line}
     bool UseCompressedClassPointers               = true                                 {lp64_product} {ergonomic}
     bool UseCompressedOops                        = true                                 {lp64_product} {ergonomic}
     bool UseG1GC                                  = true                                      {product} {ergonomic}
     bool UseLargePagesIndividualAllocation        = false                                  {pd product} {ergonomic}

Logging:
Log output configuration:
 #0: stdout all=warning uptime,level,tags
 #1: stderr all=off uptime,level,tags

Environment Variables:
JAVA_HOME=C:\Program Files\Eclipse Adoptium\jdk-17.0.5.8-hotspot\
PATH=C:\Program Files\Eclipse Adoptium\jdk-17.0.5.8-hotspot\bin;C:\Python310\Scripts\;C:\Python310\;C:\Program Files\Common Files\Oracle\Java\javapath;C:\Program Files (x86)\Common Files\Oracle\Java\javapath;C:\Windows\system32;C:\Windows;C:\Windows\System32\Wbem;C:\Windows\System32\WindowsPowerShell\v1.0\;C:\Windows\System32\OpenSSH\;C:\Program Files\dotnet\;C:\Program Files\Java\jdk-17\bin;D:\Learn\Javafullstack\apache-maven-3.8.5\bin;C:\Program Files\PuTTY\;C:\Program Files (x86)\VietPN;C:\Program Files\Git\cmd;C:\Program Files (x86)\NVIDIA Corporation\PhysX\Common;C:\Program Files\NVIDIA Corporation\NVIDIA NvDLISR;C:\WINDOWS\system32;C:\WINDOWS;C:\WINDOWS\System32\Wbem;C:\WINDOWS\System32\WindowsPowerShell\v1.0\;C:\WINDOWS\System32\OpenSSH\;C:\Program Files\nodejs\;C:\ProgramData\chocolatey\bin;C:\Users\bbb26\AppData\Roaming\Python\Python310\Scripts;C:\Program Files (x86)\Yarn\bin\;C:\Users\bbb26\AppData\Local\Programs\Python\Python311\Scripts\;C:\Users\bbb26\AppData\Local\Programs\Python\Python311\;C:\Users\bbb26\AppData\Local\Microsoft\WindowsApps;D:\Learn\IntelliJ IDEA 2022.1.1\bin;;C:\Program Files\JetBrains\IntelliJ IDEA Community Edition 2022.1.1\bin;;C:\Users\bbb26\AppData\Local\GitHubDesktop\bin;C:\Users\bbb26\AppData\Roaming\npm;C:\Program Files\heroku\bin;C:\Users\bbb26\AppData\Local\Programs\Microsoft VS Code\bin;C:\Users\bbb26\AppData\Local\Yarn\bin
USERNAME=bbb26
OS=Windows_NT
PROCESSOR_IDENTIFIER=AMD64 Family 23 Model 24 Stepping 1, AuthenticAMD
TMP=C:\Users\bbb26\AppData\Local\Temp
TEMP=C:\Users\bbb26\AppData\Local\Temp



---------------  S Y S T E M  ---------------

OS: Windows 11 , 64 bit Build 22621 (10.0.22621.608)
OS uptime: 0 days 12:32 hours

CPU:total 8 (initial active 8) (8 cores per cpu, 2 threads per core) family 23 model 24 stepping 1 microcode 0x0, cmov, cx8, fxsr, mmx, sse, sse2, sse3, ssse3, sse4.1, sse4.2, popcnt, avx, avx2, aes, clmul, mmxext, 3dnowpref, lzcnt, sse4a, ht, tsc, tscinvbit, tscinv, bmi1, bmi2, adx, sha, fma

Memory: 4k page, system-wide physical 16063M (3669M free)
TotalPageFile size 19063M (AvailPageFile size 5M)
current process WorkingSet (physical memory assigned to process): 413M, peak: 413M
current process commit charge ("private bytes"): 514M, peak: 514M

vm_info: OpenJDK 64-Bit Server VM (11.0.17+8-LTS) for windows-amd64 JRE (11.0.17+8-LTS), built on Oct 14 2022 18:02:01 by "Administrator" with MS VC++ 15.9 (VS2017)

END.
