#
# There is insufficient memory for the Java Runtime Environment to continue.
# Native memory allocation (mmap) failed to map 65536 bytes for Failed to commit metaspace.
# Possible reasons:
#   The system is out of physical RAM or swap space
#   The process is running with CompressedOops enabled, and the Java Heap may be blocking the growth of the native heap
# Possible solutions:
#   Reduce memory load on the system
#   Increase physical memory or swap space
#   Check if swap backing store is full
#   Decrease Java heap size (-Xmx/-Xms)
#   Decrease number of Java threads
#   Decrease Java thread stack sizes (-Xss)
#   Set larger code cache with -XX:ReservedCodeCacheSize=
#   JVM is running with Zero Based Compressed Oops mode in which the Java heap is
#     placed in the first 32GB address space. The Java Heap base address is the
#     maximum limit for the native heap growth. Please use -XX:HeapBaseMinAddress
#     to set the Java Heap base and to place the Java Heap above 32GB virtual address.
# This output file may be truncated or incomplete.
#
#  Out of Memory Error (virtualSpaceNode.cpp:110), pid=30048, tid=31056
#
# JRE version: Java(TM) SE Runtime Environment (17.0+35) (build 17+35-LTS-2724)
# Java VM: Java HotSpot(TM) 64-Bit Server VM (17+35-LTS-2724, mixed mode, emulated-client, sharing, tiered, compressed oops, compressed class ptrs, g1 gc, windows-amd64)
# No core dump will be written. Minidumps are not enabled by default on client versions of Windows
#

---------------  S U M M A R Y ------------

Command Line: -agentlib:jdwp=transport=dt_socket,address=127.0.0.1:55138,suspend=y,server=n -XX:TieredStopAtLevel=1 -Xverify:none -Dspring.output.ansi.enabled=always -Dcom.sun.management.jmxremote -Dspring.jmx.enabled=true -Dspring.liveBeansView.mbeanDomain -Dspring.application.admin.enabled=true -javaagent:C:\Users\bbb26\AppData\Local\JetBrains\IntelliJIdea2022.1\captureAgent\debugger-agent.jar -Dfile.encoding=UTF-8 com.example.doctorcare.DoctorCareApplication

Host: AMD Ryzen 7 3750H with Radeon Vega Mobile Gfx  , 8 cores, 14G,  Windows 10 , 64 bit Build 22621 (10.0.22621.608)
Time: Sat Oct 22 10:54:20 2022 SE Asia Standard Time elapsed time: 3.963811 seconds (0d 0h 0m 3s)

---------------  T H R E A D  ---------------

Current thread (0x0000025948f2c200):  JavaThread "background-preinit" [_thread_in_vm, id=31056, stack(0x000000cbf3400000,0x000000cbf3500000)]

Stack: [0x000000cbf3400000,0x000000cbf3500000]
Native frames: (J=compiled Java code, j=interpreted, Vv=VM code, C=native code)
V  [jvm.dll+0x66f8ea]
V  [jvm.dll+0x7ce224]
V  [jvm.dll+0x7cf9ce]
V  [jvm.dll+0x7d0033]
V  [jvm.dll+0x242bb5]
V  [jvm.dll+0x7ca1cb]
V  [jvm.dll+0x615a46]
V  [jvm.dll+0x1be28e]
V  [jvm.dll+0x618381]
V  [jvm.dll+0x6163e6]
V  [jvm.dll+0x23717f]
V  [jvm.dll+0x620015]
V  [jvm.dll+0x1e7e7b]
V  [jvm.dll+0x1e83b5]
V  [jvm.dll+0x1e8def]
V  [jvm.dll+0x1de2e1]
V  [jvm.dll+0x5375c0]
V  [jvm.dll+0x749598]
V  [jvm.dll+0x749684]
V  [jvm.dll+0x4088c5]
V  [jvm.dll+0x40e918]
C  [java.dll+0x17ec]

Java frames: (J=compiled Java code, j=interpreted, Vv=VM code)
J 1260  java.lang.ClassLoader.defineClass1(Ljava/lang/ClassLoader;Ljava/lang/String;[BIILjava/security/ProtectionDomain;Ljava/lang/String;)Ljava/lang/Class; java.base@17 (0 bytes) @ 0x0000025938c7ea63 [0x0000025938c7e9a0+0x00000000000000c3]
J 1320 c1 java.lang.ClassLoader.defineClass(Ljava/lang/String;[BIILjava/security/ProtectionDomain;)Ljava/lang/Class; java.base@17 (43 bytes) @ 0x0000025938c9c5a4 [0x0000025938c9c460+0x0000000000000144]
J 1312 c1 jdk.internal.loader.BuiltinClassLoader.defineClass(Ljava/lang/String;Ljdk/internal/loader/Resource;)Ljava/lang/Class; java.base@17 (121 bytes) @ 0x0000025938c9a624 [0x0000025938c9a120+0x0000000000000504]
J 1295 c1 jdk.internal.loader.BuiltinClassLoader.findClassOnClassPathOrNull(Ljava/lang/String;)Ljava/lang/Class; java.base@17 (64 bytes) @ 0x0000025938c9049c [0x0000025938c901a0+0x00000000000002fc]
J 1043 c1 jdk.internal.loader.BuiltinClassLoader.loadClassOrNull(Ljava/lang/String;Z)Ljava/lang/Class; java.base@17 (143 bytes) @ 0x0000025938c224dc [0x0000025938c22000+0x00000000000004dc]
J 1167 c1 jdk.internal.loader.ClassLoaders$AppClassLoader.loadClass(Ljava/lang/String;Z)Ljava/lang/Class; java.base@17 (40 bytes) @ 0x0000025938c5aebc [0x0000025938c5ad80+0x000000000000013c]
J 1157 c1 java.lang.ClassLoader.loadClass(Ljava/lang/String;)Ljava/lang/Class; java.base@17 (7 bytes) @ 0x0000025938c581fc [0x0000025938c581a0+0x000000000000005c]
v  ~StubRoutines::call_stub
j  org.hibernate.validator.internal.metadata.core.ConstraintHelper.<init>(Ljava/util/Set;)V+2693
j  org.hibernate.validator.internal.metadata.core.ConstraintHelper.forAllBuiltinConstraints()Lorg/hibernate/validator/internal/metadata/core/ConstraintHelper;+17
j  org.hibernate.validator.internal.engine.ValidatorFactoryImpl.<init>(Ljavax/validation/spi/ConfigurationState;)V+214
j  org.hibernate.validator.HibernateValidator.buildValidatorFactory(Ljavax/validation/spi/ConfigurationState;)Ljavax/validation/ValidatorFactory;+5
j  org.hibernate.validator.internal.engine.AbstractConfigurationImpl.buildValidatorFactory()Ljavax/validation/ValidatorFactory;+211
j  org.springframework.boot.autoconfigure.BackgroundPreinitializer$ValidationInitializer.run()V+10
j  org.springframework.boot.autoconfigure.BackgroundPreinitializer$1.runSafely(Ljava/lang/Runnable;)V+1
j  org.springframework.boot.autoconfigure.BackgroundPreinitializer$1.run()V+21
j  java.lang.Thread.run()V+11 java.base@17
v  ~StubRoutines::call_stub

---------------  P R O C E S S  ---------------

Threads class SMR info:
_java_thread_list=0x0000025948e63130, length=23, elements={
0x0000025930fe4360, 0x00000259471c47b0, 0x00000259471c5160, 0x00000259471d9480,
0x00000259471dad50, 0x00000259471db700, 0x00000259471dc0b0, 0x00000259471dea70,
0x0000025947c08070, 0x0000025947c4e380, 0x00000259471b2b50, 0x0000025947d13550,
0x0000025947d17990, 0x0000025947d3a400, 0x0000025947d3cb30, 0x000002594849d5b0,
0x00000259485358d0, 0x0000025948539940, 0x00000259485ca400, 0x000002594875d430,
0x00000259483a2250, 0x0000025948e5c070, 0x0000025948f2c200
}

Java Threads: ( => current thread )
  0x0000025930fe4360 JavaThread "main" [_thread_in_vm, id=19340, stack(0x000000cbf1000000,0x000000cbf1100000)]
  0x00000259471c47b0 JavaThread "Reference Handler" daemon [_thread_blocked, id=8312, stack(0x000000cbf1700000,0x000000cbf1800000)]
  0x00000259471c5160 JavaThread "Finalizer" daemon [_thread_blocked, id=25092, stack(0x000000cbf1800000,0x000000cbf1900000)]
  0x00000259471d9480 JavaThread "Signal Dispatcher" daemon [_thread_blocked, id=30840, stack(0x000000cbf1900000,0x000000cbf1a00000)]
  0x00000259471dad50 JavaThread "Attach Listener" daemon [_thread_blocked, id=29040, stack(0x000000cbf1a00000,0x000000cbf1b00000)]
  0x00000259471db700 JavaThread "Service Thread" daemon [_thread_blocked, id=18840, stack(0x000000cbf1b00000,0x000000cbf1c00000)]
  0x00000259471dc0b0 JavaThread "Monitor Deflation Thread" daemon [_thread_blocked, id=19336, stack(0x000000cbf1c00000,0x000000cbf1d00000)]
  0x00000259471dea70 JavaThread "C1 CompilerThread0" daemon [_thread_blocked, id=20780, stack(0x000000cbf1d00000,0x000000cbf1e00000)]
  0x0000025947c08070 JavaThread "Sweeper thread" daemon [_thread_blocked, id=28096, stack(0x000000cbf1e00000,0x000000cbf1f00000)]
  0x0000025947c4e380 JavaThread "Common-Cleaner" daemon [_thread_blocked, id=30548, stack(0x000000cbf1f00000,0x000000cbf2000000)]
  0x00000259471b2b50 JavaThread "C1 CompilerThread1" daemon [_thread_blocked, id=26288, stack(0x000000cbf2000000,0x000000cbf2100000)]
  0x0000025947d13550 JavaThread "JDWP Transport Listener: dt_socket" daemon [_thread_blocked, id=11884, stack(0x000000cbf2100000,0x000000cbf2200000)]
  0x0000025947d17990 JavaThread "JDWP Event Helper Thread" daemon [_thread_blocked, id=8776, stack(0x000000cbf2200000,0x000000cbf2300000)]
  0x0000025947d3a400 JavaThread "JDWP Command Reader" daemon [_thread_in_native, id=8808, stack(0x000000cbf2300000,0x000000cbf2400000)]
  0x0000025947d3cb30 JavaThread "Notification Thread" daemon [_thread_blocked, id=11524, stack(0x000000cbf2400000,0x000000cbf2500000)]
  0x000002594849d5b0 JavaThread "RMI TCP Accept-0" daemon [_thread_in_native, id=5964, stack(0x000000cbf2500000,0x000000cbf2600000)]
  0x00000259485358d0 JavaThread "C1 CompilerThread2" daemon [_thread_blocked, id=29424, stack(0x000000cbf2700000,0x000000cbf2800000)]
  0x0000025948539940 JavaThread "C1 CompilerThread3" daemon [_thread_blocked, id=4128, stack(0x000000cbf2800000,0x000000cbf2900000)]
  0x00000259485ca400 JavaThread "RMI TCP Connection(2)-192.168.0.5" daemon [_thread_in_native, id=6712, stack(0x000000cbf3000000,0x000000cbf3100000)]
  0x000002594875d430 JavaThread "RMI Scheduler(0)" daemon [_thread_blocked, id=14312, stack(0x000000cbf3100000,0x000000cbf3200000)]
  0x00000259483a2250 JavaThread "RMI TCP Connection(4)-192.168.0.5" daemon [_thread_in_native, id=31420, stack(0x000000cbf3200000,0x000000cbf3300000)]
  0x0000025948e5c070 JavaThread "RMI TCP Connection(5)-192.168.0.5" daemon [_thread_in_native, id=300, stack(0x000000cbf3300000,0x000000cbf3400000)]
=>0x0000025948f2c200 JavaThread "background-preinit" [_thread_in_vm, id=31056, stack(0x000000cbf3400000,0x000000cbf3500000)]

Other Threads:
  0x00000259471c0e20 VMThread "VM Thread" [stack: 0x000000cbf1600000,0x000000cbf1700000] [id=8332]
  0x0000025930fe4fe0 WatcherThread [stack: 0x000000cbf2600000,0x000000cbf2700000] [id=4796]
  0x0000025931033c00 GCTaskThread "GC Thread#0" [stack: 0x000000cbf1100000,0x000000cbf1200000] [id=24708]
  0x000002594853e7c0 GCTaskThread "GC Thread#1" [stack: 0x000000cbf2900000,0x000000cbf2a00000] [id=21756]
  0x000002594853ea70 GCTaskThread "GC Thread#2" [stack: 0x000000cbf2a00000,0x000000cbf2b00000] [id=24996]
  0x000002594853ed20 GCTaskThread "GC Thread#3" [stack: 0x000000cbf2b00000,0x000000cbf2c00000] [id=22640]
  0x000002594853f7f0 GCTaskThread "GC Thread#4" [stack: 0x000000cbf2c00000,0x000000cbf2d00000] [id=3340]
  0x000002594856a240 GCTaskThread "GC Thread#5" [stack: 0x000000cbf2d00000,0x000000cbf2e00000] [id=4504]
  0x000002594856ad00 GCTaskThread "GC Thread#6" [stack: 0x000000cbf2e00000,0x000000cbf2f00000] [id=25516]
  0x00000259485713d0 GCTaskThread "GC Thread#7" [stack: 0x000000cbf2f00000,0x000000cbf3000000] [id=5660]
  0x0000025931043940 ConcurrentGCThread "G1 Main Marker" [stack: 0x000000cbf1200000,0x000000cbf1300000] [id=25280]
  0x0000025931044250 ConcurrentGCThread "G1 Conc#0" [stack: 0x000000cbf1300000,0x000000cbf1400000] [id=17872]
  0x0000025931099540 ConcurrentGCThread "G1 Refine#0" [stack: 0x000000cbf1400000,0x000000cbf1500000] [id=24116]
  0x00000259470620d0 ConcurrentGCThread "G1 Service" [stack: 0x000000cbf1500000,0x000000cbf1600000] [id=1736]

Threads with active compile tasks:

VM state: not at safepoint (normal execution)

VM Mutex/Monitor currently owned by a thread:  ([mutex/lock_event])
[0x0000025930fdea30] Metaspace_lock - owner thread: 0x0000025948f2c200

Heap address: 0x0000000711000000, size: 3824 MB, Compressed Oops mode: Zero based, Oop shift amount: 3

CDS archive(s) mapped at: [0x0000000800000000-0x0000000800bc0000-0x0000000800bc0000), size 12320768, SharedBaseAddress: 0x0000000800000000, ArchiveRelocationMode: 0.
Compressed class space mapped at: 0x0000000800c00000-0x0000000840c00000, reserved size: 1073741824
Narrow klass base: 0x0000000800000000, Narrow klass shift: 0, Narrow klass range: 0x100000000

GC Precious Log:
 CPUs: 8 total, 8 available
 Memory: 15295M
 Large Page Support: Disabled
 NUMA Support: Disabled
 Compressed Oops: Enabled (Zero based)
 Heap Region Size: 2M
 Heap Min Capacity: 8M
 Heap Initial Capacity: 240M
 Heap Max Capacity: 3824M
 Pre-touch: Disabled
 Parallel Workers: 8
 Concurrent Workers: 2
 Concurrent Refinement Workers: 8
 Periodic GC: Disabled

Heap:
 garbage-first heap   total 245760K, used 41661K [0x0000000711000000, 0x0000000800000000)
  region size 2048K, 18 young (36864K), 1 survivors (2048K)
 Metaspace       used 15067K, committed 15360K, reserved 1064960K
  class space    used 2080K, committed 2240K, reserved 1048576K

Heap Regions: E=young(eden), S=young(survivor), O=old, HS=humongous(starts), HC=humongous(continues), CS=collection set, F=free, OA=open archive, CA=closed archive, TAMS=top-at-mark-start (previous, next)
|   0|0x0000000711000000, 0x0000000711200000, 0x0000000711200000|100%| O|  |TAMS 0x0000000711000000, 0x0000000711000000| Untracked 
|   1|0x0000000711200000, 0x0000000711400000, 0x0000000711400000|100%| O|  |TAMS 0x0000000711200000, 0x0000000711200000| Untracked 
|   2|0x0000000711400000, 0x0000000711600000, 0x0000000711600000|100%| O|  |TAMS 0x0000000711400000, 0x0000000711400000| Untracked 
|   3|0x0000000711600000, 0x00000007116af400, 0x0000000711800000| 34%| O|  |TAMS 0x0000000711600000, 0x0000000711600000| Untracked 
|   4|0x0000000711800000, 0x0000000711800000, 0x0000000711a00000|  0%| F|  |TAMS 0x0000000711800000, 0x0000000711800000| Untracked 
|   5|0x0000000711a00000, 0x0000000711a00000, 0x0000000711c00000|  0%| F|  |TAMS 0x0000000711a00000, 0x0000000711a00000| Untracked 
|   6|0x0000000711c00000, 0x0000000711c00000, 0x0000000711e00000|  0%| F|  |TAMS 0x0000000711c00000, 0x0000000711c00000| Untracked 
|   7|0x0000000711e00000, 0x0000000711e00000, 0x0000000712000000|  0%| F|  |TAMS 0x0000000711e00000, 0x0000000711e00000| Untracked 
|   8|0x0000000712000000, 0x0000000712000000, 0x0000000712200000|  0%| F|  |TAMS 0x0000000712000000, 0x0000000712000000| Untracked 
|   9|0x0000000712200000, 0x0000000712200000, 0x0000000712400000|  0%| F|  |TAMS 0x0000000712200000, 0x0000000712200000| Untracked 
|  10|0x0000000712400000, 0x0000000712400000, 0x0000000712600000|  0%| F|  |TAMS 0x0000000712400000, 0x0000000712400000| Untracked 
|  11|0x0000000712600000, 0x0000000712600000, 0x0000000712800000|  0%| F|  |TAMS 0x0000000712600000, 0x0000000712600000| Untracked 
|  12|0x0000000712800000, 0x0000000712800000, 0x0000000712a00000|  0%| F|  |TAMS 0x0000000712800000, 0x0000000712800000| Untracked 
|  13|0x0000000712a00000, 0x0000000712a00000, 0x0000000712c00000|  0%| F|  |TAMS 0x0000000712a00000, 0x0000000712a00000| Untracked 
|  14|0x0000000712c00000, 0x0000000712c00000, 0x0000000712e00000|  0%| F|  |TAMS 0x0000000712c00000, 0x0000000712c00000| Untracked 
|  15|0x0000000712e00000, 0x0000000712e00000, 0x0000000713000000|  0%| F|  |TAMS 0x0000000712e00000, 0x0000000712e00000| Untracked 
|  16|0x0000000713000000, 0x0000000713000000, 0x0000000713200000|  0%| F|  |TAMS 0x0000000713000000, 0x0000000713000000| Untracked 
|  17|0x0000000713200000, 0x0000000713200000, 0x0000000713400000|  0%| F|  |TAMS 0x0000000713200000, 0x0000000713200000| Untracked 
|  18|0x0000000713400000, 0x0000000713400000, 0x0000000713600000|  0%| F|  |TAMS 0x0000000713400000, 0x0000000713400000| Untracked 
|  19|0x0000000713600000, 0x0000000713600000, 0x0000000713800000|  0%| F|  |TAMS 0x0000000713600000, 0x0000000713600000| Untracked 
|  20|0x0000000713800000, 0x0000000713800000, 0x0000000713a00000|  0%| F|  |TAMS 0x0000000713800000, 0x0000000713800000| Untracked 
|  21|0x0000000713a00000, 0x0000000713a00000, 0x0000000713c00000|  0%| F|  |TAMS 0x0000000713a00000, 0x0000000713a00000| Untracked 
|  22|0x0000000713c00000, 0x0000000713c00000, 0x0000000713e00000|  0%| F|  |TAMS 0x0000000713c00000, 0x0000000713c00000| Untracked 
|  23|0x0000000713e00000, 0x0000000713e00000, 0x0000000714000000|  0%| F|  |TAMS 0x0000000713e00000, 0x0000000713e00000| Untracked 
|  24|0x0000000714000000, 0x0000000714000000, 0x0000000714200000|  0%| F|  |TAMS 0x0000000714000000, 0x0000000714000000| Untracked 
|  25|0x0000000714200000, 0x0000000714200000, 0x0000000714400000|  0%| F|  |TAMS 0x0000000714200000, 0x0000000714200000| Untracked 
|  26|0x0000000714400000, 0x0000000714400000, 0x0000000714600000|  0%| F|  |TAMS 0x0000000714400000, 0x0000000714400000| Untracked 
|  27|0x0000000714600000, 0x0000000714600000, 0x0000000714800000|  0%| F|  |TAMS 0x0000000714600000, 0x0000000714600000| Untracked 
|  28|0x0000000714800000, 0x0000000714800000, 0x0000000714a00000|  0%| F|  |TAMS 0x0000000714800000, 0x0000000714800000| Untracked 
|  29|0x0000000714a00000, 0x0000000714a00000, 0x0000000714c00000|  0%| F|  |TAMS 0x0000000714a00000, 0x0000000714a00000| Untracked 
|  30|0x0000000714c00000, 0x0000000714c00000, 0x0000000714e00000|  0%| F|  |TAMS 0x0000000714c00000, 0x0000000714c00000| Untracked 
|  31|0x0000000714e00000, 0x0000000714e00000, 0x0000000715000000|  0%| F|  |TAMS 0x0000000714e00000, 0x0000000714e00000| Untracked 
|  32|0x0000000715000000, 0x0000000715000000, 0x0000000715200000|  0%| F|  |TAMS 0x0000000715000000, 0x0000000715000000| Untracked 
|  33|0x0000000715200000, 0x0000000715200000, 0x0000000715400000|  0%| F|  |TAMS 0x0000000715200000, 0x0000000715200000| Untracked 
|  34|0x0000000715400000, 0x0000000715400000, 0x0000000715600000|  0%| F|  |TAMS 0x0000000715400000, 0x0000000715400000| Untracked 
|  35|0x0000000715600000, 0x0000000715600000, 0x0000000715800000|  0%| F|  |TAMS 0x0000000715600000, 0x0000000715600000| Untracked 
|  36|0x0000000715800000, 0x0000000715800000, 0x0000000715a00000|  0%| F|  |TAMS 0x0000000715800000, 0x0000000715800000| Untracked 
|  37|0x0000000715a00000, 0x0000000715a00000, 0x0000000715c00000|  0%| F|  |TAMS 0x0000000715a00000, 0x0000000715a00000| Untracked 
|  38|0x0000000715c00000, 0x0000000715c00000, 0x0000000715e00000|  0%| F|  |TAMS 0x0000000715c00000, 0x0000000715c00000| Untracked 
|  39|0x0000000715e00000, 0x0000000715e00000, 0x0000000716000000|  0%| F|  |TAMS 0x0000000715e00000, 0x0000000715e00000| Untracked 
|  40|0x0000000716000000, 0x0000000716000000, 0x0000000716200000|  0%| F|  |TAMS 0x0000000716000000, 0x0000000716000000| Untracked 
|  41|0x0000000716200000, 0x0000000716200000, 0x0000000716400000|  0%| F|  |TAMS 0x0000000716200000, 0x0000000716200000| Untracked 
|  42|0x0000000716400000, 0x0000000716400000, 0x0000000716600000|  0%| F|  |TAMS 0x0000000716400000, 0x0000000716400000| Untracked 
|  43|0x0000000716600000, 0x0000000716600000, 0x0000000716800000|  0%| F|  |TAMS 0x0000000716600000, 0x0000000716600000| Untracked 
|  44|0x0000000716800000, 0x0000000716800000, 0x0000000716a00000|  0%| F|  |TAMS 0x0000000716800000, 0x0000000716800000| Untracked 
|  45|0x0000000716a00000, 0x0000000716a00000, 0x0000000716c00000|  0%| F|  |TAMS 0x0000000716a00000, 0x0000000716a00000| Untracked 
|  46|0x0000000716c00000, 0x0000000716c00000, 0x0000000716e00000|  0%| F|  |TAMS 0x0000000716c00000, 0x0000000716c00000| Untracked 
|  47|0x0000000716e00000, 0x0000000716e00000, 0x0000000717000000|  0%| F|  |TAMS 0x0000000716e00000, 0x0000000716e00000| Untracked 
|  48|0x0000000717000000, 0x0000000717000000, 0x0000000717200000|  0%| F|  |TAMS 0x0000000717000000, 0x0000000717000000| Untracked 
|  49|0x0000000717200000, 0x0000000717200000, 0x0000000717400000|  0%| F|  |TAMS 0x0000000717200000, 0x0000000717200000| Untracked 
|  50|0x0000000717400000, 0x0000000717400000, 0x0000000717600000|  0%| F|  |TAMS 0x0000000717400000, 0x0000000717400000| Untracked 
|  51|0x0000000717600000, 0x0000000717600000, 0x0000000717800000|  0%| F|  |TAMS 0x0000000717600000, 0x0000000717600000| Untracked 
|  52|0x0000000717800000, 0x0000000717800000, 0x0000000717a00000|  0%| F|  |TAMS 0x0000000717800000, 0x0000000717800000| Untracked 
|  53|0x0000000717a00000, 0x0000000717a00000, 0x0000000717c00000|  0%| F|  |TAMS 0x0000000717a00000, 0x0000000717a00000| Untracked 
|  54|0x0000000717c00000, 0x0000000717c00000, 0x0000000717e00000|  0%| F|  |TAMS 0x0000000717c00000, 0x0000000717c00000| Untracked 
|  55|0x0000000717e00000, 0x0000000717e00000, 0x0000000718000000|  0%| F|  |TAMS 0x0000000717e00000, 0x0000000717e00000| Untracked 
|  56|0x0000000718000000, 0x0000000718000000, 0x0000000718200000|  0%| F|  |TAMS 0x0000000718000000, 0x0000000718000000| Untracked 
|  57|0x0000000718200000, 0x0000000718200000, 0x0000000718400000|  0%| F|  |TAMS 0x0000000718200000, 0x0000000718200000| Untracked 
|  58|0x0000000718400000, 0x0000000718400000, 0x0000000718600000|  0%| F|  |TAMS 0x0000000718400000, 0x0000000718400000| Untracked 
|  59|0x0000000718600000, 0x0000000718600000, 0x0000000718800000|  0%| F|  |TAMS 0x0000000718600000, 0x0000000718600000| Untracked 
|  60|0x0000000718800000, 0x0000000718800000, 0x0000000718a00000|  0%| F|  |TAMS 0x0000000718800000, 0x0000000718800000| Untracked 
|  61|0x0000000718a00000, 0x0000000718a00000, 0x0000000718c00000|  0%| F|  |TAMS 0x0000000718a00000, 0x0000000718a00000| Untracked 
|  62|0x0000000718c00000, 0x0000000718c00000, 0x0000000718e00000|  0%| F|  |TAMS 0x0000000718c00000, 0x0000000718c00000| Untracked 
|  63|0x0000000718e00000, 0x0000000718e00000, 0x0000000719000000|  0%| F|  |TAMS 0x0000000718e00000, 0x0000000718e00000| Untracked 
|  64|0x0000000719000000, 0x0000000719000000, 0x0000000719200000|  0%| F|  |TAMS 0x0000000719000000, 0x0000000719000000| Untracked 
|  65|0x0000000719200000, 0x0000000719200000, 0x0000000719400000|  0%| F|  |TAMS 0x0000000719200000, 0x0000000719200000| Untracked 
|  66|0x0000000719400000, 0x0000000719400000, 0x0000000719600000|  0%| F|  |TAMS 0x0000000719400000, 0x0000000719400000| Untracked 
|  67|0x0000000719600000, 0x0000000719600000, 0x0000000719800000|  0%| F|  |TAMS 0x0000000719600000, 0x0000000719600000| Untracked 
|  68|0x0000000719800000, 0x0000000719800000, 0x0000000719a00000|  0%| F|  |TAMS 0x0000000719800000, 0x0000000719800000| Untracked 
|  69|0x0000000719a00000, 0x0000000719a00000, 0x0000000719c00000|  0%| F|  |TAMS 0x0000000719a00000, 0x0000000719a00000| Untracked 
|  70|0x0000000719c00000, 0x0000000719c00000, 0x0000000719e00000|  0%| F|  |TAMS 0x0000000719c00000, 0x0000000719c00000| Untracked 
|  71|0x0000000719e00000, 0x0000000719e00000, 0x000000071a000000|  0%| F|  |TAMS 0x0000000719e00000, 0x0000000719e00000| Untracked 
|  72|0x000000071a000000, 0x000000071a000000, 0x000000071a200000|  0%| F|  |TAMS 0x000000071a000000, 0x000000071a000000| Untracked 
|  73|0x000000071a200000, 0x000000071a200000, 0x000000071a400000|  0%| F|  |TAMS 0x000000071a200000, 0x000000071a200000| Untracked 
|  74|0x000000071a400000, 0x000000071a400000, 0x000000071a600000|  0%| F|  |TAMS 0x000000071a400000, 0x000000071a400000| Untracked 
|  75|0x000000071a600000, 0x000000071a600000, 0x000000071a800000|  0%| F|  |TAMS 0x000000071a600000, 0x000000071a600000| Untracked 
|  76|0x000000071a800000, 0x000000071a800000, 0x000000071aa00000|  0%| F|  |TAMS 0x000000071a800000, 0x000000071a800000| Untracked 
|  77|0x000000071aa00000, 0x000000071aa00000, 0x000000071ac00000|  0%| F|  |TAMS 0x000000071aa00000, 0x000000071aa00000| Untracked 
|  78|0x000000071ac00000, 0x000000071ac00000, 0x000000071ae00000|  0%| F|  |TAMS 0x000000071ac00000, 0x000000071ac00000| Untracked 
|  79|0x000000071ae00000, 0x000000071ae00000, 0x000000071b000000|  0%| F|  |TAMS 0x000000071ae00000, 0x000000071ae00000| Untracked 
|  80|0x000000071b000000, 0x000000071b000000, 0x000000071b200000|  0%| F|  |TAMS 0x000000071b000000, 0x000000071b000000| Untracked 
|  81|0x000000071b200000, 0x000000071b200000, 0x000000071b400000|  0%| F|  |TAMS 0x000000071b200000, 0x000000071b200000| Untracked 
|  82|0x000000071b400000, 0x000000071b400000, 0x000000071b600000|  0%| F|  |TAMS 0x000000071b400000, 0x000000071b400000| Untracked 
|  83|0x000000071b600000, 0x000000071b600000, 0x000000071b800000|  0%| F|  |TAMS 0x000000071b600000, 0x000000071b600000| Untracked 
|  84|0x000000071b800000, 0x000000071b800000, 0x000000071ba00000|  0%| F|  |TAMS 0x000000071b800000, 0x000000071b800000| Untracked 
|  85|0x000000071ba00000, 0x000000071ba00000, 0x000000071bc00000|  0%| F|  |TAMS 0x000000071ba00000, 0x000000071ba00000| Untracked 
|  86|0x000000071bc00000, 0x000000071bc00000, 0x000000071be00000|  0%| F|  |TAMS 0x000000071bc00000, 0x000000071bc00000| Untracked 
|  87|0x000000071be00000, 0x000000071be00000, 0x000000071c000000|  0%| F|  |TAMS 0x000000071be00000, 0x000000071be00000| Untracked 
|  88|0x000000071c000000, 0x000000071c000000, 0x000000071c200000|  0%| F|  |TAMS 0x000000071c000000, 0x000000071c000000| Untracked 
|  89|0x000000071c200000, 0x000000071c200000, 0x000000071c400000|  0%| F|  |TAMS 0x000000071c200000, 0x000000071c200000| Untracked 
|  90|0x000000071c400000, 0x000000071c400000, 0x000000071c600000|  0%| F|  |TAMS 0x000000071c400000, 0x000000071c400000| Untracked 
|  91|0x000000071c600000, 0x000000071c600000, 0x000000071c800000|  0%| F|  |TAMS 0x000000071c600000, 0x000000071c600000| Untracked 
|  92|0x000000071c800000, 0x000000071c800000, 0x000000071ca00000|  0%| F|  |TAMS 0x000000071c800000, 0x000000071c800000| Untracked 
|  93|0x000000071ca00000, 0x000000071ca00000, 0x000000071cc00000|  0%| F|  |TAMS 0x000000071ca00000, 0x000000071ca00000| Untracked 
|  94|0x000000071cc00000, 0x000000071cc00000, 0x000000071ce00000|  0%| F|  |TAMS 0x000000071cc00000, 0x000000071cc00000| Untracked 
|  95|0x000000071ce00000, 0x000000071ce00000, 0x000000071d000000|  0%| F|  |TAMS 0x000000071ce00000, 0x000000071ce00000| Untracked 
|  96|0x000000071d000000, 0x000000071d000000, 0x000000071d200000|  0%| F|  |TAMS 0x000000071d000000, 0x000000071d000000| Untracked 
|  97|0x000000071d200000, 0x000000071d200000, 0x000000071d400000|  0%| F|  |TAMS 0x000000071d200000, 0x000000071d200000| Untracked 
|  98|0x000000071d400000, 0x000000071d400000, 0x000000071d600000|  0%| F|  |TAMS 0x000000071d400000, 0x000000071d400000| Untracked 
|  99|0x000000071d600000, 0x000000071d600000, 0x000000071d800000|  0%| F|  |TAMS 0x000000071d600000, 0x000000071d600000| Untracked 
| 100|0x000000071d800000, 0x000000071d800000, 0x000000071da00000|  0%| F|  |TAMS 0x000000071d800000, 0x000000071d800000| Untracked 
| 101|0x000000071da00000, 0x000000071da00000, 0x000000071dc00000|  0%| F|  |TAMS 0x000000071da00000, 0x000000071da00000| Untracked 
| 102|0x000000071dc00000, 0x000000071dc30510, 0x000000071de00000|  9%| E|  |TAMS 0x000000071dc00000, 0x000000071dc00000| Complete 
| 103|0x000000071de00000, 0x000000071e000000, 0x000000071e000000|100%| E|CS|TAMS 0x000000071de00000, 0x000000071de00000| Complete 
| 104|0x000000071e000000, 0x000000071e200000, 0x000000071e200000|100%| E|CS|TAMS 0x000000071e000000, 0x000000071e000000| Complete 
| 105|0x000000071e200000, 0x000000071e400000, 0x000000071e400000|100%| E|CS|TAMS 0x000000071e200000, 0x000000071e200000| Complete 
| 106|0x000000071e400000, 0x000000071e600000, 0x000000071e600000|100%| S|CS|TAMS 0x000000071e400000, 0x000000071e400000| Complete 
| 107|0x000000071e600000, 0x000000071e800000, 0x000000071e800000|100%| E|CS|TAMS 0x000000071e600000, 0x000000071e600000| Complete 
| 108|0x000000071e800000, 0x000000071ea00000, 0x000000071ea00000|100%| E|CS|TAMS 0x000000071e800000, 0x000000071e800000| Complete 
| 109|0x000000071ea00000, 0x000000071ec00000, 0x000000071ec00000|100%| E|CS|TAMS 0x000000071ea00000, 0x000000071ea00000| Complete 
| 110|0x000000071ec00000, 0x000000071ee00000, 0x000000071ee00000|100%| E|CS|TAMS 0x000000071ec00000, 0x000000071ec00000| Complete 
| 111|0x000000071ee00000, 0x000000071f000000, 0x000000071f000000|100%| E|CS|TAMS 0x000000071ee00000, 0x000000071ee00000| Complete 
| 112|0x000000071f000000, 0x000000071f200000, 0x000000071f200000|100%| E|CS|TAMS 0x000000071f000000, 0x000000071f000000| Complete 
| 113|0x000000071f200000, 0x000000071f400000, 0x000000071f400000|100%| E|CS|TAMS 0x000000071f200000, 0x000000071f200000| Complete 
| 114|0x000000071f400000, 0x000000071f600000, 0x000000071f600000|100%| E|CS|TAMS 0x000000071f400000, 0x000000071f400000| Complete 
| 115|0x000000071f600000, 0x000000071f800000, 0x000000071f800000|100%| E|CS|TAMS 0x000000071f600000, 0x000000071f600000| Complete 
| 116|0x000000071f800000, 0x000000071fa00000, 0x000000071fa00000|100%| E|CS|TAMS 0x000000071f800000, 0x000000071f800000| Complete 
| 117|0x000000071fa00000, 0x000000071fc00000, 0x000000071fc00000|100%| E|CS|TAMS 0x000000071fa00000, 0x000000071fa00000| Complete 
| 118|0x000000071fc00000, 0x000000071fe00000, 0x000000071fe00000|100%| E|CS|TAMS 0x000000071fc00000, 0x000000071fc00000| Complete 
| 119|0x000000071fe00000, 0x0000000720000000, 0x0000000720000000|100%| E|CS|TAMS 0x000000071fe00000, 0x000000071fe00000| Complete 

Card table byte_map: [0x000002593c060000,0x000002593c7e0000] _byte_map_base: 0x00000259387d8000

Marking Bits (Prev, Next): (CMBitMap*) 0x0000025931034110, (CMBitMap*) 0x0000025931034150
 Prev Bits: [0x000002593cf60000, 0x0000025940b20000)
 Next Bits: [0x0000025940b20000, 0x00000259446e0000)

Polling page: 0x00000259307a0000

Metaspace:

Usage:
  Non-class:     12.68 MB used.
      Class:      2.03 MB used.
       Both:     14.71 MB used.

Virtual space:
  Non-class space:       16.00 MB reserved,      12.81 MB ( 80%) committed,  2 nodes.
      Class space:        1.00 GB reserved,       2.19 MB ( <1%) committed,  1 nodes.
             Both:        1.02 GB reserved,      15.00 MB (  1%) committed. 

Chunk freelists:
   Non-Class:  2.98 MB
       Class:  1.84 MB
        Both:  4.83 MB

MaxMetaspaceSize: unlimited
CompressedClassSpaceSize: 1.00 GB
Initial GC threshold: 21.00 MB
Current GC threshold: 21.00 MB
CDS: on
MetaspaceReclaimPolicy: balanced
 - commit_granule_bytes: 65536.
 - commit_granule_words: 8192.
 - virtual_space_node_default_size: 1048576.
 - enlarge_chunks_in_place: 1.
 - new_chunks_are_fully_committed: 0.
 - uncommit_free_chunks: 1.
 - use_allocation_guard: 0.
 - handle_deallocations: 1.


Internal statistics:

num_allocs_failed_limit: 0.
num_arena_births: 244.
num_arena_deaths: 0.
num_vsnodes_births: 3.
num_vsnodes_deaths: 0.
num_space_committed: 240.
num_space_uncommitted: 0.
num_chunks_returned_to_freelist: 0.
num_chunks_taken_from_freelist: 649.
num_chunk_merges: 0.
num_chunk_splits: 424.
num_chunks_enlarged: 316.
num_purges: 0.
num_inconsistent_stats: 0.

CodeCache: size=49152Kb used=6435Kb max_used=6435Kb free=42717Kb
 bounds [0x00000259387d0000, 0x0000025938e20000, 0x000002593b7d0000]
 total_blobs=2665 nmethods=2189 adapters=400
 compilation: enabled
              stopped_count=0, restarted_count=0
 full_count=0

Compilation events (20 events):
Event: 3.951 Thread 0x00000259471dea70 nmethod 2180 0x0000025938e10290 code [0x0000025938e10420, 0x0000025938e104f8]
Event: 3.951 Thread 0x00000259485358d0 nmethod 2179 0x0000025938e10590 code [0x0000025938e10740, 0x0000025938e109a8]
Event: 3.951 Thread 0x0000025948539940 2181       1       org.springframework.util.AntPathMatcher::matchStrings (11 bytes)
Event: 3.951 Thread 0x00000259485358d0 2183       1       org.springframework.util.AntPathMatcher$AntPathStringMatcher::matchStrings (214 bytes)
Event: 3.951 Thread 0x00000259471b2b50 2182       1       org.springframework.util.AntPathMatcher::getStringMatcher (98 bytes)
Event: 3.951 Thread 0x0000025948539940 nmethod 2181 0x0000025938e10c10 code [0x0000025938e10dc0, 0x0000025938e10ef8]
Event: 3.952 Thread 0x00000259471b2b50 nmethod 2182 0x0000025938e11010 code [0x0000025938e11200, 0x0000025938e115f8]
Event: 3.952 Thread 0x00000259471b2b50 2184       1       org.springframework.util.AntPathMatcher::skipSeparator (30 bytes)
Event: 3.953 Thread 0x00000259485358d0 nmethod 2183 0x0000025938e11810 code [0x0000025938e11b20, 0x0000025938e125a8]
Event: 3.953 Thread 0x00000259471b2b50 nmethod 2184 0x0000025938e12d10 code [0x0000025938e12ea0, 0x0000025938e13008]
Event: 3.953 Thread 0x0000025948539940 2185       1       org.springframework.util.AntPathMatcher::skipSegment (75 bytes)
Event: 3.953 Thread 0x00000259471b2b50 2186   !   1       java.io.WinNTFileSystem::resolve (362 bytes)
Event: 3.953 Thread 0x00000259485358d0 2187       1       org.springframework.util.StringUtils::replace (130 bytes)
Event: 3.953 Thread 0x0000025948539940 nmethod 2185 0x0000025938e13190 code [0x0000025938e133a0, 0x0000025938e13848]
Event: 3.955 Thread 0x00000259485358d0 nmethod 2187 0x0000025938e13c10 code [0x0000025938e13e40, 0x0000025938e14498]
Event: 3.955 Thread 0x00000259471dea70 2188       1       java.util.ArrayDeque::addFirst (51 bytes)
Event: 3.955 Thread 0x00000259485358d0 2189       1       java.util.ArrayDeque::<init> (35 bytes)
Event: 3.955 Thread 0x00000259485358d0 nmethod 2189 0x0000025938e14a10 code [0x0000025938e14ba0, 0x0000025938e14d98]
Event: 3.955 Thread 0x00000259471dea70 nmethod 2188 0x0000025938e14e90 code [0x0000025938e15040, 0x0000025938e152f8]
Event: 3.958 Thread 0x00000259471b2b50 nmethod 2186 0x0000025938e15490 code [0x0000025938e15a80, 0x0000025938e17988]

GC Heap History (4 events):
Event: 1.179 GC heap before
{Heap before GC invocations=0 (full 0):
 garbage-first heap   total 245760K, used 20480K [0x0000000711000000, 0x0000000800000000)
  region size 2048K, 11 young (22528K), 0 survivors (0K)
 Metaspace       used 5153K, committed 5376K, reserved 1056768K
  class space    used 603K, committed 704K, reserved 1048576K
}
Event: 1.187 GC heap after
{Heap after GC invocations=1 (full 0):
 garbage-first heap   total 245760K, used 6849K [0x0000000711000000, 0x0000000800000000)
  region size 2048K, 2 young (4096K), 2 survivors (4096K)
 Metaspace       used 5153K, committed 5376K, reserved 1056768K
  class space    used 603K, committed 704K, reserved 1048576K
}
Event: 2.356 GC heap before
{Heap before GC invocations=1 (full 0):
 garbage-first heap   total 245760K, used 29377K [0x0000000711000000, 0x0000000800000000)
  region size 2048K, 13 young (26624K), 2 survivors (4096K)
 Metaspace       used 9422K, committed 9600K, reserved 1064960K
  class space    used 1206K, committed 1280K, reserved 1048576K
}
Event: 2.361 GC heap after
{Heap after GC invocations=2 (full 0):
 garbage-first heap   total 245760K, used 8893K [0x0000000711000000, 0x0000000800000000)
  region size 2048K, 1 young (2048K), 1 survivors (2048K)
 Metaspace       used 9422K, committed 9600K, reserved 1064960K
  class space    used 1206K, committed 1280K, reserved 1048576K
}

Deoptimization events (20 events):
Event: 3.903 Thread 0x0000025930fe4360 DEOPT PACKING pc=0x0000025938abfcdc sp=0x000000cbf10fdd20
Event: 3.903 Thread 0x0000025930fe4360 DEOPT UNPACKING pc=0x0000025938822b43 sp=0x000000cbf10fd210 mode 1
Event: 3.903 Thread 0x0000025930fe4360 DEOPT PACKING pc=0x0000025938c5af64 sp=0x000000cbf10fd200
Event: 3.903 Thread 0x0000025930fe4360 DEOPT UNPACKING pc=0x0000025938822b43 sp=0x000000cbf10fc698 mode 1
Event: 3.903 Thread 0x0000025930fe4360 DEOPT PACKING pc=0x0000025938c581fc sp=0x000000cbf10fd2d0
Event: 3.903 Thread 0x0000025930fe4360 DEOPT UNPACKING pc=0x0000025938822b43 sp=0x000000cbf10fc788 mode 1
Event: 3.903 Thread 0x0000025930fe4360 DEOPT PACKING pc=0x0000025938abfcdc sp=0x000000cbf10fdcb0
Event: 3.903 Thread 0x0000025930fe4360 DEOPT UNPACKING pc=0x0000025938822b43 sp=0x000000cbf10fd1a0 mode 1
Event: 3.940 Thread 0x0000025930fe4360 DEOPT PACKING pc=0x0000025938c5af64 sp=0x000000cbf10fda20
Event: 3.940 Thread 0x0000025930fe4360 DEOPT UNPACKING pc=0x0000025938822b43 sp=0x000000cbf10fceb8 mode 1
Event: 3.940 Thread 0x0000025930fe4360 DEOPT PACKING pc=0x0000025938c581fc sp=0x000000cbf10fdaf0
Event: 3.940 Thread 0x0000025930fe4360 DEOPT UNPACKING pc=0x0000025938822b43 sp=0x000000cbf10fcfa8 mode 1
Event: 3.940 Thread 0x0000025930fe4360 DEOPT PACKING pc=0x0000025938abfcdc sp=0x000000cbf10fe4d0
Event: 3.940 Thread 0x0000025930fe4360 DEOPT UNPACKING pc=0x0000025938822b43 sp=0x000000cbf10fd9c0 mode 1
Event: 3.940 Thread 0x0000025930fe4360 DEOPT PACKING pc=0x0000025938c5af64 sp=0x000000cbf10fda20
Event: 3.940 Thread 0x0000025930fe4360 DEOPT UNPACKING pc=0x0000025938822b43 sp=0x000000cbf10fceb8 mode 1
Event: 3.940 Thread 0x0000025930fe4360 DEOPT PACKING pc=0x0000025938c581fc sp=0x000000cbf10fdaf0
Event: 3.940 Thread 0x0000025930fe4360 DEOPT UNPACKING pc=0x0000025938822b43 sp=0x000000cbf10fcfa8 mode 1
Event: 3.940 Thread 0x0000025930fe4360 DEOPT PACKING pc=0x0000025938abfcdc sp=0x000000cbf10fe4d0
Event: 3.940 Thread 0x0000025930fe4360 DEOPT UNPACKING pc=0x0000025938822b43 sp=0x000000cbf10fd9c0 mode 1

Classes unloaded (0 events):
No events

Classes redefined (0 events):
No events

Internal exceptions (20 events):
Event: 3.443 Thread 0x0000025930fe4360 Exception <a 'java/lang/NoSuchMethodError'{0x000000071f7c8728}: 'void java.lang.invoke.DirectMethodHandle$Holder.invokeSpecial(java.lang.Object, java.lang.Object, java.lang.Object)'> (0x000000071f7c8728) 
thrown [t:\workspace\open\src\hotspot\share\interpreter\linkResolver.cpp, line 766]
Event: 3.456 Thread 0x0000025930fe4360 Exception <a 'java/lang/IncompatibleClassChangeError'{0x000000071f7f7c40}: Found class java.lang.Object, but interface was expected> (0x000000071f7f7c40) 
thrown [t:\workspace\open\src\hotspot\share\interpreter\linkResolver.cpp, line 833]
Event: 3.618 Thread 0x0000025948f2c200 Exception <a 'java/lang/NoSuchMethodError'{0x000000071f16e488}: 'void java.lang.invoke.DirectMethodHandle$Holder.invokeInterface(java.lang.Object, java.lang.Object, java.lang.Object, java.lang.Object)'> (0x000000071f16e488) 
thrown [t:\workspace\open\src\hotspot\share\interpreter\linkResolver.cpp, line 766]
Event: 3.677 Thread 0x0000025930fe4360 Exception <a 'java/lang/NoSuchMethodError'{0x000000071efbfdd0}: 'org.slf4j.impl.StaticMDCBinder org.slf4j.impl.StaticMDCBinder.getSingleton()'> (0x000000071efbfdd0) 
thrown [t:\workspace\open\src\hotspot\share\interpreter\linkResolver.cpp, line 766]
Event: 3.692 Thread 0x0000025948e5c070 Exception <a 'java/lang/reflect/InvocationTargetException'{0x000000071fa1f308}> (0x000000071fa1f308) 
thrown [t:\workspace\open\src\hotspot\share\runtime\reflection.cpp, line 1121]
Event: 3.870 Thread 0x0000025930fe4360 Exception <a 'java/lang/ClassNotFoundException'{0x000000071e375d80}: java/lang/ObjectCustomizer> (0x000000071e375d80) 
thrown [t:\workspace\open\src\hotspot\share\classfile\systemDictionary.cpp, line 256]
Event: 3.874 Thread 0x0000025930fe4360 Exception <a 'java/lang/IncompatibleClassChangeError'{0x000000071e385b18}: Found class java.lang.Object, but interface was expected> (0x000000071e385b18) 
thrown [t:\workspace\open\src\hotspot\share\interpreter\linkResolver.cpp, line 833]
Event: 3.880 Thread 0x0000025930fe4360 Exception <a 'java/lang/ClassNotFoundException'{0x000000071e3a5588}: org/springframework/context/annotation/ConfigurationClassPostProcessorCustomizer> (0x000000071e3a5588) 
thrown [t:\workspace\open\src\hotspot\share\classfile\systemDictionary.cpp, line 256]
Event: 3.885 Thread 0x0000025930fe4360 Exception <a 'java/lang/ClassNotFoundException'{0x000000071e0d1310}: org/springframework/beans/factory/support/BeanDefinitionRegistryPostProcessorCustomizer> (0x000000071e0d1310) 
thrown [t:\workspace\open\src\hotspot\share\classfile\systemDictionary.cpp, line 256]
Event: 3.886 Thread 0x0000025930fe4360 Exception <a 'java/lang/ClassNotFoundException'{0x000000071e0d7540}: org/springframework/beans/factory/config/BeanFactoryPostProcessorCustomizer> (0x000000071e0d7540) 
thrown [t:\workspace\open\src\hotspot\share\classfile\systemDictionary.cpp, line 256]
Event: 3.888 Thread 0x0000025930fe4360 Exception <a 'java/lang/ClassNotFoundException'{0x000000071e0dd338}: org/springframework/core/PriorityOrderedCustomizer> (0x000000071e0dd338) 
thrown [t:\workspace\open\src\hotspot\share\classfile\systemDictionary.cpp, line 256]
Event: 3.888 Thread 0x0000025930fe4360 Exception <a 'java/lang/ClassNotFoundException'{0x000000071e0e1cd8}: org/springframework/core/OrderedCustomizer> (0x000000071e0e1cd8) 
thrown [t:\workspace\open\src\hotspot\share\classfile\systemDictionary.cpp, line 256]
Event: 3.889 Thread 0x0000025930fe4360 Exception <a 'java/lang/ClassNotFoundException'{0x000000071e0e7a00}: org/springframework/context/ResourceLoaderAwareCustomizer> (0x000000071e0e7a00) 
thrown [t:\workspace\open\src\hotspot\share\classfile\systemDictionary.cpp, line 256]
Event: 3.891 Thread 0x0000025930fe4360 Exception <a 'java/lang/ClassNotFoundException'{0x000000071e0ed7f0}: org/springframework/beans/factory/AwareCustomizer> (0x000000071e0ed7f0) 
thrown [t:\workspace\open\src\hotspot\share\classfile\systemDictionary.cpp, line 256]
Event: 3.892 Thread 0x0000025930fe4360 Exception <a 'java/lang/ClassNotFoundException'{0x000000071e0f2648}: org/springframework/context/ApplicationStartupAwareCustomizer> (0x000000071e0f2648) 
thrown [t:\workspace\open\src\hotspot\share\classfile\systemDictionary.cpp, line 256]
Event: 3.893 Thread 0x0000025930fe4360 Exception <a 'java/lang/ClassNotFoundException'{0x000000071e0f86c0}: org/springframework/beans/factory/AwareCustomizer> (0x000000071e0f86c0) 
thrown [t:\workspace\open\src\hotspot\share\classfile\systemDictionary.cpp, line 256]
Event: 3.893 Thread 0x0000025930fe4360 Exception <a 'java/lang/ClassNotFoundException'{0x000000071e0fd630}: org/springframework/beans/factory/BeanClassLoaderAwareCustomizer> (0x000000071e0fd630) 
thrown [t:\workspace\open\src\hotspot\share\classfile\systemDictionary.cpp, line 256]
Event: 3.901 Thread 0x0000025930fe4360 Exception <a 'java/lang/ClassNotFoundException'{0x000000071e103408}: org/springframework/beans/factory/AwareCustomizer> (0x000000071e103408) 
thrown [t:\workspace\open\src\hotspot\share\classfile\systemDictionary.cpp, line 256]
Event: 3.902 Thread 0x0000025930fe4360 Exception <a 'java/lang/ClassNotFoundException'{0x000000071e107f78}: org/springframework/context/EnvironmentAwareCustomizer> (0x000000071e107f78) 
thrown [t:\workspace\open\src\hotspot\share\classfile\systemDictionary.cpp, line 256]
Event: 3.903 Thread 0x0000025930fe4360 Exception <a 'java/lang/ClassNotFoundException'{0x000000071e10dce8}: org/springframework/beans/factory/AwareCustomizer> (0x000000071e10dce8) 
thrown [t:\workspace\open\src\hotspot\share\classfile\systemDictionary.cpp, line 256]

VM Operations (20 events):
Event: 1.316 Executing VM operation: HandshakeAllThreads
Event: 1.316 Executing VM operation: HandshakeAllThreads done
Event: 1.377 Executing VM operation: HandshakeAllThreads
Event: 1.377 Executing VM operation: HandshakeAllThreads done
Event: 1.943 Executing VM operation: HandshakeAllThreads
Event: 1.943 Executing VM operation: HandshakeAllThreads done
Event: 2.355 Executing VM operation: G1CollectForAllocation
Event: 2.361 Executing VM operation: G1CollectForAllocation done
Event: 2.361 Executing VM operation: Cleanup
Event: 2.361 Executing VM operation: Cleanup done
Event: 3.370 Executing VM operation: Cleanup
Event: 3.370 Executing VM operation: Cleanup done
Event: 3.755 Executing VM operation: HandshakeAllThreads
Event: 3.755 Executing VM operation: HandshakeAllThreads done
Event: 3.757 Executing VM operation: HandshakeAllThreads
Event: 3.757 Executing VM operation: HandshakeAllThreads done
Event: 3.835 Executing VM operation: HandshakeAllThreads
Event: 3.835 Executing VM operation: HandshakeAllThreads done
Event: 3.933 Executing VM operation: HandshakeAllThreads
Event: 3.933 Executing VM operation: HandshakeAllThreads done

Events (20 events):
Event: 3.952 loading class org/hibernate/validator/constraints/br/CPF
Event: 3.952 loading class org/hibernate/validator/constraints/br/CPF done
Event: 3.952 loading class org/hibernate/validator/internal/constraintvalidators/hv/br/CPFValidator
Event: 3.952 loading class org/hibernate/validator/internal/constraintvalidators/hv/br/CPFValidator done
Event: 3.953 loading class org/hibernate/validator/constraints/CreditCardNumber
Event: 3.953 loading class org/hibernate/validator/constraints/CreditCardNumber done
Event: 3.953 loading class org/hibernate/validator/constraints/time/DurationMax
Event: 3.953 loading class org/hibernate/validator/constraints/time/DurationMax done
Event: 3.954 loading class org/hibernate/validator/internal/constraintvalidators/hv/time/DurationMaxValidator
Event: 3.954 loading class org/hibernate/validator/internal/constraintvalidators/hv/time/DurationMaxValidator done
Event: 3.955 loading class org/hibernate/validator/constraints/time/DurationMin
Event: 3.955 loading class org/hibernate/validator/constraints/time/DurationMin done
Event: 3.955 loading class org/hibernate/validator/internal/constraintvalidators/hv/time/DurationMinValidator
Event: 3.955 loading class org/hibernate/validator/internal/constraintvalidators/hv/time/DurationMinValidator done
Event: 3.955 loading class org/springframework/core/type/classreading/SimpleMetadataReader
Event: 3.955 loading class org/springframework/core/type/classreading/SimpleMetadataReader done
Event: 3.956 loading class org/springframework/core/type/classreading/SimpleAnnotationMetadataReadingVisitor
Event: 3.956 loading class org/springframework/core/type/classreading/SimpleAnnotationMetadataReadingVisitor done
Event: 3.956 loading class org/hibernate/validator/constraints/EAN
Event: 3.956 loading class org/hibernate/validator/constraints/EAN done


Dynamic libraries:
0x00007ff6308c0000 - 0x00007ff6308d0000 	C:\Program Files\Java\jdk-17\bin\java.exe
0x00007ffd88d50000 - 0x00007ffd88f64000 	C:\WINDOWS\SYSTEM32\ntdll.dll
0x00007ffd87340000 - 0x00007ffd87402000 	C:\WINDOWS\System32\KERNEL32.DLL
0x00007ffd86650000 - 0x00007ffd869ec000 	C:\WINDOWS\System32\KERNELBASE.dll
0x00007ffd86320000 - 0x00007ffd86431000 	C:\WINDOWS\System32\ucrtbase.dll
0x00007ffd7d200000 - 0x00007ffd7d21a000 	C:\Program Files\Java\jdk-17\bin\VCRUNTIME140.dll
0x00007ffd7d220000 - 0x00007ffd7d238000 	C:\Program Files\Java\jdk-17\bin\jli.dll
0x00007ffd870d0000 - 0x00007ffd8717e000 	C:\WINDOWS\System32\ADVAPI32.dll
0x00007ffd87ba0000 - 0x00007ffd87c47000 	C:\WINDOWS\System32\msvcrt.dll
0x00007ffd87020000 - 0x00007ffd870c4000 	C:\WINDOWS\System32\sechost.dll
0x00007ffd87580000 - 0x00007ffd87695000 	C:\WINDOWS\System32\RPCRT4.dll
0x00007ffd86b60000 - 0x00007ffd86d0a000 	C:\WINDOWS\System32\USER32.dll
0x00007ffd86620000 - 0x00007ffd86646000 	C:\WINDOWS\System32\win32u.dll
0x00007ffd874b0000 - 0x00007ffd874d9000 	C:\WINDOWS\System32\GDI32.dll
0x00007ffd72ee0000 - 0x00007ffd7316e000 	C:\WINDOWS\WinSxS\amd64_microsoft.windows.common-controls_6595b64144ccf1df_6.0.22621.608_none_a9444ca7c10bb01d\COMCTL32.dll
0x00007ffd86180000 - 0x00007ffd86292000 	C:\WINDOWS\System32\gdi32full.dll
0x00007ffd869f0000 - 0x00007ffd86a8a000 	C:\WINDOWS\System32\msvcp_win.dll
0x00007ffd7dce0000 - 0x00007ffd7dcea000 	C:\WINDOWS\SYSTEM32\VERSION.dll
0x00007ffd871e0000 - 0x00007ffd87211000 	C:\WINDOWS\System32\IMM32.DLL
0x00007ffd7cfd0000 - 0x00007ffd7cfdc000 	C:\Program Files\Java\jdk-17\bin\vcruntime140_1.dll
0x00007ffd7b240000 - 0x00007ffd7b2cd000 	C:\Program Files\Java\jdk-17\bin\msvcp140.dll
0x00007ffd1efe0000 - 0x00007ffd1fb9e000 	C:\Program Files\Java\jdk-17\bin\server\jvm.dll
0x00007ffd874a0000 - 0x00007ffd874a8000 	C:\WINDOWS\System32\PSAPI.DLL
0x00007ffd6aee0000 - 0x00007ffd6aee9000 	C:\WINDOWS\SYSTEM32\WSOCK32.dll
0x00007ffd7f880000 - 0x00007ffd7f8b4000 	C:\WINDOWS\SYSTEM32\WINMM.dll
0x00007ffd87500000 - 0x00007ffd87571000 	C:\WINDOWS\System32\WS2_32.dll
0x00007ffd85200000 - 0x00007ffd85218000 	C:\WINDOWS\SYSTEM32\kernel.appcore.dll
0x00007ffd7cfc0000 - 0x00007ffd7cfca000 	C:\Program Files\Java\jdk-17\bin\jimage.dll
0x00007ffd73c20000 - 0x00007ffd73e4e000 	C:\WINDOWS\SYSTEM32\DBGHELP.DLL
0x00007ffd88190000 - 0x00007ffd88519000 	C:\WINDOWS\System32\combase.dll
0x00007ffd87c50000 - 0x00007ffd87d27000 	C:\WINDOWS\System32\OLEAUT32.dll
0x00007ffd6b4d0000 - 0x00007ffd6b502000 	C:\WINDOWS\SYSTEM32\dbgcore.DLL
0x00007ffd862a0000 - 0x00007ffd8631b000 	C:\WINDOWS\System32\bcryptPrimitives.dll
0x00007ffd4bb20000 - 0x00007ffd4bb5b000 	C:\Program Files\Java\jdk-17\bin\jdwp.dll
0x00007ffd77a50000 - 0x00007ffd77a5e000 	C:\Program Files\Java\jdk-17\bin\instrument.dll
0x00007ffd7c700000 - 0x00007ffd7c725000 	C:\Program Files\Java\jdk-17\bin\java.dll
0x00007ffd7bd80000 - 0x00007ffd7bd98000 	C:\Program Files\Java\jdk-17\bin\zip.dll
0x00007ffd495a0000 - 0x00007ffd49676000 	C:\Program Files\Java\jdk-17\bin\svml.dll
0x00007ffd88520000 - 0x00007ffd88cfd000 	C:\WINDOWS\System32\SHELL32.dll
0x00007ffd841e0000 - 0x00007ffd84a97000 	C:\WINDOWS\SYSTEM32\windows.storage.dll
0x00007ffd840a0000 - 0x00007ffd841dd000 	C:\WINDOWS\SYSTEM32\wintypes.dll
0x00007ffd88090000 - 0x00007ffd88181000 	C:\WINDOWS\System32\SHCORE.dll
0x00007ffd87180000 - 0x00007ffd871de000 	C:\WINDOWS\System32\shlwapi.dll
0x00007ffd860b0000 - 0x00007ffd860d1000 	C:\WINDOWS\SYSTEM32\profapi.dll
0x00007ffd774f0000 - 0x00007ffd774fc000 	C:\Program Files\Java\jdk-17\bin\dt_socket.dll
0x00007ffd84d30000 - 0x00007ffd84d5d000 	C:\WINDOWS\SYSTEM32\IPHLPAPI.DLL
0x00007ffd85660000 - 0x00007ffd856c9000 	C:\WINDOWS\system32\mswsock.dll
0x00007ffd7cfa0000 - 0x00007ffd7cfb9000 	C:\Program Files\Java\jdk-17\bin\net.dll
0x00007ffd7f620000 - 0x00007ffd7f74f000 	C:\WINDOWS\SYSTEM32\WINHTTP.dll
0x00007ffd7bee0000 - 0x00007ffd7bef5000 	C:\Program Files\Java\jdk-17\bin\nio.dll
0x00007ffd84d60000 - 0x00007ffd84e52000 	C:\WINDOWS\SYSTEM32\DNSAPI.dll
0x00007ffd86b50000 - 0x00007ffd86b59000 	C:\WINDOWS\System32\NSI.dll
0x00007ffd79c30000 - 0x00007ffd79c3a000 	C:\Windows\System32\rasadhlp.dll
0x00007ffd7e6f0000 - 0x00007ffd7e773000 	C:\WINDOWS\System32\fwpuclnt.dll
0x00007ffd81c80000 - 0x00007ffd81c89000 	C:\Program Files\Java\jdk-17\bin\management.dll
0x00007ffd7c6e0000 - 0x00007ffd7c6eb000 	C:\Program Files\Java\jdk-17\bin\management_ext.dll
0x00007ffd858a0000 - 0x00007ffd858bb000 	C:\WINDOWS\SYSTEM32\CRYPTSP.dll
0x00007ffd85170000 - 0x00007ffd851a5000 	C:\WINDOWS\system32\rsaenh.dll
0x00007ffd85750000 - 0x00007ffd85778000 	C:\WINDOWS\SYSTEM32\USERENV.dll
0x00007ffd85a40000 - 0x00007ffd85a68000 	C:\WINDOWS\SYSTEM32\bcrypt.dll
0x00007ffd858c0000 - 0x00007ffd858cc000 	C:\WINDOWS\SYSTEM32\CRYPTBASE.dll
0x00007ffd7f270000 - 0x00007ffd7f289000 	C:\WINDOWS\SYSTEM32\dhcpcsvc6.DLL
0x00007ffd7eb30000 - 0x00007ffd7eb4f000 	C:\WINDOWS\SYSTEM32\dhcpcsvc.DLL
0x00007ffd67000000 - 0x00007ffd67017000 	C:\WINDOWS\system32\napinsp.dll
0x00007ffd65230000 - 0x00007ffd6524b000 	C:\WINDOWS\system32\pnrpnsp.dll
0x00007ffd655a0000 - 0x00007ffd655b1000 	C:\WINDOWS\System32\winrnr.dll
0x00007ffd65580000 - 0x00007ffd65595000 	C:\WINDOWS\system32\wshbth.dll
0x00007ffd65550000 - 0x00007ffd65571000 	C:\WINDOWS\system32\nlansp_c.dll

dbghelp: loaded successfully - version: 4.0.5 - missing functions: none
symbol engine: initialized successfully - sym options: 0x614 - pdb path: .;C:\Program Files\Java\jdk-17\bin;C:\WINDOWS\SYSTEM32;C:\WINDOWS\WinSxS\amd64_microsoft.windows.common-controls_6595b64144ccf1df_6.0.22621.608_none_a9444ca7c10bb01d;C:\Program Files\Java\jdk-17\bin\server

VM Arguments:
jvm_args: -agentlib:jdwp=transport=dt_socket,address=127.0.0.1:55138,suspend=y,server=n -XX:TieredStopAtLevel=1 -Xverify:none -Dspring.output.ansi.enabled=always -Dcom.sun.management.jmxremote -Dspring.jmx.enabled=true -Dspring.liveBeansView.mbeanDomain -Dspring.application.admin.enabled=true -javaagent:C:\Users\bbb26\AppData\Local\JetBrains\IntelliJIdea2022.1\captureAgent\debugger-agent.jar -Dfile.encoding=UTF-8 
java_command: com.example.doctorcare.DoctorCareApplication
java_class_path (initial): D:\Learn\Do An Tot Nghiep\project\doctorcare_2\DoctorCare\target\classes;C:\Users\bbb26\.m2\repository\org\springframework\boot\spring-boot-starter-data-jpa\2.7.6-SNAPSHOT\spring-boot-starter-data-jpa-2.7.6-20221021.110202-7.jar;C:\Users\bbb26\.m2\repository\org\springframework\boot\spring-boot-starter-jdbc\2.7.6-SNAPSHOT\spring-boot-starter-jdbc-2.7.6-20221021.110202-7.jar;C:\Users\bbb26\.m2\repository\com\zaxxer\HikariCP\4.0.3\HikariCP-4.0.3.jar;C:\Users\bbb26\.m2\repository\org\springframework\spring-jdbc\5.3.23\spring-jdbc-5.3.23.jar;C:\Users\bbb26\.m2\repository\jakarta\transaction\jakarta.transaction-api\1.3.3\jakarta.transaction-api-1.3.3.jar;C:\Users\bbb26\.m2\repository\jakarta\persistence\jakarta.persistence-api\2.2.3\jakarta.persistence-api-2.2.3.jar;C:\Users\bbb26\.m2\repository\org\hibernate\hibernate-core\5.6.12.Final\hibernate-core-5.6.12.Final.jar;C:\Users\bbb26\.m2\repository\org\jboss\logging\jboss-logging\3.4.3.Final\jboss-logging-3.4.3.Final.jar;C:\Users\bbb26\.m2\repository\net\bytebuddy\byte-buddy\1.12.18\byte-buddy-1.12.18.jar;C:\Users\bbb26\.m2\repository\antlr\antlr\2.7.7\antlr-2.7.7.jar;C:\Users\bbb26\.m2\repository\org\jboss\jandex\2.4.2.Final\jandex-2.4.2.Final.jar;C:\Users\bbb26\.m2\repository\com\fasterxml\classmate\1.5.1\classmate-1.5.1.jar;C:\Users\bbb26\.m2\repository\org\hibernate\common\hibernate-commons-annotations\5.1.2.Final\hibernate-commons-annotations-5.1.2.Final.jar;C:\Users\bbb26\.m2\repository\org\glassfish\jaxb\jaxb-runtime\2.3.7\jaxb-runtime-2.3.7.jar;C:\Users\bbb26\.m2\repository\org\glassfish\jaxb\txw2\2.3.7\txw2-2.3.7.jar;C:\Users\bbb26\.m2\repository\com\sun\istack\istack-commons-runtime\3.0.12\istack-commons-runtime-3.0.12.jar;C:\Users\bbb26\.m2\repository\org\springframework\data\spring-data-jpa\2.7.5\spring-data-jpa-2.7.5.jar;C:\Users\bbb26\.m2\repository\org\springframework\data\spring-data-commons\2.7.5\spring-data-commons-2.7.5.jar;C:\Users\bbb26\.m2\repository\org\springframework\s
Launcher Type: SUN_STANDARD

[Global flags]
     intx CICompilerCount                          = 4                                         {product} {ergonomic}
     uint ConcGCThreads                            = 2                                         {product} {ergonomic}
     uint G1ConcRefinementThreads                  = 8                                         {product} {ergonomic}
   size_t G1HeapRegionSize                         = 2097152                                   {product} {ergonomic}
    uintx GCDrainStackTargetSize                   = 64                                        {product} {ergonomic}
   size_t InitialHeapSize                          = 251658240                                 {product} {ergonomic}
     bool ManagementServer                         = true                                      {product} {command line}
   size_t MarkStackSize                            = 4194304                                   {product} {ergonomic}
   size_t MaxHeapSize                              = 4009754624                                {product} {ergonomic}
   size_t MaxNewSize                               = 2405433344                                {product} {ergonomic}
   size_t MinHeapDeltaBytes                        = 2097152                                   {product} {ergonomic}
   size_t MinHeapSize                              = 8388608                                   {product} {ergonomic}
    uintx NonProfiledCodeHeapSize                  = 0                                      {pd product} {ergonomic}
     bool ProfileInterpreter                       = false                                  {pd product} {command line}
    uintx ProfiledCodeHeapSize                     = 0                                      {pd product} {ergonomic}
   size_t SoftMaxHeapSize                          = 4009754624                             {manageable} {ergonomic}
     intx TieredStopAtLevel                        = 1                                         {product} {command line}
     bool UseCompressedClassPointers               = true                           {product lp64_product} {ergonomic}
     bool UseCompressedOops                        = true                           {product lp64_product} {ergonomic}
     bool UseG1GC                                  = true                                      {product} {ergonomic}
     bool UseLargePagesIndividualAllocation        = false                                  {pd product} {ergonomic}

Logging:
Log output configuration:
 #0: stdout all=warning uptime,level,tags
 #1: stderr all=off uptime,level,tags

Environment Variables:
JAVA_HOME=C:\Program Files\Java\jdk-17
PATH=C:\Python310\Scripts\;C:\Python310\;C:\Program Files\Eclipse Adoptium\jdk-17.0.3.7-hotspot\bin;C:\Program Files\Common Files\Oracle\Java\javapath;C:\Program Files (x86)\Common Files\Oracle\Java\javapath;C:\Windows\system32;C:\Windows;C:\Windows\System32\Wbem;C:\Windows\System32\WindowsPowerShell\v1.0\;C:\Windows\System32\OpenSSH\;C:\Program Files\dotnet\;C:\Program Files\Java\jdk-17\bin;D:\Learn\Javafullstack\apache-maven-3.8.5\bin;C:\Program Files\PuTTY\;C:\Program Files (x86)\VietPN;C:\Program Files\Git\cmd;C:\Program Files (x86)\NVIDIA Corporation\PhysX\Common;C:\Program Files\NVIDIA Corporation\NVIDIA NvDLISR;C:\WINDOWS\system32;C:\WINDOWS;C:\WINDOWS\System32\Wbem;C:\WINDOWS\System32\WindowsPowerShell\v1.0\;C:\WINDOWS\System32\OpenSSH\;C:\Program Files\nodejs\;C:\ProgramData\chocolatey\bin;C:\Users\bbb26\AppData\Local\Microsoft\WindowsApps;D:\Learn\IntelliJ IDEA 2022.1.1\bin;;C:\Program Files\JetBrains\IntelliJ IDEA Community Edition 2022.1.1\bin;;C:\Users\bbb26\AppData\Local\GitHubDesktop\bin;C:\Users\bbb26\AppData\Roaming\npm
USERNAME=bbb26
OS=Windows_NT
PROCESSOR_IDENTIFIER=AMD64 Family 23 Model 24 Stepping 1, AuthenticAMD



---------------  S Y S T E M  ---------------

OS:
 Windows 10 , 64 bit Build 22621 (10.0.22621.608)
OS uptime: 8 days 12:56 hours

CPU: total 8 (initial active 8) (8 cores per cpu, 2 threads per core) family 23 model 24 stepping 1 microcode 0x0, cx8, cmov, fxsr, ht, mmx, 3dnowpref, sse, sse2, sse3, ssse3, sse4a, sse4.1, sse4.2, popcnt, lzcnt, tsc, tscinvbit, avx, avx2, aes, clmul, bmi1, bmi2, adx, sha, fma, vzeroupper, clflush, clflushopt

Memory: 4k page, system-wide physical 15295M (3458M free)
TotalPageFile size 18295M (AvailPageFile size 4M)
current process WorkingSet (physical memory assigned to process): 107M, peak: 107M
current process commit charge ("private bytes"): 356M, peak: 356M

vm_info: Java HotSpot(TM) 64-Bit Server VM (17+35-LTS-2724) for windows-amd64 JRE (17+35-LTS-2724), built on Aug  5 2021 23:28:28 by "mach5one" with MS VC++ 16.8 (VS2019)

END.
