#
# There is insufficient memory for the Java Runtime Environment to continue.
# Native memory allocation (malloc) failed to allocate 1048576 bytes for AllocateHeap
# Possible reasons:
#   The system is out of physical RAM or swap space
#   The process is running with CompressedOops enabled, and the Java Heap may be blocking the growth of the native heap
# Possible solutions:
#   Reduce memory load on the system
#   Increase physical memory or swap space
#   Check if swap backing store is full
#   Decrease Java heap size (-Xmx/-Xms)
#   Decrease number of Java threads
#   Decrease Java thread stack sizes (-Xss)
#   Set larger code cache with -XX:ReservedCodeCacheSize=
#   JVM is running with Zero Based Compressed Oops mode in which the Java heap is
#     placed in the first 32GB address space. The Java Heap base address is the
#     maximum limit for the native heap growth. Please use -XX:HeapBaseMinAddress
#     to set the Java Heap base and to place the Java Heap above 32GB virtual address.
# This output file may be truncated or incomplete.
#
#  Out of Memory Error (./src/hotspot/share/memory/allocation.cpp:46), pid=3440, tid=20200
#
# JRE version: OpenJDK Runtime Environment Corretto-11.0.17.8.1 (11.0.17+8) (build 11.0.17+8-LTS)
# Java VM: OpenJDK 64-Bit Server VM Corretto-11.0.17.8.1 (11.0.17+8-LTS, mixed mode, tiered, compressed oops, g1 gc, windows-amd64)
# No core dump will be written. Minidumps are not enabled by default on client versions of Windows
#

---------------  S U M M A R Y ------------

Command Line: -agentlib:jdwp=transport=dt_socket,address=127.0.0.1:58515,suspend=y,server=n -XX:TieredStopAtLevel=1 -Xverify:none -Dspring.output.ansi.enabled=always -Dcom.sun.management.jmxremote -Dspring.jmx.enabled=true -Dspring.liveBeansView.mbeanDomain -Dspring.application.admin.enabled=true -javaagent:C:\Users\bbb26\AppData\Local\JetBrains\IntelliJIdea2022.1\captureAgent\debugger-agent.jar=file:/C:/Users/bbb26/AppData/Local/Temp/capture5.props -Dfile.encoding=UTF-8 com.example.doctorcare.DoctorCareApplication

Host: AMD Ryzen 7 3750H with Radeon Vega Mobile Gfx  , 8 cores, 15G,  Windows 11 , 64 bit Build 22621 (10.0.22621.608)
Time: Fri Nov  4 16:40:09 2022 SE Asia Standard Time elapsed time: 16.108406 seconds (0d 0h 0m 16s)

---------------  T H R E A D  ---------------

Current thread (0x000002b07db94000):  VMThread "VM Thread" [stack: 0x000000eb0cc00000,0x000000eb0cd00000] [id=20200]

Stack: [0x000000eb0cc00000,0x000000eb0cd00000]
[error occurred during error reporting (printing stack bounds), id 0xc0000005, EXCEPTION_ACCESS_VIOLATION (0xc0000005) at pc=0x000002b00000112d]

Native frames: (J=compiled Java code, j=interpreted, Vv=VM code, C=native code)
V  [jvm.dll+0x61f66a]
V  [jvm.dll+0x7ac889]
V  [jvm.dll+0x7adf78]
V  [jvm.dll+0x7ae5b5]
V  [jvm.dll+0x7ae56b]
V  [jvm.dll+0x61e9f7]
V  [jvm.dll+0x61f108]
C  [ntdll.dll+0xa3e1f]
C  [ntdll.dll+0x1eae6]
C  [ntdll.dll+0xa2e0e]
C  0x000002b00000112d

VM_Operation (0x000000eb0e0fd250): CollectForMetadataAllocation, mode: safepoint, requested by thread 0x000002b00f3b6800


---------------  P R O C E S S  ---------------

Threads class SMR info:
_java_thread_list=0x000002b013bf5330, length=24, elements={
0x000002b069062000, 0x000002b07db98000, 0x000002b07db9a000, 0x000002b07e497800,
0x000002b07e498800, 0x000002b07e49a800, 0x000002b07e4a8000, 0x000002b07e4b2800,
0x000002b07db51000, 0x000002b07e66e000, 0x000002b07e66f000, 0x000002b07e68a000,
0x000002b07ef21800, 0x000002b00f3ae000, 0x000002b00f3b6800, 0x000002b00f28d000,
0x000002b00f3f7000, 0x000002b011669000, 0x000002b011737000, 0x000002b00f1d7800,
0x000002b00f11f000, 0x000002b013b0c000, 0x000002b0139a7000, 0x000002b0139a7800
}

Java Threads: ( => current thread )
  0x000002b069062000 JavaThread "main" [_thread_blocked, id=14892, stack(0x000000eb0c600000,0x000000eb0c700000)]
  0x000002b07db98000 JavaThread "Reference Handler" daemon [_thread_blocked, id=16700, stack(0x000000eb0cd00000,0x000000eb0ce00000)]
  0x000002b07db9a000 JavaThread "Finalizer" daemon [_thread_blocked, id=15768, stack(0x000000eb0ce00000,0x000000eb0cf00000)]
  0x000002b07e497800 JavaThread "Signal Dispatcher" daemon [_thread_blocked, id=7616, stack(0x000000eb0cf00000,0x000000eb0d000000)]
  0x000002b07e498800 JavaThread "Attach Listener" daemon [_thread_blocked, id=10424, stack(0x000000eb0d000000,0x000000eb0d100000)]
  0x000002b07e49a800 JavaThread "Service Thread" daemon [_thread_blocked, id=16452, stack(0x000000eb0d100000,0x000000eb0d200000)]
  0x000002b07e4a8000 JavaThread "C1 CompilerThread0" daemon [_thread_blocked, id=8868, stack(0x000000eb0d200000,0x000000eb0d300000)]
  0x000002b07e4b2800 JavaThread "Sweeper thread" daemon [_thread_blocked, id=2400, stack(0x000000eb0d300000,0x000000eb0d400000)]
  0x000002b07db51000 JavaThread "Common-Cleaner" daemon [_thread_blocked, id=9536, stack(0x000000eb0d400000,0x000000eb0d500000)]
  0x000002b07e66e000 JavaThread "JDWP Transport Listener: dt_socket" daemon [_thread_blocked, id=7220, stack(0x000000eb0d500000,0x000000eb0d600000)]
  0x000002b07e66f000 JavaThread "JDWP Event Helper Thread" daemon [_thread_blocked, id=14816, stack(0x000000eb0d600000,0x000000eb0d700000)]
  0x000002b07e68a000 JavaThread "JDWP Command Reader" daemon [_thread_in_native, id=7036, stack(0x000000eb0d700000,0x000000eb0d800000)]
  0x000002b07ef21800 JavaThread "RMI TCP Accept-0" daemon [_thread_in_native, id=12368, stack(0x000000eb0d800000,0x000000eb0d900000)]
  0x000002b00f3ae000 JavaThread "Thread-0" [_thread_blocked, id=15636, stack(0x000000eb0df00000,0x000000eb0e000000)]
  0x000002b00f3b6800 JavaThread "restartedMain" [_thread_blocked, id=20128, stack(0x000000eb0e000000,0x000000eb0e100000)]
  0x000002b00f28d000 JavaThread "RMI TCP Connection(1)-192.168.0.5" daemon [_thread_in_native, id=19712, stack(0x000000eb0e100000,0x000000eb0e200000)]
  0x000002b00f3f7000 JavaThread "RMI Scheduler(0)" daemon [_thread_blocked, id=13044, stack(0x000000eb0e200000,0x000000eb0e300000)]
  0x000002b011669000 JavaThread "mysql-cj-abandoned-connection-cleanup" daemon [_thread_blocked, id=9860, stack(0x000000eb0e400000,0x000000eb0e500000)]
  0x000002b011737000 JavaThread "HikariPool-1 housekeeper" daemon [_thread_blocked, id=3376, stack(0x000000eb0e800000,0x000000eb0e900000)]
  0x000002b00f1d7800 JavaThread "HikariPool-1 connection adder" daemon [_thread_blocked, id=11032, stack(0x000000eb0e900000,0x000000eb0ea00000)]
  0x000002b00f11f000 JavaThread "Catalina-utility-1" [_thread_blocked, id=7180, stack(0x000000eb0ea00000,0x000000eb0eb00000)]
  0x000002b013b0c000 JavaThread "Catalina-utility-2" [_thread_blocked, id=548, stack(0x000000eb0eb00000,0x000000eb0ec00000)]
  0x000002b0139a7000 JavaThread "container-0" [_thread_blocked, id=19844, stack(0x000000eb0ec00000,0x000000eb0ed00000)]
  0x000002b0139a7800 JavaThread "lettuce-timer-3-1" daemon [_thread_blocked, id=2828, stack(0x000000eb0ee00000,0x000000eb0ef00000)]

Other Threads:
=>0x000002b07db94000 VMThread "VM Thread" [stack: 0x000000eb0cc00000,0x000000eb0cd00000] [id=20200]
  0x000002b07eed8800 WatcherThread [stack: 0x000000eb0d900000,0x000000eb0da00000] [id=15604]
  0x000002b06907c800 GCTaskThread "GC Thread#0" [stack: 0x000000eb0c700000,0x000000eb0c800000] [id=10860]
  0x000002b07efff800 GCTaskThread "GC Thread#1" [stack: 0x000000eb0da00000,0x000000eb0db00000] [id=15716]
  0x000002b07f023000 GCTaskThread "GC Thread#2" [stack: 0x000000eb0db00000,0x000000eb0dc00000] [id=9836]
  0x000002b07f023800 GCTaskThread "GC Thread#3" [stack: 0x000000eb0dc00000,0x000000eb0dd00000] [id=3800]
  0x000002b07f024000 GCTaskThread "GC Thread#4" [stack: 0x000000eb0dd00000,0x000000eb0de00000] [id=10340]
  0x000002b07f047800 GCTaskThread "GC Thread#5" [stack: 0x000000eb0de00000,0x000000eb0df00000] [id=19572]
  0x000002b00f87a800 GCTaskThread "GC Thread#6" [stack: 0x000000eb0e500000,0x000000eb0e600000] [id=19580]
  0x000002b00f953800 GCTaskThread "GC Thread#7" [stack: 0x000000eb0e600000,0x000000eb0e700000] [id=5224]
  0x000002b0690d6800 ConcurrentGCThread "G1 Main Marker" [stack: 0x000000eb0c800000,0x000000eb0c900000] [id=12188]
  0x000002b0690d9800 ConcurrentGCThread "G1 Conc#0" [stack: 0x000000eb0c900000,0x000000eb0ca00000] [id=6220]
  0x000002b00f465000 ConcurrentGCThread "G1 Conc#1" [stack: 0x000000eb0e300000,0x000000eb0e400000] [id=10268]
  0x000002b07da80000 ConcurrentGCThread "G1 Refine#0" [stack: 0x000000eb0ca00000,0x000000eb0cb00000] [id=11364]
  0x000002b013dd8800 ConcurrentGCThread "G1 Refine#1" [stack: 0x000000eb0ed00000,0x000000eb0ee00000] [id=19172]
  0x000002b07da84000 ConcurrentGCThread "G1 Young RemSet Sampling" [stack: 0x000000eb0cb00000,0x000000eb0cc00000] [id=11688]

Threads with active compile tasks:

VM state:at safepoint (normal execution)

VM Mutex/Monitor currently owned by a thread:  ([mutex/lock_event])
[0x000002b06905eca0] Threads_lock - owner thread: 0x000002b07db94000
[0x000002b06905e1f0] Heap_lock - owner thread: 0x000002b00f3b6800

OutOfMemory and StackOverflow Exception counts:
OutOfMemoryError java_heap_errors=1
LinkageErrors=99

Heap address: 0x0000000705000000, size: 4016 MB, Compressed Oops mode: Zero based, Oop shift amount: 3
Narrow klass base: 0x0000000800000000, Narrow klass shift: 0
Compressed class space size: 1073741824 Address: 0x0000000800000000

Heap:
 garbage-first heap   total 314368K, used 48677K [0x0000000705000000, 0x0000000800000000)
  region size 1024K, 15 young (15360K), 15 survivors (15360K)
 Metaspace       used 79496K, capacity 82061K, committed 82224K, reserved 1128448K
  class space    used 10265K, capacity 11265K, committed 11392K, reserved 1048576K
Heap Regions: E=young(eden), S=young(survivor), O=old, HS=humongous(starts), HC=humongous(continues), CS=collection set, F=free, A=archive, TAMS=top-at-mark-start (previous, next)
|   0|0x0000000705000000, 0x0000000705100000, 0x0000000705100000|100%|HS|  |TAMS 0x0000000705100000, 0x0000000705100000| Complete 
|   1|0x0000000705100000, 0x0000000705200000, 0x0000000705200000|100%| O|  |TAMS 0x0000000705200000, 0x0000000705200000| Untracked 
|   2|0x0000000705200000, 0x0000000705300000, 0x0000000705300000|100%| O|  |TAMS 0x0000000705300000, 0x0000000705300000| Untracked 
|   3|0x0000000705300000, 0x0000000705400000, 0x0000000705400000|100%| O|  |TAMS 0x0000000705400000, 0x0000000705400000| Untracked 
|   4|0x0000000705400000, 0x0000000705500000, 0x0000000705500000|100%| O|  |TAMS 0x0000000705500000, 0x0000000705500000| Untracked 
|   5|0x0000000705500000, 0x0000000705600000, 0x0000000705600000|100%| O|  |TAMS 0x0000000705600000, 0x0000000705600000| Untracked 
|   6|0x0000000705600000, 0x0000000705700000, 0x0000000705700000|100%| O|  |TAMS 0x0000000705700000, 0x0000000705700000| Untracked 
|   7|0x0000000705700000, 0x0000000705800000, 0x0000000705800000|100%| O|  |TAMS 0x0000000705800000, 0x0000000705800000| Untracked 
|   8|0x0000000705800000, 0x0000000705900000, 0x0000000705900000|100%| O|  |TAMS 0x0000000705900000, 0x0000000705900000| Untracked 
|   9|0x0000000705900000, 0x0000000705a00000, 0x0000000705a00000|100%| O|  |TAMS 0x0000000705a00000, 0x0000000705a00000| Untracked 
|  10|0x0000000705a00000, 0x0000000705b00000, 0x0000000705b00000|100%| O|  |TAMS 0x0000000705b00000, 0x0000000705b00000| Untracked 
|  11|0x0000000705b00000, 0x0000000705c00000, 0x0000000705c00000|100%| O|  |TAMS 0x0000000705c00000, 0x0000000705c00000| Untracked 
|  12|0x0000000705c00000, 0x0000000705d00000, 0x0000000705d00000|100%| O|  |TAMS 0x0000000705d00000, 0x0000000705d00000| Untracked 
|  13|0x0000000705d00000, 0x0000000705e00000, 0x0000000705e00000|100%| O|  |TAMS 0x0000000705e00000, 0x0000000705e00000| Untracked 
|  14|0x0000000705e00000, 0x0000000705f00000, 0x0000000705f00000|100%| O|  |TAMS 0x0000000705f00000, 0x0000000705f00000| Untracked 
|  15|0x0000000705f00000, 0x0000000706000000, 0x0000000706000000|100%| O|  |TAMS 0x0000000706000000, 0x0000000706000000| Untracked 
|  16|0x0000000706000000, 0x0000000706100000, 0x0000000706100000|100%| O|  |TAMS 0x0000000706100000, 0x0000000706100000| Untracked 
|  17|0x0000000706100000, 0x0000000706200000, 0x0000000706200000|100%| O|  |TAMS 0x0000000706200000, 0x0000000706200000| Untracked 
|  18|0x0000000706200000, 0x0000000706300000, 0x0000000706300000|100%| O|  |TAMS 0x0000000706300000, 0x0000000706300000| Untracked 
|  19|0x0000000706300000, 0x0000000706400000, 0x0000000706400000|100%| O|  |TAMS 0x0000000706400000, 0x0000000706400000| Untracked 
|  20|0x0000000706400000, 0x0000000706500000, 0x0000000706500000|100%| O|  |TAMS 0x0000000706500000, 0x0000000706500000| Untracked 
|  21|0x0000000706500000, 0x0000000706600000, 0x0000000706600000|100%| O|  |TAMS 0x0000000706600000, 0x0000000706600000| Untracked 
|  22|0x0000000706600000, 0x0000000706700000, 0x0000000706700000|100%| O|  |TAMS 0x0000000706652400, 0x0000000706700000| Untracked 
|  23|0x0000000706700000, 0x0000000706800000, 0x0000000706800000|100%| O|  |TAMS 0x0000000706700000, 0x0000000706800000| Untracked 
|  24|0x0000000706800000, 0x0000000706900000, 0x0000000706900000|100%| O|  |TAMS 0x0000000706800000, 0x0000000706900000| Untracked 
|  25|0x0000000706900000, 0x0000000706a00000, 0x0000000706a00000|100%| O|  |TAMS 0x0000000706900000, 0x0000000706a00000| Untracked 
|  26|0x0000000706a00000, 0x0000000706b00000, 0x0000000706b00000|100%| O|  |TAMS 0x0000000706a00000, 0x0000000706b00000| Untracked 
|  27|0x0000000706b00000, 0x0000000706c00000, 0x0000000706c00000|100%| O|  |TAMS 0x0000000706b00000, 0x0000000706c00000| Untracked 
|  28|0x0000000706c00000, 0x0000000706cffff8, 0x0000000706d00000| 99%| O|  |TAMS 0x0000000706c00000, 0x0000000706cffff8| Untracked 
|  29|0x0000000706d00000, 0x0000000706e00000, 0x0000000706e00000|100%| O|  |TAMS 0x0000000706d00000, 0x0000000706e00000| Untracked 
|  30|0x0000000706e00000, 0x0000000706f00000, 0x0000000706f00000|100%| O|  |TAMS 0x0000000706e00000, 0x0000000706f00000| Untracked 
|  31|0x0000000706f00000, 0x0000000707000000, 0x0000000707000000|100%| O|  |TAMS 0x0000000706f00000, 0x0000000707000000| Untracked 
|  32|0x0000000707000000, 0x0000000707100000, 0x0000000707100000|100%| O|  |TAMS 0x0000000707000000, 0x0000000707100000| Untracked 
|  33|0x0000000707100000, 0x0000000707128e00, 0x0000000707200000| 15%| O|  |TAMS 0x0000000707100000, 0x0000000707128e00| Untracked 
|  34|0x0000000707200000, 0x0000000707200000, 0x0000000707300000|  0%| F|  |TAMS 0x0000000707200000, 0x0000000707200000| Untracked 
|  35|0x0000000707300000, 0x0000000707300000, 0x0000000707400000|  0%| F|  |TAMS 0x0000000707300000, 0x0000000707300000| Untracked 
|  36|0x0000000707400000, 0x0000000707400000, 0x0000000707500000|  0%| F|  |TAMS 0x0000000707400000, 0x0000000707400000| Untracked 
|  37|0x0000000707500000, 0x0000000707500000, 0x0000000707600000|  0%| F|  |TAMS 0x0000000707500000, 0x0000000707500000| Untracked 
|  38|0x0000000707600000, 0x0000000707600000, 0x0000000707700000|  0%| F|  |TAMS 0x0000000707600000, 0x0000000707600000| Untracked 
|  39|0x0000000707700000, 0x0000000707700000, 0x0000000707800000|  0%| F|  |TAMS 0x0000000707700000, 0x0000000707700000| Untracked 
|  40|0x0000000707800000, 0x0000000707800000, 0x0000000707900000|  0%| F|  |TAMS 0x0000000707800000, 0x0000000707800000| Untracked 
|  41|0x0000000707900000, 0x0000000707900000, 0x0000000707a00000|  0%| F|  |TAMS 0x0000000707900000, 0x0000000707900000| Untracked 
|  42|0x0000000707a00000, 0x0000000707a00000, 0x0000000707b00000|  0%| F|  |TAMS 0x0000000707a00000, 0x0000000707a00000| Untracked 
|  43|0x0000000707b00000, 0x0000000707b00000, 0x0000000707c00000|  0%| F|  |TAMS 0x0000000707b00000, 0x0000000707b00000| Untracked 
|  44|0x0000000707c00000, 0x0000000707c00000, 0x0000000707d00000|  0%| F|  |TAMS 0x0000000707c00000, 0x0000000707c00000| Untracked 
|  45|0x0000000707d00000, 0x0000000707d00000, 0x0000000707e00000|  0%| F|  |TAMS 0x0000000707d00000, 0x0000000707d00000| Untracked 
|  46|0x0000000707e00000, 0x0000000707e00000, 0x0000000707f00000|  0%| F|  |TAMS 0x0000000707e00000, 0x0000000707e00000| Untracked 
|  47|0x0000000707f00000, 0x0000000707f00000, 0x0000000708000000|  0%| F|  |TAMS 0x0000000707f00000, 0x0000000707f00000| Untracked 
|  48|0x0000000708000000, 0x0000000708000000, 0x0000000708100000|  0%| F|  |TAMS 0x0000000708000000, 0x0000000708000000| Untracked 
|  49|0x0000000708100000, 0x0000000708100000, 0x0000000708200000|  0%| F|  |TAMS 0x0000000708100000, 0x0000000708100000| Untracked 
|  50|0x0000000708200000, 0x0000000708200000, 0x0000000708300000|  0%| F|  |TAMS 0x0000000708200000, 0x0000000708200000| Untracked 
|  51|0x0000000708300000, 0x0000000708300000, 0x0000000708400000|  0%| F|  |TAMS 0x0000000708300000, 0x0000000708300000| Untracked 
|  52|0x0000000708400000, 0x0000000708400000, 0x0000000708500000|  0%| F|  |TAMS 0x0000000708400000, 0x0000000708400000| Untracked 
|  53|0x0000000708500000, 0x0000000708500000, 0x0000000708600000|  0%| F|  |TAMS 0x0000000708500000, 0x0000000708500000| Untracked 
|  54|0x0000000708600000, 0x0000000708600000, 0x0000000708700000|  0%| F|  |TAMS 0x0000000708600000, 0x0000000708600000| Untracked 
|  55|0x0000000708700000, 0x0000000708700000, 0x0000000708800000|  0%| F|  |TAMS 0x0000000708700000, 0x0000000708700000| Untracked 
|  56|0x0000000708800000, 0x0000000708800000, 0x0000000708900000|  0%| F|  |TAMS 0x0000000708800000, 0x0000000708800000| Untracked 
|  57|0x0000000708900000, 0x0000000708900000, 0x0000000708a00000|  0%| F|  |TAMS 0x0000000708900000, 0x0000000708900000| Untracked 
|  58|0x0000000708a00000, 0x0000000708a00000, 0x0000000708b00000|  0%| F|  |TAMS 0x0000000708a00000, 0x0000000708a00000| Untracked 
|  59|0x0000000708b00000, 0x0000000708b00000, 0x0000000708c00000|  0%| F|  |TAMS 0x0000000708b00000, 0x0000000708b00000| Untracked 
|  60|0x0000000708c00000, 0x0000000708c00000, 0x0000000708d00000|  0%| F|  |TAMS 0x0000000708c00000, 0x0000000708c00000| Untracked 
|  61|0x0000000708d00000, 0x0000000708d00000, 0x0000000708e00000|  0%| F|  |TAMS 0x0000000708d00000, 0x0000000708d00000| Untracked 
|  62|0x0000000708e00000, 0x0000000708e00000, 0x0000000708f00000|  0%| F|  |TAMS 0x0000000708e00000, 0x0000000708e00000| Untracked 
|  63|0x0000000708f00000, 0x0000000708f00000, 0x0000000709000000|  0%| F|  |TAMS 0x0000000708f00000, 0x0000000708f00000| Untracked 
|  64|0x0000000709000000, 0x0000000709000000, 0x0000000709100000|  0%| F|  |TAMS 0x0000000709000000, 0x0000000709000000| Untracked 
|  65|0x0000000709100000, 0x0000000709100000, 0x0000000709200000|  0%| F|  |TAMS 0x0000000709100000, 0x0000000709100000| Untracked 
|  66|0x0000000709200000, 0x0000000709200000, 0x0000000709300000|  0%| F|  |TAMS 0x0000000709200000, 0x0000000709200000| Untracked 
|  67|0x0000000709300000, 0x0000000709300000, 0x0000000709400000|  0%| F|  |TAMS 0x0000000709300000, 0x0000000709300000| Untracked 
|  68|0x0000000709400000, 0x0000000709400000, 0x0000000709500000|  0%| F|  |TAMS 0x0000000709400000, 0x0000000709400000| Untracked 
|  69|0x0000000709500000, 0x0000000709500000, 0x0000000709600000|  0%| F|  |TAMS 0x0000000709500000, 0x0000000709500000| Untracked 
|  70|0x0000000709600000, 0x0000000709600000, 0x0000000709700000|  0%| F|  |TAMS 0x0000000709600000, 0x0000000709600000| Untracked 
|  71|0x0000000709700000, 0x0000000709700000, 0x0000000709800000|  0%| F|  |TAMS 0x0000000709700000, 0x0000000709700000| Untracked 
|  72|0x0000000709800000, 0x0000000709800000, 0x0000000709900000|  0%| F|  |TAMS 0x0000000709800000, 0x0000000709800000| Untracked 
|  73|0x0000000709900000, 0x0000000709900000, 0x0000000709a00000|  0%| F|  |TAMS 0x0000000709900000, 0x0000000709900000| Untracked 
|  74|0x0000000709a00000, 0x0000000709a00000, 0x0000000709b00000|  0%| F|  |TAMS 0x0000000709a00000, 0x0000000709a00000| Untracked 
|  75|0x0000000709b00000, 0x0000000709b00000, 0x0000000709c00000|  0%| F|  |TAMS 0x0000000709b00000, 0x0000000709b00000| Untracked 
|  76|0x0000000709c00000, 0x0000000709c00000, 0x0000000709d00000|  0%| F|  |TAMS 0x0000000709c00000, 0x0000000709c00000| Untracked 
|  77|0x0000000709d00000, 0x0000000709d00000, 0x0000000709e00000|  0%| F|  |TAMS 0x0000000709d00000, 0x0000000709d00000| Untracked 
|  78|0x0000000709e00000, 0x0000000709e00000, 0x0000000709f00000|  0%| F|  |TAMS 0x0000000709e00000, 0x0000000709e00000| Untracked 
|  79|0x0000000709f00000, 0x0000000709f00000, 0x000000070a000000|  0%| F|  |TAMS 0x0000000709f00000, 0x0000000709f00000| Untracked 
|  80|0x000000070a000000, 0x000000070a000000, 0x000000070a100000|  0%| F|  |TAMS 0x000000070a000000, 0x000000070a000000| Untracked 
|  81|0x000000070a100000, 0x000000070a100000, 0x000000070a200000|  0%| F|  |TAMS 0x000000070a100000, 0x000000070a100000| Untracked 
|  82|0x000000070a200000, 0x000000070a200000, 0x000000070a300000|  0%| F|  |TAMS 0x000000070a200000, 0x000000070a200000| Untracked 
|  83|0x000000070a300000, 0x000000070a300000, 0x000000070a400000|  0%| F|  |TAMS 0x000000070a300000, 0x000000070a300000| Untracked 
|  84|0x000000070a400000, 0x000000070a400000, 0x000000070a500000|  0%| F|  |TAMS 0x000000070a400000, 0x000000070a400000| Untracked 
|  85|0x000000070a500000, 0x000000070a500000, 0x000000070a600000|  0%| F|  |TAMS 0x000000070a500000, 0x000000070a500000| Untracked 
|  86|0x000000070a600000, 0x000000070a600000, 0x000000070a700000|  0%| F|  |TAMS 0x000000070a600000, 0x000000070a600000| Untracked 
|  87|0x000000070a700000, 0x000000070a700000, 0x000000070a800000|  0%| F|  |TAMS 0x000000070a700000, 0x000000070a700000| Untracked 
|  88|0x000000070a800000, 0x000000070a800000, 0x000000070a900000|  0%| F|  |TAMS 0x000000070a800000, 0x000000070a800000| Untracked 
|  89|0x000000070a900000, 0x000000070a900000, 0x000000070aa00000|  0%| F|  |TAMS 0x000000070a900000, 0x000000070a900000| Untracked 
|  90|0x000000070aa00000, 0x000000070aa00000, 0x000000070ab00000|  0%| F|  |TAMS 0x000000070aa00000, 0x000000070aa00000| Untracked 
|  91|0x000000070ab00000, 0x000000070ab00000, 0x000000070ac00000|  0%| F|  |TAMS 0x000000070ab00000, 0x000000070ab00000| Untracked 
|  92|0x000000070ac00000, 0x000000070ac00000, 0x000000070ad00000|  0%| F|  |TAMS 0x000000070ac00000, 0x000000070ac00000| Untracked 
|  93|0x000000070ad00000, 0x000000070ad00000, 0x000000070ae00000|  0%| F|  |TAMS 0x000000070ad00000, 0x000000070ad00000| Untracked 
|  94|0x000000070ae00000, 0x000000070ae00000, 0x000000070af00000|  0%| F|  |TAMS 0x000000070ae00000, 0x000000070ae00000| Untracked 
|  95|0x000000070af00000, 0x000000070af00000, 0x000000070b000000|  0%| F|  |TAMS 0x000000070af00000, 0x000000070af00000| Untracked 
|  96|0x000000070b000000, 0x000000070b000000, 0x000000070b100000|  0%| F|  |TAMS 0x000000070b000000, 0x000000070b000000| Untracked 
|  97|0x000000070b100000, 0x000000070b100000, 0x000000070b200000|  0%| F|  |TAMS 0x000000070b100000, 0x000000070b100000| Untracked 
|  98|0x000000070b200000, 0x000000070b200000, 0x000000070b300000|  0%| F|  |TAMS 0x000000070b200000, 0x000000070b200000| Untracked 
|  99|0x000000070b300000, 0x000000070b300000, 0x000000070b400000|  0%| F|  |TAMS 0x000000070b300000, 0x000000070b300000| Untracked 
| 100|0x000000070b400000, 0x000000070b400000, 0x000000070b500000|  0%| F|  |TAMS 0x000000070b400000, 0x000000070b400000| Untracked 
| 101|0x000000070b500000, 0x000000070b500000, 0x000000070b600000|  0%| F|  |TAMS 0x000000070b500000, 0x000000070b500000| Untracked 
| 102|0x000000070b600000, 0x000000070b600000, 0x000000070b700000|  0%| F|  |TAMS 0x000000070b600000, 0x000000070b600000| Untracked 
| 103|0x000000070b700000, 0x000000070b700000, 0x000000070b800000|  0%| F|  |TAMS 0x000000070b700000, 0x000000070b700000| Untracked 
| 104|0x000000070b800000, 0x000000070b800000, 0x000000070b900000|  0%| F|  |TAMS 0x000000070b800000, 0x000000070b800000| Untracked 
| 105|0x000000070b900000, 0x000000070b900000, 0x000000070ba00000|  0%| F|  |TAMS 0x000000070b900000, 0x000000070b900000| Untracked 
| 106|0x000000070ba00000, 0x000000070ba00000, 0x000000070bb00000|  0%| F|  |TAMS 0x000000070ba00000, 0x000000070ba00000| Untracked 
| 107|0x000000070bb00000, 0x000000070bb00000, 0x000000070bc00000|  0%| F|  |TAMS 0x000000070bb00000, 0x000000070bb00000| Untracked 
| 108|0x000000070bc00000, 0x000000070bc00000, 0x000000070bd00000|  0%| F|  |TAMS 0x000000070bc00000, 0x000000070bc00000| Untracked 
| 109|0x000000070bd00000, 0x000000070bd00000, 0x000000070be00000|  0%| F|  |TAMS 0x000000070bd00000, 0x000000070bd00000| Untracked 
| 110|0x000000070be00000, 0x000000070be00000, 0x000000070bf00000|  0%| F|  |TAMS 0x000000070be00000, 0x000000070be00000| Untracked 
| 111|0x000000070bf00000, 0x000000070bf00000, 0x000000070c000000|  0%| F|  |TAMS 0x000000070bf00000, 0x000000070bf00000| Untracked 
| 112|0x000000070c000000, 0x000000070c000000, 0x000000070c100000|  0%| F|  |TAMS 0x000000070c000000, 0x000000070c000000| Untracked 
| 113|0x000000070c100000, 0x000000070c100000, 0x000000070c200000|  0%| F|  |TAMS 0x000000070c100000, 0x000000070c100000| Untracked 
| 114|0x000000070c200000, 0x000000070c200000, 0x000000070c300000|  0%| F|  |TAMS 0x000000070c200000, 0x000000070c200000| Untracked 
| 115|0x000000070c300000, 0x000000070c300000, 0x000000070c400000|  0%| F|  |TAMS 0x000000070c300000, 0x000000070c300000| Untracked 
| 116|0x000000070c400000, 0x000000070c400000, 0x000000070c500000|  0%| F|  |TAMS 0x000000070c400000, 0x000000070c400000| Untracked 
| 117|0x000000070c500000, 0x000000070c500000, 0x000000070c600000|  0%| F|  |TAMS 0x000000070c500000, 0x000000070c500000| Untracked 
| 118|0x000000070c600000, 0x000000070c600000, 0x000000070c700000|  0%| F|  |TAMS 0x000000070c600000, 0x000000070c600000| Untracked 
| 119|0x000000070c700000, 0x000000070c700000, 0x000000070c800000|  0%| F|  |TAMS 0x000000070c700000, 0x000000070c700000| Untracked 
| 120|0x000000070c800000, 0x000000070c800000, 0x000000070c900000|  0%| F|  |TAMS 0x000000070c800000, 0x000000070c800000| Untracked 
| 121|0x000000070c900000, 0x000000070c900000, 0x000000070ca00000|  0%| F|  |TAMS 0x000000070c900000, 0x000000070c900000| Untracked 
| 122|0x000000070ca00000, 0x000000070ca00000, 0x000000070cb00000|  0%| F|  |TAMS 0x000000070ca00000, 0x000000070ca00000| Untracked 
| 123|0x000000070cb00000, 0x000000070cb00000, 0x000000070cc00000|  0%| F|  |TAMS 0x000000070cb00000, 0x000000070cb00000| Untracked 
| 124|0x000000070cc00000, 0x000000070cc00000, 0x000000070cd00000|  0%| F|  |TAMS 0x000000070cc00000, 0x000000070cc00000| Untracked 
| 125|0x000000070cd00000, 0x000000070cd00000, 0x000000070ce00000|  0%| F|  |TAMS 0x000000070cd00000, 0x000000070cd00000| Untracked 
| 126|0x000000070ce00000, 0x000000070ce00000, 0x000000070cf00000|  0%| F|  |TAMS 0x000000070ce00000, 0x000000070ce00000| Untracked 
| 127|0x000000070cf00000, 0x000000070cf00000, 0x000000070d000000|  0%| F|  |TAMS 0x000000070cf00000, 0x000000070cf00000| Untracked 
| 128|0x000000070d000000, 0x000000070d000000, 0x000000070d100000|  0%| F|  |TAMS 0x000000070d000000, 0x000000070d000000| Untracked 
| 129|0x000000070d100000, 0x000000070d100000, 0x000000070d200000|  0%| F|  |TAMS 0x000000070d100000, 0x000000070d100000| Untracked 
| 130|0x000000070d200000, 0x000000070d200000, 0x000000070d300000|  0%| F|  |TAMS 0x000000070d200000, 0x000000070d200000| Untracked 
| 131|0x000000070d300000, 0x000000070d300000, 0x000000070d400000|  0%| F|  |TAMS 0x000000070d300000, 0x000000070d300000| Untracked 
| 132|0x000000070d400000, 0x000000070d400000, 0x000000070d500000|  0%| F|  |TAMS 0x000000070d400000, 0x000000070d400000| Untracked 
| 133|0x000000070d500000, 0x000000070d500000, 0x000000070d600000|  0%| F|  |TAMS 0x000000070d500000, 0x000000070d500000| Untracked 
| 134|0x000000070d600000, 0x000000070d600000, 0x000000070d700000|  0%| F|  |TAMS 0x000000070d600000, 0x000000070d600000| Untracked 
| 135|0x000000070d700000, 0x000000070d700000, 0x000000070d800000|  0%| F|  |TAMS 0x000000070d700000, 0x000000070d700000| Untracked 
| 136|0x000000070d800000, 0x000000070d800000, 0x000000070d900000|  0%| F|  |TAMS 0x000000070d800000, 0x000000070d800000| Untracked 
| 137|0x000000070d900000, 0x000000070d900000, 0x000000070da00000|  0%| F|  |TAMS 0x000000070d900000, 0x000000070d900000| Untracked 
| 138|0x000000070da00000, 0x000000070da00000, 0x000000070db00000|  0%| F|  |TAMS 0x000000070da00000, 0x000000070da00000| Untracked 
| 139|0x000000070db00000, 0x000000070db00000, 0x000000070dc00000|  0%| F|  |TAMS 0x000000070db00000, 0x000000070db00000| Untracked 
| 140|0x000000070dc00000, 0x000000070dc00000, 0x000000070dd00000|  0%| F|  |TAMS 0x000000070dc00000, 0x000000070dc00000| Untracked 
| 141|0x000000070dd00000, 0x000000070dd00000, 0x000000070de00000|  0%| F|  |TAMS 0x000000070dd00000, 0x000000070dd00000| Untracked 
| 142|0x000000070de00000, 0x000000070de00000, 0x000000070df00000|  0%| F|  |TAMS 0x000000070de00000, 0x000000070de00000| Untracked 
| 143|0x000000070df00000, 0x000000070df00000, 0x000000070e000000|  0%| F|  |TAMS 0x000000070df00000, 0x000000070df00000| Untracked 
| 144|0x000000070e000000, 0x000000070e000000, 0x000000070e100000|  0%| F|  |TAMS 0x000000070e000000, 0x000000070e000000| Untracked 
| 145|0x000000070e100000, 0x000000070e100000, 0x000000070e200000|  0%| F|  |TAMS 0x000000070e100000, 0x000000070e100000| Untracked 
| 146|0x000000070e200000, 0x000000070e200000, 0x000000070e300000|  0%| F|  |TAMS 0x000000070e200000, 0x000000070e200000| Untracked 
| 147|0x000000070e300000, 0x000000070e300000, 0x000000070e400000|  0%| F|  |TAMS 0x000000070e300000, 0x000000070e300000| Untracked 
| 148|0x000000070e400000, 0x000000070e400000, 0x000000070e500000|  0%| F|  |TAMS 0x000000070e400000, 0x000000070e400000| Untracked 
| 149|0x000000070e500000, 0x000000070e500000, 0x000000070e600000|  0%| F|  |TAMS 0x000000070e500000, 0x000000070e500000| Untracked 
| 150|0x000000070e600000, 0x000000070e600000, 0x000000070e700000|  0%| F|  |TAMS 0x000000070e600000, 0x000000070e600000| Untracked 
| 151|0x000000070e700000, 0x000000070e700000, 0x000000070e800000|  0%| F|  |TAMS 0x000000070e700000, 0x000000070e700000| Untracked 
| 152|0x000000070e800000, 0x000000070e800000, 0x000000070e900000|  0%| F|  |TAMS 0x000000070e800000, 0x000000070e800000| Untracked 
| 153|0x000000070e900000, 0x000000070e900000, 0x000000070ea00000|  0%| F|  |TAMS 0x000000070e900000, 0x000000070e900000| Untracked 
| 154|0x000000070ea00000, 0x000000070ea00000, 0x000000070eb00000|  0%| F|  |TAMS 0x000000070ea00000, 0x000000070ea00000| Untracked 
| 155|0x000000070eb00000, 0x000000070eb60880, 0x000000070ec00000| 37%| S|CS|TAMS 0x000000070eb00000, 0x000000070eb00000| Complete 
| 156|0x000000070ec00000, 0x000000070ed00000, 0x000000070ed00000|100%| S|CS|TAMS 0x000000070ec00000, 0x000000070ec00000| Complete 
| 157|0x000000070ed00000, 0x000000070ee00000, 0x000000070ee00000|100%| S|CS|TAMS 0x000000070ed00000, 0x000000070ed00000| Complete 
| 158|0x000000070ee00000, 0x000000070ef00000, 0x000000070ef00000|100%| S|CS|TAMS 0x000000070ee00000, 0x000000070ee00000| Complete 
| 159|0x000000070ef00000, 0x000000070f000000, 0x000000070f000000|100%| S|CS|TAMS 0x000000070ef00000, 0x000000070ef00000| Complete 
| 160|0x000000070f000000, 0x000000070f100000, 0x000000070f100000|100%| S|CS|TAMS 0x000000070f000000, 0x000000070f000000| Complete 
| 161|0x000000070f100000, 0x000000070f200000, 0x000000070f200000|100%| S|CS|TAMS 0x000000070f100000, 0x000000070f100000| Complete 
| 162|0x000000070f200000, 0x000000070f300000, 0x000000070f300000|100%| S|CS|TAMS 0x000000070f200000, 0x000000070f200000| Complete 
| 163|0x000000070f300000, 0x000000070f400000, 0x000000070f400000|100%| S|CS|TAMS 0x000000070f300000, 0x000000070f300000| Complete 
| 164|0x000000070f400000, 0x000000070f500000, 0x000000070f500000|100%| S|CS|TAMS 0x000000070f400000, 0x000000070f400000| Complete 
| 165|0x000000070f500000, 0x000000070f600000, 0x000000070f600000|100%| S|CS|TAMS 0x000000070f500000, 0x000000070f500000| Complete 
| 166|0x000000070f600000, 0x000000070f700000, 0x000000070f700000|100%| S|CS|TAMS 0x000000070f600000, 0x000000070f600000| Complete 
| 167|0x000000070f700000, 0x000000070f800000, 0x000000070f800000|100%| S|CS|TAMS 0x000000070f700000, 0x000000070f700000| Complete 
| 168|0x000000070f800000, 0x000000070f900000, 0x000000070f900000|100%| S|CS|TAMS 0x000000070f800000, 0x000000070f800000| Complete 
| 169|0x000000070f900000, 0x000000070fa00000, 0x000000070fa00000|100%| S|CS|TAMS 0x000000070f900000, 0x000000070f900000| Complete 
| 170|0x000000070fa00000, 0x000000070fa00000, 0x000000070fb00000|  0%| F|  |TAMS 0x000000070fa00000, 0x000000070fa00000| Untracked 
| 171|0x000000070fb00000, 0x000000070fb00000, 0x000000070fc00000|  0%| F|  |TAMS 0x000000070fb00000, 0x000000070fb00000| Untracked 
| 172|0x000000070fc00000, 0x000000070fc00000, 0x000000070fd00000|  0%| F|  |TAMS 0x000000070fc00000, 0x000000070fc00000| Untracked 
| 173|0x000000070fd00000, 0x000000070fd00000, 0x000000070fe00000|  0%| F|  |TAMS 0x000000070fd00000, 0x000000070fd00000| Untracked 
| 174|0x000000070fe00000, 0x000000070fe00000, 0x000000070ff00000|  0%| F|  |TAMS 0x000000070fe00000, 0x000000070fe00000| Untracked 
| 175|0x000000070ff00000, 0x000000070ff00000, 0x0000000710000000|  0%| F|  |TAMS 0x000000070ff00000, 0x000000070ff00000| Untracked 
| 176|0x0000000710000000, 0x0000000710000000, 0x0000000710100000|  0%| F|  |TAMS 0x0000000710000000, 0x0000000710000000| Untracked 
| 177|0x0000000710100000, 0x0000000710100000, 0x0000000710200000|  0%| F|  |TAMS 0x0000000710100000, 0x0000000710100000| Untracked 
| 178|0x0000000710200000, 0x0000000710200000, 0x0000000710300000|  0%| F|  |TAMS 0x0000000710200000, 0x0000000710200000| Untracked 
| 179|0x0000000710300000, 0x0000000710300000, 0x0000000710400000|  0%| F|  |TAMS 0x0000000710300000, 0x0000000710300000| Untracked 
| 180|0x0000000710400000, 0x0000000710400000, 0x0000000710500000|  0%| F|  |TAMS 0x0000000710400000, 0x0000000710400000| Untracked 
| 181|0x0000000710500000, 0x0000000710500000, 0x0000000710600000|  0%| F|  |TAMS 0x0000000710500000, 0x0000000710500000| Untracked 
| 182|0x0000000710600000, 0x0000000710600000, 0x0000000710700000|  0%| F|  |TAMS 0x0000000710600000, 0x0000000710600000| Untracked 
| 183|0x0000000710700000, 0x0000000710700000, 0x0000000710800000|  0%| F|  |TAMS 0x0000000710700000, 0x0000000710700000| Untracked 
| 184|0x0000000710800000, 0x0000000710800000, 0x0000000710900000|  0%| F|  |TAMS 0x0000000710800000, 0x0000000710800000| Untracked 
| 185|0x0000000710900000, 0x0000000710900000, 0x0000000710a00000|  0%| F|  |TAMS 0x0000000710900000, 0x0000000710900000| Untracked 
| 186|0x0000000710a00000, 0x0000000710a00000, 0x0000000710b00000|  0%| F|  |TAMS 0x0000000710a00000, 0x0000000710a00000| Untracked 
| 187|0x0000000710b00000, 0x0000000710b00000, 0x0000000710c00000|  0%| F|  |TAMS 0x0000000710b00000, 0x0000000710b00000| Untracked 
| 188|0x0000000710c00000, 0x0000000710c00000, 0x0000000710d00000|  0%| F|  |TAMS 0x0000000710c00000, 0x0000000710c00000| Untracked 
| 189|0x0000000710d00000, 0x0000000710d00000, 0x0000000710e00000|  0%| F|  |TAMS 0x0000000710d00000, 0x0000000710d00000| Untracked 
| 190|0x0000000710e00000, 0x0000000710e00000, 0x0000000710f00000|  0%| F|  |TAMS 0x0000000710e00000, 0x0000000710e00000| Untracked 
| 191|0x0000000710f00000, 0x0000000710f00000, 0x0000000711000000|  0%| F|  |TAMS 0x0000000710f00000, 0x0000000710f00000| Untracked 
| 192|0x0000000711000000, 0x0000000711000000, 0x0000000711100000|  0%| F|  |TAMS 0x0000000711000000, 0x0000000711000000| Untracked 
| 193|0x0000000711100000, 0x0000000711100000, 0x0000000711200000|  0%| F|  |TAMS 0x0000000711100000, 0x0000000711100000| Untracked 
| 194|0x0000000711200000, 0x0000000711200000, 0x0000000711300000|  0%| F|  |TAMS 0x0000000711200000, 0x0000000711200000| Untracked 
| 195|0x0000000711300000, 0x0000000711300000, 0x0000000711400000|  0%| F|  |TAMS 0x0000000711300000, 0x0000000711300000| Untracked 
| 196|0x0000000711400000, 0x0000000711400000, 0x0000000711500000|  0%| F|  |TAMS 0x0000000711400000, 0x0000000711400000| Untracked 
| 197|0x0000000711500000, 0x0000000711500000, 0x0000000711600000|  0%| F|  |TAMS 0x0000000711500000, 0x0000000711500000| Untracked 
| 198|0x0000000711600000, 0x0000000711600000, 0x0000000711700000|  0%| F|  |TAMS 0x0000000711600000, 0x0000000711600000| Untracked 
| 199|0x0000000711700000, 0x0000000711700000, 0x0000000711800000|  0%| F|  |TAMS 0x0000000711700000, 0x0000000711700000| Untracked 
| 200|0x0000000711800000, 0x0000000711800000, 0x0000000711900000|  0%| F|  |TAMS 0x0000000711800000, 0x0000000711800000| Untracked 
| 201|0x0000000711900000, 0x0000000711900000, 0x0000000711a00000|  0%| F|  |TAMS 0x0000000711900000, 0x0000000711900000| Untracked 
| 202|0x0000000711a00000, 0x0000000711a00000, 0x0000000711b00000|  0%| F|  |TAMS 0x0000000711a00000, 0x0000000711a00000| Untracked 
| 203|0x0000000711b00000, 0x0000000711b00000, 0x0000000711c00000|  0%| F|  |TAMS 0x0000000711b00000, 0x0000000711b00000| Untracked 
| 204|0x0000000711c00000, 0x0000000711c00000, 0x0000000711d00000|  0%| F|  |TAMS 0x0000000711c00000, 0x0000000711c00000| Untracked 
| 205|0x0000000711d00000, 0x0000000711d00000, 0x0000000711e00000|  0%| F|  |TAMS 0x0000000711d00000, 0x0000000711d00000| Untracked 
| 206|0x0000000711e00000, 0x0000000711e00000, 0x0000000711f00000|  0%| F|  |TAMS 0x0000000711e00000, 0x0000000711e00000| Untracked 
| 207|0x0000000711f00000, 0x0000000711f00000, 0x0000000712000000|  0%| F|  |TAMS 0x0000000711f00000, 0x0000000711f00000| Untracked 
| 208|0x0000000712000000, 0x0000000712000000, 0x0000000712100000|  0%| F|  |TAMS 0x0000000712000000, 0x0000000712000000| Untracked 
| 209|0x0000000712100000, 0x0000000712100000, 0x0000000712200000|  0%| F|  |TAMS 0x0000000712100000, 0x0000000712100000| Untracked 
| 210|0x0000000712200000, 0x0000000712200000, 0x0000000712300000|  0%| F|  |TAMS 0x0000000712200000, 0x0000000712200000| Untracked 
| 211|0x0000000712300000, 0x0000000712300000, 0x0000000712400000|  0%| F|  |TAMS 0x0000000712300000, 0x0000000712300000| Untracked 
| 212|0x0000000712400000, 0x0000000712400000, 0x0000000712500000|  0%| F|  |TAMS 0x0000000712400000, 0x0000000712400000| Untracked 
| 213|0x0000000712500000, 0x0000000712500000, 0x0000000712600000|  0%| F|  |TAMS 0x0000000712500000, 0x0000000712500000| Untracked 
| 214|0x0000000712600000, 0x0000000712600000, 0x0000000712700000|  0%| F|  |TAMS 0x0000000712600000, 0x0000000712600000| Untracked 
| 215|0x0000000712700000, 0x0000000712700000, 0x0000000712800000|  0%| F|  |TAMS 0x0000000712700000, 0x0000000712700000| Untracked 
| 216|0x0000000712800000, 0x0000000712800000, 0x0000000712900000|  0%| F|  |TAMS 0x0000000712800000, 0x0000000712800000| Untracked 
| 217|0x0000000712900000, 0x0000000712900000, 0x0000000712a00000|  0%| F|  |TAMS 0x0000000712900000, 0x0000000712900000| Untracked 
| 218|0x0000000712a00000, 0x0000000712a00000, 0x0000000712b00000|  0%| F|  |TAMS 0x0000000712a00000, 0x0000000712a00000| Untracked 
| 219|0x0000000712b00000, 0x0000000712b00000, 0x0000000712c00000|  0%| F|  |TAMS 0x0000000712b00000, 0x0000000712b00000| Untracked 
| 220|0x0000000712c00000, 0x0000000712c00000, 0x0000000712d00000|  0%| F|  |TAMS 0x0000000712c00000, 0x0000000712c00000| Untracked 
| 221|0x0000000712d00000, 0x0000000712d00000, 0x0000000712e00000|  0%| F|  |TAMS 0x0000000712d00000, 0x0000000712d00000| Untracked 
| 222|0x0000000712e00000, 0x0000000712e00000, 0x0000000712f00000|  0%| F|  |TAMS 0x0000000712e00000, 0x0000000712e00000| Untracked 
| 223|0x0000000712f00000, 0x0000000712f00000, 0x0000000713000000|  0%| F|  |TAMS 0x0000000712f00000, 0x0000000712f00000| Untracked 
| 224|0x0000000713000000, 0x0000000713000000, 0x0000000713100000|  0%| F|  |TAMS 0x0000000713000000, 0x0000000713000000| Untracked 
| 225|0x0000000713100000, 0x0000000713100000, 0x0000000713200000|  0%| F|  |TAMS 0x0000000713100000, 0x0000000713100000| Untracked 
| 226|0x0000000713200000, 0x0000000713200000, 0x0000000713300000|  0%| F|  |TAMS 0x0000000713200000, 0x0000000713200000| Untracked 
| 227|0x0000000713300000, 0x0000000713300000, 0x0000000713400000|  0%| F|  |TAMS 0x0000000713300000, 0x0000000713300000| Untracked 
| 228|0x0000000713400000, 0x0000000713400000, 0x0000000713500000|  0%| F|  |TAMS 0x0000000713400000, 0x0000000713400000| Untracked 
| 229|0x0000000713500000, 0x0000000713500000, 0x0000000713600000|  0%| F|  |TAMS 0x0000000713500000, 0x0000000713500000| Untracked 
| 230|0x0000000713600000, 0x0000000713600000, 0x0000000713700000|  0%| F|  |TAMS 0x0000000713600000, 0x0000000713600000| Untracked 
| 231|0x0000000713700000, 0x0000000713700000, 0x0000000713800000|  0%| F|  |TAMS 0x0000000713700000, 0x0000000713700000| Untracked 
| 232|0x0000000713800000, 0x0000000713800000, 0x0000000713900000|  0%| F|  |TAMS 0x0000000713800000, 0x0000000713800000| Untracked 
| 233|0x0000000713900000, 0x0000000713900000, 0x0000000713a00000|  0%| F|  |TAMS 0x0000000713900000, 0x0000000713900000| Untracked 
| 234|0x0000000713a00000, 0x0000000713a00000, 0x0000000713b00000|  0%| F|  |TAMS 0x0000000713a00000, 0x0000000713a00000| Untracked 
| 235|0x0000000713b00000, 0x0000000713b00000, 0x0000000713c00000|  0%| F|  |TAMS 0x0000000713b00000, 0x0000000713b00000| Untracked 
| 236|0x0000000713c00000, 0x0000000713c00000, 0x0000000713d00000|  0%| F|  |TAMS 0x0000000713c00000, 0x0000000713c00000| Untracked 
| 237|0x0000000713d00000, 0x0000000713d00000, 0x0000000713e00000|  0%| F|  |TAMS 0x0000000713d00000, 0x0000000713d00000| Untracked 
| 238|0x0000000713e00000, 0x0000000713e00000, 0x0000000713f00000|  0%| F|  |TAMS 0x0000000713e00000, 0x0000000713e00000| Untracked 
| 239|0x0000000713f00000, 0x0000000713f00000, 0x0000000714000000|  0%| F|  |TAMS 0x0000000713f00000, 0x0000000713f00000| Untracked 
| 240|0x0000000714000000, 0x0000000714000000, 0x0000000714100000|  0%| F|  |TAMS 0x0000000714000000, 0x0000000714000000| Untracked 
| 241|0x0000000714100000, 0x0000000714100000, 0x0000000714200000|  0%| F|  |TAMS 0x0000000714100000, 0x0000000714100000| Untracked 
| 242|0x0000000714200000, 0x0000000714200000, 0x0000000714300000|  0%| F|  |TAMS 0x0000000714200000, 0x0000000714200000| Untracked 
| 243|0x0000000714300000, 0x0000000714300000, 0x0000000714400000|  0%| F|  |TAMS 0x0000000714300000, 0x0000000714300000| Untracked 
| 244|0x0000000714400000, 0x0000000714400000, 0x0000000714500000|  0%| F|  |TAMS 0x0000000714400000, 0x0000000714400000| Untracked 
| 245|0x0000000714500000, 0x0000000714500000, 0x0000000714600000|  0%| F|  |TAMS 0x0000000714500000, 0x0000000714500000| Untracked 
| 246|0x0000000714600000, 0x0000000714600000, 0x0000000714700000|  0%| F|  |TAMS 0x0000000714600000, 0x0000000714600000| Untracked 
| 247|0x0000000714700000, 0x0000000714700000, 0x0000000714800000|  0%| F|  |TAMS 0x0000000714700000, 0x0000000714700000| Untracked 
| 248|0x0000000714800000, 0x0000000714800000, 0x0000000714900000|  0%| F|  |TAMS 0x0000000714800000, 0x0000000714800000| Untracked 
| 249|0x0000000714900000, 0x0000000714900000, 0x0000000714a00000|  0%| F|  |TAMS 0x0000000714900000, 0x0000000714900000| Untracked 
| 250|0x0000000714a00000, 0x0000000714a00000, 0x0000000714b00000|  0%| F|  |TAMS 0x0000000714a00000, 0x0000000714a00000| Untracked 
| 251|0x0000000714b00000, 0x0000000714b00000, 0x0000000714c00000|  0%| F|  |TAMS 0x0000000714b00000, 0x0000000714b00000| Untracked 
| 252|0x0000000714c00000, 0x0000000714c00000, 0x0000000714d00000|  0%| F|  |TAMS 0x0000000714c00000, 0x0000000714c00000| Untracked 
| 253|0x0000000714d00000, 0x0000000714d00000, 0x0000000714e00000|  0%| F|  |TAMS 0x0000000714d00000, 0x0000000714d00000| Untracked 
| 254|0x0000000714e00000, 0x0000000714e00000, 0x0000000714f00000|  0%| F|  |TAMS 0x0000000714e00000, 0x0000000714e00000| Untracked 
| 255|0x0000000714f00000, 0x0000000714f00000, 0x0000000715000000|  0%| F|  |TAMS 0x0000000714f00000, 0x0000000714f00000| Untracked 
| 256|0x0000000715000000, 0x0000000715000000, 0x0000000715100000|  0%| F|  |TAMS 0x0000000715000000, 0x0000000715000000| Untracked 
| 257|0x0000000715100000, 0x0000000715100000, 0x0000000715200000|  0%| F|  |TAMS 0x0000000715100000, 0x0000000715100000| Untracked 
| 258|0x0000000715200000, 0x0000000715200000, 0x0000000715300000|  0%| F|  |TAMS 0x0000000715200000, 0x0000000715200000| Untracked 
| 259|0x0000000715300000, 0x0000000715300000, 0x0000000715400000|  0%| F|  |TAMS 0x0000000715300000, 0x0000000715300000| Untracked 
| 260|0x0000000715400000, 0x0000000715400000, 0x0000000715500000|  0%| F|  |TAMS 0x0000000715400000, 0x0000000715400000| Untracked 
| 261|0x0000000715500000, 0x0000000715500000, 0x0000000715600000|  0%| F|  |TAMS 0x0000000715500000, 0x0000000715500000| Untracked 
| 262|0x0000000715600000, 0x0000000715600000, 0x0000000715700000|  0%| F|  |TAMS 0x0000000715600000, 0x0000000715600000| Untracked 
| 263|0x0000000715700000, 0x0000000715700000, 0x0000000715800000|  0%| F|  |TAMS 0x0000000715700000, 0x0000000715700000| Untracked 
| 264|0x0000000715800000, 0x0000000715800000, 0x0000000715900000|  0%| F|  |TAMS 0x0000000715800000, 0x0000000715800000| Untracked 
| 265|0x0000000715900000, 0x0000000715900000, 0x0000000715a00000|  0%| F|  |TAMS 0x0000000715900000, 0x0000000715900000| Untracked 
| 266|0x0000000715a00000, 0x0000000715a00000, 0x0000000715b00000|  0%| F|  |TAMS 0x0000000715a00000, 0x0000000715a00000| Untracked 
| 267|0x0000000715b00000, 0x0000000715b00000, 0x0000000715c00000|  0%| F|  |TAMS 0x0000000715b00000, 0x0000000715b00000| Untracked 
| 268|0x0000000715c00000, 0x0000000715c00000, 0x0000000715d00000|  0%| F|  |TAMS 0x0000000715c00000, 0x0000000715c00000| Untracked 
| 269|0x0000000715d00000, 0x0000000715d00000, 0x0000000715e00000|  0%| F|  |TAMS 0x0000000715d00000, 0x0000000715d00000| Untracked 
| 270|0x0000000715e00000, 0x0000000715e00000, 0x0000000715f00000|  0%| F|  |TAMS 0x0000000715e00000, 0x0000000715e00000| Untracked 
| 271|0x0000000715f00000, 0x0000000715f00000, 0x0000000716000000|  0%| F|  |TAMS 0x0000000715f00000, 0x0000000715f00000| Untracked 
| 272|0x0000000716000000, 0x0000000716000000, 0x0000000716100000|  0%| F|  |TAMS 0x0000000716000000, 0x0000000716000000| Untracked 
| 273|0x0000000716100000, 0x0000000716100000, 0x0000000716200000|  0%| F|  |TAMS 0x0000000716100000, 0x0000000716100000| Untracked 
| 274|0x0000000716200000, 0x0000000716200000, 0x0000000716300000|  0%| F|  |TAMS 0x0000000716200000, 0x0000000716200000| Untracked 
| 275|0x0000000716300000, 0x0000000716300000, 0x0000000716400000|  0%| F|  |TAMS 0x0000000716300000, 0x0000000716300000| Untracked 
| 276|0x0000000716400000, 0x0000000716400000, 0x0000000716500000|  0%| F|  |TAMS 0x0000000716400000, 0x0000000716400000| Untracked 
| 277|0x0000000716500000, 0x0000000716500000, 0x0000000716600000|  0%| F|  |TAMS 0x0000000716500000, 0x0000000716500000| Untracked 
| 278|0x0000000716600000, 0x0000000716600000, 0x0000000716700000|  0%| F|  |TAMS 0x0000000716600000, 0x0000000716600000| Untracked 
| 279|0x0000000716700000, 0x0000000716700000, 0x0000000716800000|  0%| F|  |TAMS 0x0000000716700000, 0x0000000716700000| Untracked 
| 280|0x0000000716800000, 0x0000000716800000, 0x0000000716900000|  0%| F|  |TAMS 0x0000000716800000, 0x0000000716800000| Untracked 
| 281|0x0000000716900000, 0x0000000716900000, 0x0000000716a00000|  0%| F|  |TAMS 0x0000000716900000, 0x0000000716900000| Untracked 
| 282|0x0000000716a00000, 0x0000000716a00000, 0x0000000716b00000|  0%| F|  |TAMS 0x0000000716a00000, 0x0000000716a00000| Untracked 
| 283|0x0000000716b00000, 0x0000000716b00000, 0x0000000716c00000|  0%| F|  |TAMS 0x0000000716b00000, 0x0000000716b00000| Untracked 
| 284|0x0000000716c00000, 0x0000000716c00000, 0x0000000716d00000|  0%| F|  |TAMS 0x0000000716c00000, 0x0000000716c00000| Untracked 
| 285|0x0000000716d00000, 0x0000000716d00000, 0x0000000716e00000|  0%| F|  |TAMS 0x0000000716d00000, 0x0000000716d00000| Untracked 
| 286|0x0000000716e00000, 0x0000000716e00000, 0x0000000716f00000|  0%| F|  |TAMS 0x0000000716e00000, 0x0000000716e00000| Untracked 
| 287|0x0000000716f00000, 0x0000000716f00000, 0x0000000717000000|  0%| F|  |TAMS 0x0000000716f00000, 0x0000000716f00000| Untracked 
| 288|0x0000000717000000, 0x0000000717000000, 0x0000000717100000|  0%| F|  |TAMS 0x0000000717000000, 0x0000000717000000| Untracked 
| 289|0x0000000717100000, 0x0000000717100000, 0x0000000717200000|  0%| F|  |TAMS 0x0000000717100000, 0x0000000717100000| Untracked 
| 290|0x0000000717200000, 0x0000000717200000, 0x0000000717300000|  0%| F|  |TAMS 0x0000000717200000, 0x0000000717200000| Untracked 
| 291|0x0000000717300000, 0x0000000717300000, 0x0000000717400000|  0%| F|  |TAMS 0x0000000717300000, 0x0000000717300000| Untracked 
| 292|0x0000000717400000, 0x0000000717400000, 0x0000000717500000|  0%| F|  |TAMS 0x0000000717400000, 0x0000000717400000| Untracked 
| 293|0x0000000717500000, 0x0000000717500000, 0x0000000717600000|  0%| F|  |TAMS 0x0000000717500000, 0x0000000717500000| Untracked 
| 294|0x0000000717600000, 0x0000000717600000, 0x0000000717700000|  0%| F|  |TAMS 0x0000000717600000, 0x0000000717600000| Untracked 
| 295|0x0000000717700000, 0x0000000717700000, 0x0000000717800000|  0%| F|  |TAMS 0x0000000717700000, 0x0000000717700000| Untracked 
| 296|0x0000000717800000, 0x0000000717800000, 0x0000000717900000|  0%| F|  |TAMS 0x0000000717800000, 0x0000000717800000| Untracked 
| 297|0x0000000717900000, 0x0000000717900000, 0x0000000717a00000|  0%| F|  |TAMS 0x0000000717900000, 0x0000000717900000| Untracked 
| 298|0x0000000717a00000, 0x0000000717a00000, 0x0000000717b00000|  0%| F|  |TAMS 0x0000000717a00000, 0x0000000717a00000| Untracked 
| 299|0x0000000717b00000, 0x0000000717b00000, 0x0000000717c00000|  0%| F|  |TAMS 0x0000000717b00000, 0x0000000717b00000| Untracked 
| 300|0x0000000717c00000, 0x0000000717c00000, 0x0000000717d00000|  0%| F|  |TAMS 0x0000000717c00000, 0x0000000717c00000| Untracked 
| 301|0x0000000717d00000, 0x0000000717d00000, 0x0000000717e00000|  0%| F|  |TAMS 0x0000000717d00000, 0x0000000717d00000| Untracked 
| 302|0x0000000717e00000, 0x0000000717e00000, 0x0000000717f00000|  0%| F|  |TAMS 0x0000000717e00000, 0x0000000717e00000| Untracked 
| 303|0x0000000717f00000, 0x0000000717f00000, 0x0000000718000000|  0%| F|  |TAMS 0x0000000717f00000, 0x0000000717f00000| Untracked 
| 304|0x0000000718000000, 0x0000000718000000, 0x0000000718100000|  0%| F|  |TAMS 0x0000000718000000, 0x0000000718000000| Untracked 
| 305|0x0000000718100000, 0x0000000718100000, 0x0000000718200000|  0%| F|  |TAMS 0x0000000718100000, 0x0000000718100000| Untracked 
| 306|0x0000000718200000, 0x0000000718200000, 0x0000000718300000|  0%| F|  |TAMS 0x0000000718200000, 0x0000000718200000| Untracked 

Card table byte_map: [0x000002b0722d0000,0x000002b072ab0000] _byte_map_base: 0x000002b06eaa8000

Marking Bits (Prev, Next): (CMBitMap*) 0x000002b0690c5fa8, (CMBitMap*) 0x000002b0690c5fe0
 Prev Bits: [0x000002b073290000, 0x000002b077150000)
 Next Bits: [0x000002b077150000, 0x000002b07b010000)

Polling page: 0x000002b066fe0000

Metaspace:

Usage:
  Non-class:     69.14 MB capacity,    67.61 MB ( 98%) used,     1.23 MB (  2%) free+waste,   302.00 KB ( <1%) overhead. 
      Class:     11.00 MB capacity,    10.02 MB ( 91%) used,   853.70 KB (  8%) free+waste,   146.13 KB (  1%) overhead. 
       Both:     80.14 MB capacity,    77.63 MB ( 97%) used,     2.07 MB (  3%) free+waste,   448.13 KB ( <1%) overhead. 

Virtual space:
  Non-class space:       78.00 MB reserved,      69.17 MB ( 89%) committed 
      Class space:        1.00 GB reserved,      11.13 MB (  1%) committed 
             Both:        1.08 GB reserved,      80.30 MB (  7%) committed 

Chunk freelists:
   Non-Class:  36.00 KB
       Class:  0 bytes
        Both:  36.00 KB

MaxMetaspaceSize: 17179869184.00 GB
CompressedClassSpaceSize: 1.00 GB
Initial GC threshold: 20.80 MB
Current GC threshold: 117.49 MB
CDS: off

CodeHeap 'non-profiled nmethods': size=238336Kb used=13366Kb max_used=13366Kb free=224969Kb
 bounds [0x000002b000740000, 0x000002b001450000, 0x000002b00f000000]
CodeHeap 'non-nmethods': size=7424Kb used=1429Kb max_used=1429Kb free=5994Kb
 bounds [0x000002b000000000, 0x000002b000270000, 0x000002b000740000]
 total_blobs=8298 nmethods=7629 adapters=603
 compilation: enabled
              stopped_count=0, restarted_count=0
 full_count=0

Compilation events (20 events):
Event: 16.017 Thread 0x000002b07e4a8000 7621       1       org.springframework.beans.BeanWrapperImpl::<init> (6 bytes)
Event: 16.017 Thread 0x000002b07e4a8000 nmethod 7621 0x000002b00144a910 code [0x000002b00144aac0, 0x000002b00144aba8]
Event: 16.017 Thread 0x000002b07e4a8000 7622       1       org.springframework.beans.AbstractNestablePropertyAccessor::<init> (37 bytes)
Event: 16.018 Thread 0x000002b07e4a8000 nmethod 7622 0x000002b00144ac90 code [0x000002b00144ae40, 0x000002b00144b0d8]
Event: 16.021 Thread 0x000002b07e4a8000 7623       1       org.springframework.beans.BeanWrapperImpl::setBeanInstance (35 bytes)
Event: 16.022 Thread 0x000002b07e4a8000 nmethod 7623 0x000002b00144b210 code [0x000002b00144b3e0, 0x000002b00144b7d8]
Event: 16.042 Thread 0x000002b07e4a8000 7624       1       org.springframework.data.util.ProxyUtils$$Lambda$511/0x000000080046ec40::getUserType (5 bytes)
Event: 16.042 Thread 0x000002b07e4a8000 nmethod 7624 0x000002b00144b910 code [0x000002b00144bae0, 0x000002b00144bc88]
Event: 16.047 Thread 0x000002b07e4a8000 7625   !   1       org.springframework.core.$Proxy7::getTypeProvider (29 bytes)
Event: 16.048 Thread 0x000002b07e4a8000 nmethod 7625 0x000002b00144be10 code [0x000002b00144c000, 0x000002b00144c258]
Event: 16.051 Thread 0x000002b07e4a8000 7626       1       jdk.xml.internal.XMLSecurityManager$NameMap::values (10 bytes)
Event: 16.051 Thread 0x000002b07e4a8000 nmethod 7626 0x000002b00144c410 code [0x000002b00144c5c0, 0x000002b00144c6c8]
Event: 16.068 Thread 0x000002b07e4a8000 7627       1       java.util.concurrent.locks.ReentrantReadWriteLock::readLock (5 bytes)
Event: 16.069 Thread 0x000002b07e4a8000 nmethod 7627 0x000002b00144c790 code [0x000002b00144c940, 0x000002b00144c9f8]
Event: 16.069 Thread 0x000002b07e4a8000 7628       1       java.util.Vector$1::hasMoreElements (20 bytes)
Event: 16.069 Thread 0x000002b07e4a8000 nmethod 7628 0x000002b00144ca90 code [0x000002b00144cc40, 0x000002b00144cd18]
Event: 16.070 Thread 0x000002b07e4a8000 7629       1       org.springframework.core.MethodIntrospector$$Lambda$1273/0x00000008009c7840::doWith (17 bytes)
Event: 16.071 Thread 0x000002b07e4a8000 nmethod 7629 0x000002b00144cd90 code [0x000002b00144cf40, 0x000002b00144d048]
Event: 16.071 Thread 0x000002b07e4a8000 7630       1       org.springframework.core.MethodIntrospector::lambda$selectMethods$0 (59 bytes)
Event: 16.071 Thread 0x000002b07e4a8000 nmethod 7630 0x000002b00144d110 code [0x000002b00144d300, 0x000002b00144d4c8]

GC Heap History (20 events):
Event: 1.561 GC heap before
{Heap before GC invocations=1 (full 0):
 garbage-first heap   total 258048K, used 25810K [0x0000000705000000, 0x0000000800000000)
  region size 1024K, 20 young (20480K), 3 survivors (3072K)
 Metaspace       used 15045K, capacity 15362K, committed 15616K, reserved 1062912K
  class space    used 1547K, capacity 1680K, committed 1792K, reserved 1048576K
}
Event: 1.565 GC heap after
{Heap after GC invocations=2 (full 0):
 garbage-first heap   total 258048K, used 9298K [0x0000000705000000, 0x0000000800000000)
  region size 1024K, 1 young (1024K), 1 survivors (1024K)
 Metaspace       used 15045K, capacity 15362K, committed 15616K, reserved 1062912K
  class space    used 1547K, capacity 1680K, committed 1792K, reserved 1048576K
}
Event: 2.265 GC heap before
{Heap before GC invocations=2 (full 0):
 garbage-first heap   total 258048K, used 51282K [0x0000000705000000, 0x0000000800000000)
  region size 1024K, 43 young (44032K), 1 survivors (1024K)
 Metaspace       used 20396K, capacity 21108K, committed 21296K, reserved 1069056K
  class space    used 2317K, capacity 2596K, committed 2688K, reserved 1048576K
}
Event: 2.269 GC heap after
{Heap after GC invocations=3 (full 0):
 garbage-first heap   total 258048K, used 10838K [0x0000000705000000, 0x0000000800000000)
  region size 1024K, 3 young (3072K), 3 survivors (3072K)
 Metaspace       used 20396K, capacity 21108K, committed 21296K, reserved 1069056K
  class space    used 2317K, capacity 2596K, committed 2688K, reserved 1048576K
}
Event: 2.702 GC heap before
{Heap before GC invocations=4 (full 0):
 garbage-first heap   total 258048K, used 72278K [0x0000000705000000, 0x0000000800000000)
  region size 1024K, 64 young (65536K), 3 survivors (3072K)
 Metaspace       used 26357K, capacity 27252K, committed 27312K, reserved 1073152K
  class space    used 3202K, capacity 3533K, committed 3584K, reserved 1048576K
}
Event: 2.707 GC heap after
{Heap after GC invocations=5 (full 0):
 garbage-first heap   total 258048K, used 12713K [0x0000000705000000, 0x0000000800000000)
  region size 1024K, 5 young (5120K), 5 survivors (5120K)
 Metaspace       used 26357K, capacity 27252K, committed 27312K, reserved 1073152K
  class space    used 3202K, capacity 3533K, committed 3584K, reserved 1048576K
}
Event: 3.827 GC heap before
{Heap before GC invocations=5 (full 0):
 garbage-first heap   total 258048K, used 137641K [0x0000000705000000, 0x0000000800000000)
  region size 1024K, 127 young (130048K), 5 survivors (5120K)
 Metaspace       used 34173K, capacity 35355K, committed 35504K, reserved 1081344K
  class space    used 4129K, capacity 4571K, committed 4608K, reserved 1048576K
}
Event: 3.839 GC heap after
{Heap after GC invocations=6 (full 0):
 garbage-first heap   total 258048K, used 16195K [0x0000000705000000, 0x0000000800000000)
  region size 1024K, 8 young (8192K), 8 survivors (8192K)
 Metaspace       used 34173K, capacity 35355K, committed 35504K, reserved 1081344K
  class space    used 4129K, capacity 4571K, committed 4608K, reserved 1048576K
}
Event: 3.955 GC heap before
{Heap before GC invocations=6 (full 0):
 garbage-first heap   total 258048K, used 22339K [0x0000000705000000, 0x0000000800000000)
  region size 1024K, 15 young (15360K), 8 survivors (8192K)
 Metaspace       used 34632K, capacity 35771K, committed 35888K, reserved 1081344K
  class space    used 4208K, capacity 4647K, committed 4736K, reserved 1048576K
}
Event: 3.967 GC heap after
{Heap after GC invocations=7 (full 0):
 garbage-first heap   total 258048K, used 16614K [0x0000000705000000, 0x0000000800000000)
  region size 1024K, 8 young (8192K), 8 survivors (8192K)
 Metaspace       used 34632K, capacity 35771K, committed 35888K, reserved 1081344K
  class space    used 4208K, capacity 4647K, committed 4736K, reserved 1048576K
}
Event: 5.496 GC heap before
{Heap before GC invocations=8 (full 0):
 garbage-first heap   total 258048K, used 159974K [0x0000000705000000, 0x0000000800000000)
  region size 1024K, 148 young (151552K), 8 survivors (8192K)
 Metaspace       used 43245K, capacity 44784K, committed 44848K, reserved 1087488K
  class space    used 5349K, capacity 5956K, committed 6016K, reserved 1048576K
}
Event: 5.509 GC heap after
{Heap after GC invocations=9 (full 0):
 garbage-first heap   total 258048K, used 23489K [0x0000000705000000, 0x0000000800000000)
  region size 1024K, 15 young (15360K), 15 survivors (15360K)
 Metaspace       used 43245K, capacity 44784K, committed 44848K, reserved 1087488K
  class space    used 5349K, capacity 5956K, committed 6016K, reserved 1048576K
}
Event: 8.226 GC heap before
{Heap before GC invocations=9 (full 0):
 garbage-first heap   total 258048K, used 118721K [0x0000000705000000, 0x0000000800000000)
  region size 1024K, 109 young (111616K), 15 survivors (15360K)
 Metaspace       used 58454K, capacity 60112K, committed 60208K, reserved 1101824K
  class space    used 7310K, capacity 7978K, committed 8064K, reserved 1048576K
}
Event: 8.270 GC heap after
{Heap after GC invocations=10 (full 0):
 garbage-first heap   total 258048K, used 28686K [0x0000000705000000, 0x0000000800000000)
  region size 1024K, 13 young (13312K), 13 survivors (13312K)
 Metaspace       used 58454K, capacity 60112K, committed 60208K, reserved 1101824K
  class space    used 7310K, capacity 7978K, committed 8064K, reserved 1048576K
}
Event: 12.337 GC heap before
{Heap before GC invocations=11 (full 0):
 garbage-first heap   total 258048K, used 169998K [0x0000000705000000, 0x0000000800000000)
  region size 1024K, 151 young (154624K), 13 survivors (13312K)
 Metaspace       used 69465K, capacity 71659K, committed 71984K, reserved 1112064K
  class space    used 8916K, capacity 9753K, committed 9856K, reserved 1048576K
}
Event: 12.356 GC heap after
{Heap after GC invocations=12 (full 0):
 garbage-first heap   total 314368K, used 35145K [0x0000000705000000, 0x0000000800000000)
  region size 1024K, 12 young (12288K), 12 survivors (12288K)
 Metaspace       used 69465K, capacity 71659K, committed 71984K, reserved 1112064K
  class space    used 8916K, capacity 9753K, committed 9856K, reserved 1048576K
}
Event: 14.394 GC heap before
{Heap before GC invocations=13 (full 0):
 garbage-first heap   total 314368K, used 205129K [0x0000000705000000, 0x0000000800000000)
  region size 1024K, 177 young (181248K), 12 survivors (12288K)
 Metaspace       used 74344K, capacity 76807K, committed 77104K, reserved 1116160K
  class space    used 9597K, capacity 10535K, committed 10624K, reserved 1048576K
}
Event: 14.417 GC heap after
{Heap after GC invocations=14 (full 0):
 garbage-first heap   total 314368K, used 41572K [0x0000000705000000, 0x0000000800000000)
  region size 1024K, 19 young (19456K), 19 survivors (19456K)
 Metaspace       used 74344K, capacity 76807K, committed 77104K, reserved 1116160K
  class space    used 9597K, capacity 10535K, committed 10624K, reserved 1048576K
}
Event: 16.086 GC heap before
{Heap before GC invocations=14 (full 0):
 garbage-first heap   total 314368K, used 180836K [0x0000000705000000, 0x0000000800000000)
  region size 1024K, 156 young (159744K), 19 survivors (19456K)
 Metaspace       used 79496K, capacity 82061K, committed 82224K, reserved 1126400K
  class space    used 10265K, capacity 11265K, committed 11392K, reserved 1048576K
}
Event: 16.106 GC heap after
{Heap after GC invocations=15 (full 0):
 garbage-first heap   total 314368K, used 48677K [0x0000000705000000, 0x0000000800000000)
  region size 1024K, 15 young (15360K), 15 survivors (15360K)
 Metaspace       used 79496K, capacity 82061K, committed 82224K, reserved 1126400K
  class space    used 10265K, capacity 11265K, committed 11392K, reserved 1048576K
}

Deoptimization events (20 events):
Event: 16.080 Thread 0x000002b00f3b6800 DEOPT PACKING pc=0x000002b000ba989c sp=0x000000eb0e0fd9d0
Event: 16.080 Thread 0x000002b00f3b6800 DEOPT UNPACKING pc=0x000002b00004a95e sp=0x000000eb0e0fcf48 mode 1
Event: 16.080 Thread 0x000002b00f3b6800 DEOPT PACKING pc=0x000002b000b73f24 sp=0x000000eb0e0fdb00
Event: 16.080 Thread 0x000002b00f3b6800 DEOPT UNPACKING pc=0x000002b00004a95e sp=0x000000eb0e0fcfa0 mode 1
Event: 16.080 Thread 0x000002b00f3b6800 DEOPT PACKING pc=0x000002b000b9268c sp=0x000000eb0e0fdb50
Event: 16.080 Thread 0x000002b00f3b6800 DEOPT UNPACKING pc=0x000002b00004a95e sp=0x000000eb0e0fd040 mode 1
Event: 16.081 Thread 0x000002b00f3b6800 DEOPT PACKING pc=0x000002b0013a4e5c sp=0x000000eb0e0fde90
Event: 16.081 Thread 0x000002b00f3b6800 DEOPT UNPACKING pc=0x000002b00004a95e sp=0x000000eb0e0fd390 mode 1
Event: 16.081 Thread 0x000002b00f3b6800 DEOPT PACKING pc=0x000002b0013a1714 sp=0x000000eb0e0fdff0
Event: 16.081 Thread 0x000002b00f3b6800 DEOPT UNPACKING pc=0x000002b00004a95e sp=0x000000eb0e0fd5c8 mode 1
Event: 16.081 Thread 0x000002b00f3b6800 DEOPT PACKING pc=0x000002b00139f66c sp=0x000000eb0e0fe1e0
Event: 16.081 Thread 0x000002b00f3b6800 DEOPT UNPACKING pc=0x000002b00004a95e sp=0x000000eb0e0fd7c0 mode 1
Event: 16.081 Thread 0x000002b00f3b6800 DEOPT PACKING pc=0x000002b0013f49e4 sp=0x000000eb0e0fe390
Event: 16.081 Thread 0x000002b00f3b6800 DEOPT UNPACKING pc=0x000002b00004a95e sp=0x000000eb0e0fd810 mode 1
Event: 16.081 Thread 0x000002b00f3b6800 DEOPT PACKING pc=0x000002b0013f2d8c sp=0x000000eb0e0fe430
Event: 16.081 Thread 0x000002b00f3b6800 DEOPT UNPACKING pc=0x000002b00004a95e sp=0x000000eb0e0fd9b8 mode 1
Event: 16.081 Thread 0x000002b00f3b6800 DEOPT PACKING pc=0x000002b000ca3014 sp=0x000000eb0e0fe5c0
Event: 16.081 Thread 0x000002b00f3b6800 DEOPT UNPACKING pc=0x000002b00004a95e sp=0x000000eb0e0fdc80 mode 1
Event: 16.081 Thread 0x000002b00f3b6800 DEOPT PACKING pc=0x000002b0012b4724 sp=0x000000eb0e0fe8b0
Event: 16.081 Thread 0x000002b00f3b6800 DEOPT UNPACKING pc=0x000002b00004a95e sp=0x000000eb0e0fdd78 mode 1

Classes redefined (0 events):
No events

Internal exceptions (20 events):
Event: 16.046 Thread 0x000002b00f3b6800 Exception <a 'java/lang/ClassNotFoundException'{0x000000070fe539a0}: org/springframework/data/rest/core/config/MetadataConfigurationCustomizer> (0x000000070fe539a0) thrown at [./src/hotspot/share/classfile/systemDictionary.cpp, line 230]
Event: 16.053 Thread 0x000002b00f3b6800 Exception <a 'java/lang/ClassNotFoundException'{0x000000070feb7398}: java/lang/ObjectCustomizer> (0x000000070feb7398) thrown at [./src/hotspot/share/classfile/systemDictionary.cpp, line 230]
Event: 16.054 Thread 0x000002b00f3b6800 Exception <a 'java/lang/ClassNotFoundException'{0x000000070fed6988}: org/springframework/context/support/ApplicationObjectSupportCustomizer> (0x000000070fed6988) thrown at [./src/hotspot/share/classfile/systemDictionary.cpp, line 230]
Event: 16.054 Thread 0x000002b00f3b6800 Exception <a 'java/lang/ClassNotFoundException'{0x000000070fef6b80}: org/springframework/web/context/support/WebApplicationObjectSupportCustomizer> (0x000000070fef6b80) thrown at [./src/hotspot/share/classfile/systemDictionary.cpp, line 230]
Event: 16.055 Thread 0x000002b00f3b6800 Exception <a 'java/lang/ClassNotFoundException'{0x000000070fd14870}: org/springframework/web/servlet/support/WebContentGeneratorCustomizer> (0x000000070fd14870) thrown at [./src/hotspot/share/classfile/systemDictionary.cpp, line 230]
Event: 16.055 Thread 0x000002b00f3b6800 Exception <a 'java/lang/ClassNotFoundException'{0x000000070fd3ff78}: org/springframework/web/servlet/mvc/method/AbstractHandlerMethodAdapterCustomizer> (0x000000070fd3ff78) thrown at [./src/hotspot/share/classfile/systemDictionary.cpp, line 230]
Event: 16.056 Thread 0x000002b00f3b6800 Exception <a 'java/lang/ClassNotFoundException'{0x000000070fd64b90}: org/springframework/web/servlet/mvc/method/annotation/RequestMappingHandlerAdapterCustomizer> (0x000000070fd64b90) thrown at [./src/hotspot/share/classfile/systemDictionary.cpp, line 230]
Event: 16.057 Thread 0x000002b00f3b6800 Exception <a 'java/lang/ClassNotFoundException'{0x000000070fda3320}: org/springframework/data/rest/webmvc/RepositoryRestHandlerAdapterCustomizer> (0x000000070fda3320) thrown at [./src/hotspot/share/classfile/systemDictionary.cpp, line 230]
Event: 16.058 Thread 0x000002b00f3b6800 Exception <a 'java/lang/ClassNotFoundException'{0x000000070fdf0868}: org/springframework/beans/factory/BeanFactoryAwareCustomizer> (0x000000070fdf0868) thrown at [./src/hotspot/share/classfile/systemDictionary.cpp, line 230]
Event: 16.059 Thread 0x000002b00f3b6800 Exception <a 'java/lang/ClassNotFoundException'{0x000000070fc09a08}: org/springframework/beans/factory/AwareCustomizer> (0x000000070fc09a08) thrown at [./src/hotspot/share/classfile/systemDictionary.cpp, line 230]
Event: 16.059 Thread 0x000002b00f3b6800 Exception <a 'java/lang/ClassNotFoundException'{0x000000070fc23cc8}: org/springframework/beans/factory/InitializingBeanCustomizer> (0x000000070fc23cc8) thrown at [./src/hotspot/share/classfile/systemDictionary.cpp, line 230]
Event: 16.060 Thread 0x000002b00f3b6800 Exception <a 'java/lang/ClassNotFoundException'{0x000000070fc3d760}: org/springframework/web/servlet/HandlerAdapterCustomizer> (0x000000070fc3d760) thrown at [./src/hotspot/share/classfile/systemDictionary.cpp, line 230]
Event: 16.060 Thread 0x000002b00f3b6800 Exception <a 'java/lang/ClassNotFoundException'{0x000000070fc55360}: org/springframework/core/OrderedCustomizer> (0x000000070fc55360) thrown at [./src/hotspot/share/classfile/systemDictionary.cpp, line 230]
Event: 16.061 Thread 0x000002b00f3b6800 Exception <a 'java/lang/ClassNotFoundException'{0x000000070fc702c8}: org/springframework/web/context/ServletContextAwareCustomizer> (0x000000070fc702c8) thrown at [./src/hotspot/share/classfile/systemDictionary.cpp, line 230]
Event: 16.061 Thread 0x000002b00f3b6800 Exception <a 'java/lang/ClassNotFoundException'{0x000000070fc88cf8}: org/springframework/beans/factory/AwareCustomizer> (0x000000070fc88cf8) thrown at [./src/hotspot/share/classfile/systemDictionary.cpp, line 230]
Event: 16.062 Thread 0x000002b00f3b6800 Exception <a 'java/lang/ClassNotFoundException'{0x000000070fca30d0}: org/springframework/context/ApplicationContextAwareCustomizer> (0x000000070fca30d0) thrown at [./src/hotspot/share/classfile/systemDictionary.cpp, line 230]
Event: 16.062 Thread 0x000002b00f3b6800 Exception <a 'java/lang/ClassNotFoundException'{0x000000070fcbbd88}: org/springframework/beans/factory/AwareCustomizer> (0x000000070fcbbd88) thrown at [./src/hotspot/share/classfile/systemDictionary.cpp, line 230]
Event: 16.080 Thread 0x000002b00f3b6800 Exception <a 'java/lang/OutOfMemoryError'{0x000000070fbd0650}> (0x000000070fbd0650) thrown at [./src/hotspot/share/prims/jni.cpp, line 638]
Event: 16.080 Thread 0x000002b00f3b6800 Exception <a 'java/lang/reflect/InvocationTargetException'{0x000000070fbd0bc8}> (0x000000070fbd0bc8) thrown at [./src/hotspot/share/runtime/reflection.cpp, line 1247]
Event: 16.083 Thread 0x000002b00f3b6800 Exception <a 'java/lang/NoSuchMethodError'{0x000000070fbf7fb0}: 'void java.lang.invoke.DirectMethodHandle$Holder.invokeVirtual(java.lang.Object, java.lang.Object)'> (0x000000070fbf7fb0) thrown at [./src/hotspot/share/interpreter/linkResolver.cpp, line 773]

Events (20 events):
Event: 16.079 loading class org/springframework/data/rest/webmvc/BasePathAwareHandlerMapping done
Event: 16.080 loading class org/springframework/beans/BeanInstantiationException
Event: 16.080 loading class org/springframework/beans/BeanInstantiationException done
Event: 16.081 Executing VM operation: RevokeBias
Event: 16.081 Executing VM operation: RevokeBias done
Event: 16.083 loading class org/springframework/data/redis/connection/lettuce/LettuceConnectionFactory$SharedConnection
Event: 16.083 loading class org/springframework/data/redis/connection/lettuce/LettuceConnectionFactory$SharedConnection done
Event: 16.084 loading class io/netty/channel/Channel
Event: 16.084 loading class io/netty/channel/Channel done
Event: 16.084 loading class io/netty/util/AttributeMap
Event: 16.084 loading class io/netty/util/AttributeMap done
Event: 16.084 loading class io/netty/channel/ChannelOutboundInvoker
Event: 16.084 loading class io/netty/channel/ChannelOutboundInvoker done
Event: 16.085 loading class io/netty/channel/group/ChannelMatchers
Event: 16.085 loading class io/netty/channel/group/ChannelMatchers done
Event: 16.085 loading class io/netty/channel/group/ChannelMatchers$1
Event: 16.085 loading class io/netty/channel/group/ChannelMatchers$1 done
Event: 16.085 loading class io/netty/channel/group/ChannelMatcher
Event: 16.085 loading class io/netty/channel/group/ChannelMatcher done
Event: 16.085 Executing VM operation: CollectForMetadataAllocation


Dynamic libraries:
0x00007ff64bff0000 - 0x00007ff64bffd000 	C:\Users\bbb26\.jdks\corretto-11.0.17\bin\java.exe
0x00007ffb1d3b0000 - 0x00007ffb1d5c4000 	C:\WINDOWS\SYSTEM32\ntdll.dll
0x00007ffb1c700000 - 0x00007ffb1c7c2000 	C:\WINDOWS\System32\KERNEL32.DLL
0x00007ffb1abe0000 - 0x00007ffb1af7c000 	C:\WINDOWS\System32\KERNELBASE.dll
0x00007ffb1aa40000 - 0x00007ffb1ab51000 	C:\WINDOWS\System32\ucrtbase.dll
0x00007ffaf9510000 - 0x00007ffaf9527000 	C:\Users\bbb26\.jdks\corretto-11.0.17\bin\jli.dll
0x00007ffaf94f0000 - 0x00007ffaf9509000 	C:\Users\bbb26\.jdks\corretto-11.0.17\bin\VCRUNTIME140.dll
0x00007ffb1b1b0000 - 0x00007ffb1b35a000 	C:\WINDOWS\System32\USER32.dll
0x00007ffb1a7e0000 - 0x00007ffb1a806000 	C:\WINDOWS\System32\win32u.dll
0x00007ffb199c0000 - 0x00007ffb19c4e000 	C:\WINDOWS\WinSxS\amd64_microsoft.windows.common-controls_6595b64144ccf1df_6.0.22621.608_none_a9444ca7c10bb01d\COMCTL32.dll
0x00007ffb1ccf0000 - 0x00007ffb1cd97000 	C:\WINDOWS\System32\msvcrt.dll
0x00007ffb1d1e0000 - 0x00007ffb1d209000 	C:\WINDOWS\System32\GDI32.dll
0x00007ffb1a920000 - 0x00007ffb1aa32000 	C:\WINDOWS\System32\gdi32full.dll
0x00007ffb1a810000 - 0x00007ffb1a8aa000 	C:\WINDOWS\System32\msvcp_win.dll
0x00007ffb1b460000 - 0x00007ffb1b491000 	C:\WINDOWS\System32\IMM32.DLL
0x00007ffaf9450000 - 0x00007ffaf94eb000 	C:\Users\bbb26\.jdks\corretto-11.0.17\bin\msvcp140.dll
0x00007ffa92460000 - 0x00007ffa92fe5000 	C:\Users\bbb26\.jdks\corretto-11.0.17\bin\server\jvm.dll
0x00007ffb1cbc0000 - 0x00007ffb1cc6e000 	C:\WINDOWS\System32\ADVAPI32.dll
0x00007ffb1cda0000 - 0x00007ffb1ce44000 	C:\WINDOWS\System32\sechost.dll
0x00007ffb1b720000 - 0x00007ffb1b835000 	C:\WINDOWS\System32\RPCRT4.dll
0x00007ffb1c8a0000 - 0x00007ffb1c8a8000 	C:\WINDOWS\System32\PSAPI.DLL
0x00007ffb13ad0000 - 0x00007ffb13b04000 	C:\WINDOWS\SYSTEM32\WINMM.dll
0x00007ffb01170000 - 0x00007ffb01179000 	C:\WINDOWS\SYSTEM32\WSOCK32.dll
0x00007ffb120d0000 - 0x00007ffb120da000 	C:\WINDOWS\SYSTEM32\VERSION.dll
0x00007ffb1cc70000 - 0x00007ffb1cce1000 	C:\WINDOWS\System32\WS2_32.dll
0x00007ffb18fc0000 - 0x00007ffb18fd8000 	C:\WINDOWS\SYSTEM32\kernel.appcore.dll
0x00007ffaf9440000 - 0x00007ffaf9450000 	C:\Users\bbb26\.jdks\corretto-11.0.17\bin\verify.dll
0x00007ffb1a070000 - 0x00007ffb1a29e000 	C:\WINDOWS\SYSTEM32\DBGHELP.DLL
0x00007ffb1ce50000 - 0x00007ffb1d1d9000 	C:\WINDOWS\System32\combase.dll
0x00007ffb1bcc0000 - 0x00007ffb1bd97000 	C:\WINDOWS\System32\OLEAUT32.dll
0x00007ffb19f10000 - 0x00007ffb19f42000 	C:\WINDOWS\SYSTEM32\dbgcore.DLL
0x00007ffb1ab60000 - 0x00007ffb1abdb000 	C:\WINDOWS\System32\bcryptPrimitives.dll
0x00007ffaf9410000 - 0x00007ffaf9438000 	C:\Users\bbb26\.jdks\corretto-11.0.17\bin\java.dll
0x00007ffaf9400000 - 0x00007ffaf940a000 	C:\Users\bbb26\.jdks\corretto-11.0.17\bin\jimage.dll
0x00007ffb060a0000 - 0x00007ffb060d8000 	C:\Users\bbb26\.jdks\corretto-11.0.17\bin\jdwp.dll
0x00007ffb15620000 - 0x00007ffb1562e000 	C:\Users\bbb26\.jdks\corretto-11.0.17\bin\instrument.dll
0x00007ffa9c410000 - 0x00007ffa9c428000 	C:\Users\bbb26\.jdks\corretto-11.0.17\bin\zip.dll
0x00007ffb1bda0000 - 0x00007ffb1c57d000 	C:\WINDOWS\System32\SHELL32.dll
0x00007ffb17e30000 - 0x00007ffb186e7000 	C:\WINDOWS\SYSTEM32\windows.storage.dll
0x00007ffb17cf0000 - 0x00007ffb17e2d000 	C:\WINDOWS\SYSTEM32\wintypes.dll
0x00007ffb1d270000 - 0x00007ffb1d361000 	C:\WINDOWS\System32\SHCORE.dll
0x00007ffb1b4a0000 - 0x00007ffb1b4fe000 	C:\WINDOWS\System32\shlwapi.dll
0x00007ffb1a710000 - 0x00007ffb1a731000 	C:\WINDOWS\SYSTEM32\profapi.dll
0x00007ffb14f60000 - 0x00007ffb14f6a000 	C:\Users\bbb26\.jdks\corretto-11.0.17\bin\dt_socket.dll
0x00007ffb19420000 - 0x00007ffb19489000 	C:\WINDOWS\system32\mswsock.dll
0x00007ffa9c3f0000 - 0x00007ffa9c409000 	C:\Users\bbb26\.jdks\corretto-11.0.17\bin\net.dll
0x00007ffb13b10000 - 0x00007ffb13c3f000 	C:\WINDOWS\SYSTEM32\WINHTTP.dll
0x00007ffa9c370000 - 0x00007ffa9c383000 	C:\Users\bbb26\.jdks\corretto-11.0.17\bin\nio.dll
0x00007ffb18b60000 - 0x00007ffb18c52000 	C:\WINDOWS\SYSTEM32\DNSAPI.dll
0x00007ffb18af0000 - 0x00007ffb18b1d000 	C:\WINDOWS\SYSTEM32\IPHLPAPI.DLL
0x00007ffb1ca70000 - 0x00007ffb1ca79000 	C:\WINDOWS\System32\NSI.dll
0x00007ffb11130000 - 0x00007ffb1113a000 	C:\Windows\System32\rasadhlp.dll
0x00007ffb12230000 - 0x00007ffb122b3000 	C:\WINDOWS\System32\fwpuclnt.dll
0x00007ffb15610000 - 0x00007ffb15619000 	C:\Users\bbb26\.jdks\corretto-11.0.17\bin\management.dll
0x00007ffb15520000 - 0x00007ffb1552b000 	C:\Users\bbb26\.jdks\corretto-11.0.17\bin\management_ext.dll
0x00007ffb1a390000 - 0x00007ffb1a3ab000 	C:\WINDOWS\SYSTEM32\CRYPTSP.dll
0x00007ffb19170000 - 0x00007ffb191a5000 	C:\WINDOWS\system32\rsaenh.dll
0x00007ffb19820000 - 0x00007ffb19848000 	C:\WINDOWS\SYSTEM32\USERENV.dll
0x00007ffb1a000000 - 0x00007ffb1a028000 	C:\WINDOWS\SYSTEM32\bcrypt.dll
0x00007ffb19850000 - 0x00007ffb1985c000 	C:\WINDOWS\SYSTEM32\CRYPTBASE.dll
0x00007ffb13ab0000 - 0x00007ffb13ac9000 	C:\WINDOWS\SYSTEM32\dhcpcsvc6.DLL
0x00007ffb13a90000 - 0x00007ffb13aaf000 	C:\WINDOWS\SYSTEM32\dhcpcsvc.DLL
0x00007ffafb640000 - 0x00007ffafb657000 	C:\WINDOWS\system32\napinsp.dll
0x00007ffafb620000 - 0x00007ffafb63b000 	C:\WINDOWS\system32\pnrpnsp.dll
0x00007ffafb600000 - 0x00007ffafb611000 	C:\WINDOWS\System32\winrnr.dll
0x00007ffafb5e0000 - 0x00007ffafb5f5000 	C:\WINDOWS\system32\wshbth.dll
0x00007ffafb4e0000 - 0x00007ffafb501000 	C:\WINDOWS\system32\nlansp_c.dll
0x00007ffb14af0000 - 0x00007ffb14afe000 	C:\Users\bbb26\.jdks\corretto-11.0.17\bin\sunmscapi.dll
0x00007ffb1b040000 - 0x00007ffb1b1a6000 	C:\WINDOWS\System32\CRYPT32.dll
0x00007ffb19990000 - 0x00007ffb199bd000 	C:\WINDOWS\SYSTEM32\ncrypt.dll
0x00007ffb19950000 - 0x00007ffb19987000 	C:\WINDOWS\SYSTEM32\NTASN1.dll
0x00007ffb06070000 - 0x00007ffb06095000 	C:\Users\bbb26\.jdks\corretto-11.0.17\bin\sunec.dll

dbghelp: loaded successfully - version: 4.0.5 - missing functions: none
symbol engine: initialized successfully - sym options: 0x614 - pdb path: .;C:\Users\bbb26\.jdks\corretto-11.0.17\bin;C:\WINDOWS\SYSTEM32;C:\WINDOWS\WinSxS\amd64_microsoft.windows.common-controls_6595b64144ccf1df_6.0.22621.608_none_a9444ca7c10bb01d;C:\Users\bbb26\.jdks\corretto-11.0.17\bin\server

VM Arguments:
jvm_args: -agentlib:jdwp=transport=dt_socket,address=127.0.0.1:58515,suspend=y,server=n -XX:TieredStopAtLevel=1 -Xverify:none -Dspring.output.ansi.enabled=always -Dcom.sun.management.jmxremote -Dspring.jmx.enabled=true -Dspring.liveBeansView.mbeanDomain -Dspring.application.admin.enabled=true -javaagent:C:\Users\bbb26\AppData\Local\JetBrains\IntelliJIdea2022.1\captureAgent\debugger-agent.jar=file:/C:/Users/bbb26/AppData/Local/Temp/capture5.props -Dfile.encoding=UTF-8 
java_command: com.example.doctorcare.DoctorCareApplication
java_class_path (initial): D:\Learn\Do An Tot Nghiep\Git\BookingCare\target\classes;C:\Users\bbb26\.m2\repository\org\springframework\boot\spring-boot-starter-data-jpa\2.7.6-SNAPSHOT\spring-boot-starter-data-jpa-2.7.6-20221026.055107-9.jar;C:\Users\bbb26\.m2\repository\org\springframework\boot\spring-boot-starter-jdbc\2.7.6-SNAPSHOT\spring-boot-starter-jdbc-2.7.6-20221026.055107-9.jar;C:\Users\bbb26\.m2\repository\com\zaxxer\HikariCP\4.0.3\HikariCP-4.0.3.jar;C:\Users\bbb26\.m2\repository\org\springframework\spring-jdbc\5.3.23\spring-jdbc-5.3.23.jar;C:\Users\bbb26\.m2\repository\jakarta\transaction\jakarta.transaction-api\1.3.3\jakarta.transaction-api-1.3.3.jar;C:\Users\bbb26\.m2\repository\jakarta\persistence\jakarta.persistence-api\2.2.3\jakarta.persistence-api-2.2.3.jar;C:\Users\bbb26\.m2\repository\org\hibernate\hibernate-core\5.6.12.Final\hibernate-core-5.6.12.Final.jar;C:\Users\bbb26\.m2\repository\org\jboss\logging\jboss-logging\3.4.3.Final\jboss-logging-3.4.3.Final.jar;C:\Users\bbb26\.m2\repository\net\bytebuddy\byte-buddy\1.12.18\byte-buddy-1.12.18.jar;C:\Users\bbb26\.m2\repository\antlr\antlr\2.7.7\antlr-2.7.7.jar;C:\Users\bbb26\.m2\repository\org\jboss\jandex\2.4.2.Final\jandex-2.4.2.Final.jar;C:\Users\bbb26\.m2\repository\com\fasterxml\classmate\1.5.1\classmate-1.5.1.jar;C:\Users\bbb26\.m2\repository\org\hibernate\common\hibernate-commons-annotations\5.1.2.Final\hibernate-commons-annotations-5.1.2.Final.jar;C:\Users\bbb26\.m2\repository\org\glassfish\jaxb\jaxb-runtime\2.3.7\jaxb-runtime-2.3.7.jar;C:\Users\bbb26\.m2\repository\org\glassfish\jaxb\txw2\2.3.7\txw2-2.3.7.jar;C:\Users\bbb26\.m2\repository\com\sun\istack\istack-commons-runtime\3.0.12\istack-commons-runtime-3.0.12.jar;C:\Users\bbb26\.m2\repository\org\springframework\data\spring-data-jpa\2.7.5\spring-data-jpa-2.7.5.jar;C:\Users\bbb26\.m2\repository\org\springframework\data\spring-data-commons\2.7.5\spring-data-commons-2.7.5.jar;C:\Users\bbb26\.m2\repository\org\springframework\spring-orm\5.3.23
Launcher Type: SUN_STANDARD

[Global flags]
     bool BytecodeVerificationLocal                = false                                     {product} {command line}
     bool BytecodeVerificationRemote               = false                                     {product} {command line}
     intx CICompilerCount                          = 4                                         {product} {ergonomic}
     uint ConcGCThreads                            = 2                                         {product} {ergonomic}
     uint G1ConcRefinementThreads                  = 8                                         {product} {ergonomic}
   size_t G1HeapRegionSize                         = 1048576                                   {product} {ergonomic}
    uintx GCDrainStackTargetSize                   = 64                                        {product} {ergonomic}
   size_t InitialHeapSize                          = 264241152                                 {product} {ergonomic}
     bool ManagementServer                         = true                                      {product} {command line}
   size_t MarkStackSize                            = 4194304                                   {product} {ergonomic}
   size_t MaxHeapSize                              = 4211081216                                {product} {ergonomic}
   size_t MaxNewSize                               = 2526019584                                {product} {ergonomic}
   size_t MinHeapDeltaBytes                        = 1048576                                   {product} {ergonomic}
    uintx NonNMethodCodeHeapSize                   = 7549744                                {pd product} {ergonomic}
    uintx NonProfiledCodeHeapSize                  = 244108496                              {pd product} {ergonomic}
    uintx ProfiledCodeHeapSize                     = 0                                      {pd product} {ergonomic}
    uintx ReservedCodeCacheSize                    = 251658240                              {pd product} {ergonomic}
     bool SegmentedCodeCache                       = true                                      {product} {ergonomic}
     intx TieredStopAtLevel                        = 1                                         {product} {command line}
     bool UseCompressedClassPointers               = true                                 {lp64_product} {ergonomic}
     bool UseCompressedOops                        = true                                 {lp64_product} {ergonomic}
     bool UseG1GC                                  = true                                      {product} {ergonomic}
     bool UseLargePagesIndividualAllocation        = false                                  {pd product} {ergonomic}

Logging:
Log output configuration:
 #0: stdout all=warning uptime,level,tags
 #1: stderr all=off uptime,level,tags

Environment Variables:
JAVA_HOME=C:\Program Files\Eclipse Adoptium\jdk-17.0.5.8-hotspot\
PATH=C:\Program Files\Eclipse Adoptium\jdk-17.0.5.8-hotspot\bin;C:\Python310\Scripts\;C:\Python310\;C:\Program Files\Common Files\Oracle\Java\javapath;C:\Program Files (x86)\Common Files\Oracle\Java\javapath;C:\Windows\system32;C:\Windows;C:\Windows\System32\Wbem;C:\Windows\System32\WindowsPowerShell\v1.0\;C:\Windows\System32\OpenSSH\;C:\Program Files\dotnet\;C:\Program Files\Java\jdk-17\bin;D:\Learn\Javafullstack\apache-maven-3.8.5\bin;C:\Program Files\PuTTY\;C:\Program Files (x86)\VietPN;C:\Program Files\Git\cmd;C:\Program Files (x86)\NVIDIA Corporation\PhysX\Common;C:\Program Files\NVIDIA Corporation\NVIDIA NvDLISR;C:\WINDOWS\system32;C:\WINDOWS;C:\WINDOWS\System32\Wbem;C:\WINDOWS\System32\WindowsPowerShell\v1.0\;C:\WINDOWS\System32\OpenSSH\;C:\ProgramData\chocolatey\bin;C:\Users\bbb26\AppData\Roaming\Python\Python310\Scripts;C:\Program Files (x86)\Yarn\bin\;C:\Users\bbb26\AppData\Roaming\nvm;C:\Program Files\nodejs;C:\Program Files\Amazon\AWSCLIV2\;C:\Program Files\nodejs\;C:\Users\bbb26\AppData\Local\Programs\Python\Python311\Scripts\;C:\Users\bbb26\AppData\Local\Programs\Python\Python311\;C:\Users\bbb26\AppData\Local\Microsoft\WindowsApps;D:\Learn\IntelliJ IDEA 2022.1.1\bin;;C:\Program Files\JetBrains\IntelliJ IDEA Community Edition 2022.1.1\bin;;C:\Users\bbb26\AppData\Local\GitHubDesktop\bin;C:\Program Files\heroku\bin;C:\Users\bbb26\AppData\Local\Programs\Microsoft VS Code\bin;C:\Users\bbb26\AppData\Local\Yarn\bin;C:\Users\bbb26\AppData\Roaming\nvm;C:\Program Files\nodejs;C:\Users\bbb26\AppData\Roaming\npm
USERNAME=bbb26
OS=Windows_NT
PROCESSOR_IDENTIFIER=AMD64 Family 23 Model 24 Stepping 1, AuthenticAMD
TMP=C:\Users\bbb26\AppData\Local\Temp
TEMP=C:\Users\bbb26\AppData\Local\Temp



---------------  S Y S T E M  ---------------

OS: Windows 11 , 64 bit Build 22621 (10.0.22621.608)
OS uptime: 0 days 3:32 hours

CPU:total 8 (initial active 8) (8 cores per cpu, 2 threads per core) family 23 model 24 stepping 1 microcode 0x0, cmov, cx8, fxsr, mmx, sse, sse2, sse3, ssse3, sse4.1, sse4.2, popcnt, avx, avx2, aes, clmul, mmxext, 3dnowpref, lzcnt, sse4a, ht, tsc, tscinvbit, tscinv, bmi1, bmi2, adx, sha, fma

Memory: 4k page, system-wide physical 16063M (3744M free)
TotalPageFile size 19063M (AvailPageFile size 0M)
current process WorkingSet (physical memory assigned to process): 431M, peak: 431M
current process commit charge ("private bytes"): 532M, peak: 533M

vm_info: OpenJDK 64-Bit Server VM (11.0.17+8-LTS) for windows-amd64 JRE (11.0.17+8-LTS), built on Oct 14 2022 18:02:01 by "Administrator" with MS VC++ 15.9 (VS2017)

END.
